{"asctime": "2025-11-16 17:42:05,485", "levelname": "ERROR", "name": "dineswift", "message": "Unhandled exception: all() takes exactly one argument (0 given)", "exc_info": "Traceback (most recent call last):\n  File \"C:\\Users\\User\\bsse_software_projects\\year_3\\year_3_mobilenetwork_computing\\local_server\\myenv_local\\Lib\\site-packages\\rest_framework\\views.py\", line 503, in dispatch\n    self.initial(request, *args, **kwargs)\n  File \"C:\\Users\\User\\bsse_software_projects\\year_3\\year_3_mobilenetwork_computing\\local_server\\myenv_local\\Lib\\site-packages\\rest_framework\\views.py\", line 421, in initial\n    self.check_permissions(request)\n  File \"C:\\Users\\User\\bsse_software_projects\\year_3\\year_3_mobilenetwork_computing\\local_server\\myenv_local\\Lib\\site-packages\\rest_framework\\views.py\", line 337, in check_permissions\n    for permission in self.get_permissions():\n                      ^^^^^^^^^^^^^^^^^^^^^^\n  File \"C:\\Users\\User\\bsse_software_projects\\year_3\\year_3_mobilenetwork_computing\\local_server\\myenv_local\\Lib\\site-packages\\rest_framework\\views.py\", line 284, in get_permissions\n    return [permission() for permission in self.permission_classes]\n            ^^^^^^^^^^^^\nTypeError: all() takes exactly one argument (0 given)"}
{"asctime": "2025-11-16 17:46:07,349", "levelname": "ERROR", "name": "dineswift", "message": "Unhandled exception: Error 11001 connecting to redis:6379. getaddrinfo failed.", "exc_info": "Traceback (most recent call last):\n  File \"C:\\Users\\User\\bsse_software_projects\\year_3\\year_3_mobilenetwork_computing\\local_server\\myenv_local\\Lib\\site-packages\\django_redis\\cache.py\", line 29, in _decorator\n    return method(self, *args, **kwargs)\n           ^^^^^^^^^^^^^^^^^^^^^^^^^^^^^\n  File \"C:\\Users\\User\\bsse_software_projects\\year_3\\year_3_mobilenetwork_computing\\local_server\\myenv_local\\Lib\\site-packages\\django_redis\\cache.py\", line 99, in _get\n    return self.client.get(key, default=default, version=version, client=client)\n           ^^^^^^^^^^^^^^^^^^^^^^^^^^^^^^^^^^^^^^^^^^^^^^^^^^^^^^^^^^^^^^^^^^^^^\n  File \"C:\\Users\\User\\bsse_software_projects\\year_3\\year_3_mobilenetwork_computing\\local_server\\myenv_local\\Lib\\site-packages\\django_redis\\client\\default.py\", line 300, in get\n    raise ConnectionInterrupted(connection=client) from e\ndjango_redis.exceptions.ConnectionInterrupted: Redis ConnectionError: Error 11001 connecting to redis:6379. getaddrinfo failed.\n\nDuring handling of the above exception, another exception occurred:\n\nTraceback (most recent call last):\n  File \"C:\\Users\\User\\bsse_software_projects\\year_3\\year_3_mobilenetwork_computing\\local_server\\myenv_local\\Lib\\site-packages\\rest_framework\\views.py\", line 503, in dispatch\n    self.initial(request, *args, **kwargs)\n  File \"C:\\Users\\User\\bsse_software_projects\\year_3\\year_3_mobilenetwork_computing\\local_server\\myenv_local\\Lib\\site-packages\\rest_framework\\views.py\", line 422, in initial\n    self.check_throttles(request)\n  File \"C:\\Users\\User\\bsse_software_projects\\year_3\\year_3_mobilenetwork_computing\\local_server\\myenv_local\\Lib\\site-packages\\rest_framework\\views.py\", line 365, in check_throttles\n    if not throttle.allow_request(request, self):\n           ^^^^^^^^^^^^^^^^^^^^^^^^^^^^^^^^^^^^^\n  File \"C:\\Users\\User\\bsse_software_projects\\year_3\\year_3_mobilenetwork_computing\\local_server\\myenv_local\\Lib\\site-packages\\rest_framework\\throttling.py\", line 123, in allow_request\n    self.history = self.cache.get(self.key, [])\n                   ^^^^^^^^^^^^^^^^^^^^^^^^^^^^\n  File \"C:\\Users\\User\\bsse_software_projects\\year_3\\year_3_mobilenetwork_computing\\local_server\\myenv_local\\Lib\\site-packages\\django_redis\\cache.py\", line 92, in get\n    value = self._get(key, default, version, client)\n            ^^^^^^^^^^^^^^^^^^^^^^^^^^^^^^^^^^^^^^^^\n  File \"C:\\Users\\User\\bsse_software_projects\\year_3\\year_3_mobilenetwork_computing\\local_server\\myenv_local\\Lib\\site-packages\\django_redis\\cache.py\", line 36, in _decorator\n    raise e.__cause__  # noqa: B904\n    ^^^^^^^^^^^^^^^^^\n  File \"C:\\Users\\User\\bsse_software_projects\\year_3\\year_3_mobilenetwork_computing\\local_server\\myenv_local\\Lib\\site-packages\\django_redis\\client\\default.py\", line 298, in get\n    value = client.get(key)\n            ^^^^^^^^^^^^^^^\n  File \"C:\\Users\\User\\bsse_software_projects\\year_3\\year_3_mobilenetwork_computing\\local_server\\myenv_local\\Lib\\site-packages\\redis\\commands\\core.py\", line 1834, in get\n    return self.execute_command(\"GET\", name, keys=[name])\n           ^^^^^^^^^^^^^^^^^^^^^^^^^^^^^^^^^^^^^^^^^^^^^^\n  File \"C:\\Users\\User\\bsse_software_projects\\year_3\\year_3_mobilenetwork_computing\\local_server\\myenv_local\\Lib\\site-packages\\redis\\client.py\", line 657, in execute_command\n    return self._execute_command(*args, **options)\n           ^^^^^^^^^^^^^^^^^^^^^^^^^^^^^^^^^^^^^^^\n  File \"C:\\Users\\User\\bsse_software_projects\\year_3\\year_3_mobilenetwork_computing\\local_server\\myenv_local\\Lib\\site-packages\\redis\\client.py\", line 663, in _execute_command\n    conn = self.connection or pool.get_connection()\n                              ^^^^^^^^^^^^^^^^^^^^^\n  File \"C:\\Users\\User\\bsse_software_projects\\year_3\\year_3_mobilenetwork_computing\\local_server\\myenv_local\\Lib\\site-packages\\redis\\utils.py\", line 196, in wrapper\n    return func(*args, **kwargs)\n           ^^^^^^^^^^^^^^^^^^^^^\n  File \"C:\\Users\\User\\bsse_software_projects\\year_3\\year_3_mobilenetwork_computing\\local_server\\myenv_local\\Lib\\site-packages\\redis\\connection.py\", line 2601, in get_connection\n    connection.connect()\n  File \"C:\\Users\\User\\bsse_software_projects\\year_3\\year_3_mobilenetwork_computing\\local_server\\myenv_local\\Lib\\site-packages\\redis\\connection.py\", line 846, in connect\n    self.connect_check_health(check_health=True)\n  File \"C:\\Users\\User\\bsse_software_projects\\year_3\\year_3_mobilenetwork_computing\\local_server\\myenv_local\\Lib\\site-packages\\redis\\connection.py\", line 863, in connect_check_health\n    raise ConnectionError(self._error_message(e))\nredis.exceptions.ConnectionError: Error 11001 connecting to redis:6379. getaddrinfo failed."}
{"asctime": "2025-11-16 17:46:13,267", "levelname": "ERROR", "name": "dineswift", "message": "Unhandled exception: Error 11001 connecting to redis:6379. getaddrinfo failed.", "exc_info": "Traceback (most recent call last):\n  File \"C:\\Users\\User\\bsse_software_projects\\year_3\\year_3_mobilenetwork_computing\\local_server\\myenv_local\\Lib\\site-packages\\django_redis\\cache.py\", line 29, in _decorator\n    return method(self, *args, **kwargs)\n           ^^^^^^^^^^^^^^^^^^^^^^^^^^^^^\n  File \"C:\\Users\\User\\bsse_software_projects\\year_3\\year_3_mobilenetwork_computing\\local_server\\myenv_local\\Lib\\site-packages\\django_redis\\cache.py\", line 99, in _get\n    return self.client.get(key, default=default, version=version, client=client)\n           ^^^^^^^^^^^^^^^^^^^^^^^^^^^^^^^^^^^^^^^^^^^^^^^^^^^^^^^^^^^^^^^^^^^^^\n  File \"C:\\Users\\User\\bsse_software_projects\\year_3\\year_3_mobilenetwork_computing\\local_server\\myenv_local\\Lib\\site-packages\\django_redis\\client\\default.py\", line 300, in get\n    raise ConnectionInterrupted(connection=client) from e\ndjango_redis.exceptions.ConnectionInterrupted: Redis ConnectionError: Error 11001 connecting to redis:6379. getaddrinfo failed.\n\nDuring handling of the above exception, another exception occurred:\n\nTraceback (most recent call last):\n  File \"C:\\Users\\User\\bsse_software_projects\\year_3\\year_3_mobilenetwork_computing\\local_server\\myenv_local\\Lib\\site-packages\\rest_framework\\views.py\", line 503, in dispatch\n    self.initial(request, *args, **kwargs)\n  File \"C:\\Users\\User\\bsse_software_projects\\year_3\\year_3_mobilenetwork_computing\\local_server\\myenv_local\\Lib\\site-packages\\rest_framework\\views.py\", line 422, in initial\n    self.check_throttles(request)\n  File \"C:\\Users\\User\\bsse_software_projects\\year_3\\year_3_mobilenetwork_computing\\local_server\\myenv_local\\Lib\\site-packages\\rest_framework\\views.py\", line 365, in check_throttles\n    if not throttle.allow_request(request, self):\n           ^^^^^^^^^^^^^^^^^^^^^^^^^^^^^^^^^^^^^\n  File \"C:\\Users\\User\\bsse_software_projects\\year_3\\year_3_mobilenetwork_computing\\local_server\\myenv_local\\Lib\\site-packages\\rest_framework\\throttling.py\", line 123, in allow_request\n    self.history = self.cache.get(self.key, [])\n                   ^^^^^^^^^^^^^^^^^^^^^^^^^^^^\n  File \"C:\\Users\\User\\bsse_software_projects\\year_3\\year_3_mobilenetwork_computing\\local_server\\myenv_local\\Lib\\site-packages\\django_redis\\cache.py\", line 92, in get\n    value = self._get(key, default, version, client)\n            ^^^^^^^^^^^^^^^^^^^^^^^^^^^^^^^^^^^^^^^^\n  File \"C:\\Users\\User\\bsse_software_projects\\year_3\\year_3_mobilenetwork_computing\\local_server\\myenv_local\\Lib\\site-packages\\django_redis\\cache.py\", line 36, in _decorator\n    raise e.__cause__  # noqa: B904\n    ^^^^^^^^^^^^^^^^^\n  File \"C:\\Users\\User\\bsse_software_projects\\year_3\\year_3_mobilenetwork_computing\\local_server\\myenv_local\\Lib\\site-packages\\django_redis\\client\\default.py\", line 298, in get\n    value = client.get(key)\n            ^^^^^^^^^^^^^^^\n  File \"C:\\Users\\User\\bsse_software_projects\\year_3\\year_3_mobilenetwork_computing\\local_server\\myenv_local\\Lib\\site-packages\\redis\\commands\\core.py\", line 1834, in get\n    return self.execute_command(\"GET\", name, keys=[name])\n           ^^^^^^^^^^^^^^^^^^^^^^^^^^^^^^^^^^^^^^^^^^^^^^\n  File \"C:\\Users\\User\\bsse_software_projects\\year_3\\year_3_mobilenetwork_computing\\local_server\\myenv_local\\Lib\\site-packages\\redis\\client.py\", line 657, in execute_command\n    return self._execute_command(*args, **options)\n           ^^^^^^^^^^^^^^^^^^^^^^^^^^^^^^^^^^^^^^^\n  File \"C:\\Users\\User\\bsse_software_projects\\year_3\\year_3_mobilenetwork_computing\\local_server\\myenv_local\\Lib\\site-packages\\redis\\client.py\", line 663, in _execute_command\n    conn = self.connection or pool.get_connection()\n                              ^^^^^^^^^^^^^^^^^^^^^\n  File \"C:\\Users\\User\\bsse_software_projects\\year_3\\year_3_mobilenetwork_computing\\local_server\\myenv_local\\Lib\\site-packages\\redis\\utils.py\", line 196, in wrapper\n    return func(*args, **kwargs)\n           ^^^^^^^^^^^^^^^^^^^^^\n  File \"C:\\Users\\User\\bsse_software_projects\\year_3\\year_3_mobilenetwork_computing\\local_server\\myenv_local\\Lib\\site-packages\\redis\\connection.py\", line 2601, in get_connection\n    connection.connect()\n  File \"C:\\Users\\User\\bsse_software_projects\\year_3\\year_3_mobilenetwork_computing\\local_server\\myenv_local\\Lib\\site-packages\\redis\\connection.py\", line 846, in connect\n    self.connect_check_health(check_health=True)\n  File \"C:\\Users\\User\\bsse_software_projects\\year_3\\year_3_mobilenetwork_computing\\local_server\\myenv_local\\Lib\\site-packages\\redis\\connection.py\", line 863, in connect_check_health\n    raise ConnectionError(self._error_message(e))\nredis.exceptions.ConnectionError: Error 11001 connecting to redis:6379. getaddrinfo failed."}
{"asctime": "2025-11-16 17:48:29,969", "levelname": "ERROR", "name": "dineswift", "message": "Unhandled exception: Error 11001 connecting to redis:6379. getaddrinfo failed.", "exc_info": "Traceback (most recent call last):\n  File \"C:\\Users\\User\\bsse_software_projects\\year_3\\year_3_mobilenetwork_computing\\local_server\\myenv_local\\Lib\\site-packages\\django_redis\\cache.py\", line 29, in _decorator\n    return method(self, *args, **kwargs)\n           ^^^^^^^^^^^^^^^^^^^^^^^^^^^^^\n  File \"C:\\Users\\User\\bsse_software_projects\\year_3\\year_3_mobilenetwork_computing\\local_server\\myenv_local\\Lib\\site-packages\\django_redis\\cache.py\", line 99, in _get\n    return self.client.get(key, default=default, version=version, client=client)\n           ^^^^^^^^^^^^^^^^^^^^^^^^^^^^^^^^^^^^^^^^^^^^^^^^^^^^^^^^^^^^^^^^^^^^^\n  File \"C:\\Users\\User\\bsse_software_projects\\year_3\\year_3_mobilenetwork_computing\\local_server\\myenv_local\\Lib\\site-packages\\django_redis\\client\\default.py\", line 300, in get\n    raise ConnectionInterrupted(connection=client) from e\ndjango_redis.exceptions.ConnectionInterrupted: Redis ConnectionError: Error 11001 connecting to redis:6379. getaddrinfo failed.\n\nDuring handling of the above exception, another exception occurred:\n\nTraceback (most recent call last):\n  File \"C:\\Users\\User\\bsse_software_projects\\year_3\\year_3_mobilenetwork_computing\\local_server\\myenv_local\\Lib\\site-packages\\rest_framework\\views.py\", line 503, in dispatch\n    self.initial(request, *args, **kwargs)\n  File \"C:\\Users\\User\\bsse_software_projects\\year_3\\year_3_mobilenetwork_computing\\local_server\\myenv_local\\Lib\\site-packages\\rest_framework\\views.py\", line 422, in initial\n    self.check_throttles(request)\n  File \"C:\\Users\\User\\bsse_software_projects\\year_3\\year_3_mobilenetwork_computing\\local_server\\myenv_local\\Lib\\site-packages\\rest_framework\\views.py\", line 365, in check_throttles\n    if not throttle.allow_request(request, self):\n           ^^^^^^^^^^^^^^^^^^^^^^^^^^^^^^^^^^^^^\n  File \"C:\\Users\\User\\bsse_software_projects\\year_3\\year_3_mobilenetwork_computing\\local_server\\myenv_local\\Lib\\site-packages\\rest_framework\\throttling.py\", line 123, in allow_request\n    self.history = self.cache.get(self.key, [])\n                   ^^^^^^^^^^^^^^^^^^^^^^^^^^^^\n  File \"C:\\Users\\User\\bsse_software_projects\\year_3\\year_3_mobilenetwork_computing\\local_server\\myenv_local\\Lib\\site-packages\\django_redis\\cache.py\", line 92, in get\n    value = self._get(key, default, version, client)\n            ^^^^^^^^^^^^^^^^^^^^^^^^^^^^^^^^^^^^^^^^\n  File \"C:\\Users\\User\\bsse_software_projects\\year_3\\year_3_mobilenetwork_computing\\local_server\\myenv_local\\Lib\\site-packages\\django_redis\\cache.py\", line 36, in _decorator\n    raise e.__cause__  # noqa: B904\n    ^^^^^^^^^^^^^^^^^\n  File \"C:\\Users\\User\\bsse_software_projects\\year_3\\year_3_mobilenetwork_computing\\local_server\\myenv_local\\Lib\\site-packages\\django_redis\\client\\default.py\", line 298, in get\n    value = client.get(key)\n            ^^^^^^^^^^^^^^^\n  File \"C:\\Users\\User\\bsse_software_projects\\year_3\\year_3_mobilenetwork_computing\\local_server\\myenv_local\\Lib\\site-packages\\redis\\commands\\core.py\", line 1834, in get\n    return self.execute_command(\"GET\", name, keys=[name])\n           ^^^^^^^^^^^^^^^^^^^^^^^^^^^^^^^^^^^^^^^^^^^^^^\n  File \"C:\\Users\\User\\bsse_software_projects\\year_3\\year_3_mobilenetwork_computing\\local_server\\myenv_local\\Lib\\site-packages\\redis\\client.py\", line 657, in execute_command\n    return self._execute_command(*args, **options)\n           ^^^^^^^^^^^^^^^^^^^^^^^^^^^^^^^^^^^^^^^\n  File \"C:\\Users\\User\\bsse_software_projects\\year_3\\year_3_mobilenetwork_computing\\local_server\\myenv_local\\Lib\\site-packages\\redis\\client.py\", line 663, in _execute_command\n    conn = self.connection or pool.get_connection()\n                              ^^^^^^^^^^^^^^^^^^^^^\n  File \"C:\\Users\\User\\bsse_software_projects\\year_3\\year_3_mobilenetwork_computing\\local_server\\myenv_local\\Lib\\site-packages\\redis\\utils.py\", line 196, in wrapper\n    return func(*args, **kwargs)\n           ^^^^^^^^^^^^^^^^^^^^^\n  File \"C:\\Users\\User\\bsse_software_projects\\year_3\\year_3_mobilenetwork_computing\\local_server\\myenv_local\\Lib\\site-packages\\redis\\connection.py\", line 2601, in get_connection\n    connection.connect()\n  File \"C:\\Users\\User\\bsse_software_projects\\year_3\\year_3_mobilenetwork_computing\\local_server\\myenv_local\\Lib\\site-packages\\redis\\connection.py\", line 846, in connect\n    self.connect_check_health(check_health=True)\n  File \"C:\\Users\\User\\bsse_software_projects\\year_3\\year_3_mobilenetwork_computing\\local_server\\myenv_local\\Lib\\site-packages\\redis\\connection.py\", line 863, in connect_check_health\n    raise ConnectionError(self._error_message(e))\nredis.exceptions.ConnectionError: Error 11001 connecting to redis:6379. getaddrinfo failed."}
{"asctime": "2025-11-16 18:02:53,345", "levelname": "ERROR", "name": "dineswift", "message": "Unhandled exception: Error 11001 connecting to redis:6379. getaddrinfo failed.", "exc_info": "Traceback (most recent call last):\n  File \"C:\\Users\\User\\bsse_software_projects\\year_3\\year_3_mobilenetwork_computing\\local_server\\myenv_local\\Lib\\site-packages\\django_redis\\cache.py\", line 29, in _decorator\n    return method(self, *args, **kwargs)\n           ^^^^^^^^^^^^^^^^^^^^^^^^^^^^^\n  File \"C:\\Users\\User\\bsse_software_projects\\year_3\\year_3_mobilenetwork_computing\\local_server\\myenv_local\\Lib\\site-packages\\django_redis\\cache.py\", line 99, in _get\n    return self.client.get(key, default=default, version=version, client=client)\n           ^^^^^^^^^^^^^^^^^^^^^^^^^^^^^^^^^^^^^^^^^^^^^^^^^^^^^^^^^^^^^^^^^^^^^\n  File \"C:\\Users\\User\\bsse_software_projects\\year_3\\year_3_mobilenetwork_computing\\local_server\\myenv_local\\Lib\\site-packages\\django_redis\\client\\default.py\", line 300, in get\n    raise ConnectionInterrupted(connection=client) from e\ndjango_redis.exceptions.ConnectionInterrupted: Redis ConnectionError: Error 11001 connecting to redis:6379. getaddrinfo failed.\n\nDuring handling of the above exception, another exception occurred:\n\nTraceback (most recent call last):\n  File \"C:\\Users\\User\\bsse_software_projects\\year_3\\year_3_mobilenetwork_computing\\local_server\\myenv_local\\Lib\\site-packages\\rest_framework\\views.py\", line 503, in dispatch\n    self.initial(request, *args, **kwargs)\n  File \"C:\\Users\\User\\bsse_software_projects\\year_3\\year_3_mobilenetwork_computing\\local_server\\myenv_local\\Lib\\site-packages\\rest_framework\\views.py\", line 422, in initial\n    self.check_throttles(request)\n  File \"C:\\Users\\User\\bsse_software_projects\\year_3\\year_3_mobilenetwork_computing\\local_server\\myenv_local\\Lib\\site-packages\\rest_framework\\views.py\", line 365, in check_throttles\n    if not throttle.allow_request(request, self):\n           ^^^^^^^^^^^^^^^^^^^^^^^^^^^^^^^^^^^^^\n  File \"C:\\Users\\User\\bsse_software_projects\\year_3\\year_3_mobilenetwork_computing\\local_server\\myenv_local\\Lib\\site-packages\\rest_framework\\throttling.py\", line 123, in allow_request\n    self.history = self.cache.get(self.key, [])\n                   ^^^^^^^^^^^^^^^^^^^^^^^^^^^^\n  File \"C:\\Users\\User\\bsse_software_projects\\year_3\\year_3_mobilenetwork_computing\\local_server\\myenv_local\\Lib\\site-packages\\django_redis\\cache.py\", line 92, in get\n    value = self._get(key, default, version, client)\n            ^^^^^^^^^^^^^^^^^^^^^^^^^^^^^^^^^^^^^^^^\n  File \"C:\\Users\\User\\bsse_software_projects\\year_3\\year_3_mobilenetwork_computing\\local_server\\myenv_local\\Lib\\site-packages\\django_redis\\cache.py\", line 36, in _decorator\n    raise e.__cause__  # noqa: B904\n    ^^^^^^^^^^^^^^^^^\n  File \"C:\\Users\\User\\bsse_software_projects\\year_3\\year_3_mobilenetwork_computing\\local_server\\myenv_local\\Lib\\site-packages\\django_redis\\client\\default.py\", line 298, in get\n    value = client.get(key)\n            ^^^^^^^^^^^^^^^\n  File \"C:\\Users\\User\\bsse_software_projects\\year_3\\year_3_mobilenetwork_computing\\local_server\\myenv_local\\Lib\\site-packages\\redis\\commands\\core.py\", line 1834, in get\n    return self.execute_command(\"GET\", name, keys=[name])\n           ^^^^^^^^^^^^^^^^^^^^^^^^^^^^^^^^^^^^^^^^^^^^^^\n  File \"C:\\Users\\User\\bsse_software_projects\\year_3\\year_3_mobilenetwork_computing\\local_server\\myenv_local\\Lib\\site-packages\\redis\\client.py\", line 657, in execute_command\n    return self._execute_command(*args, **options)\n           ^^^^^^^^^^^^^^^^^^^^^^^^^^^^^^^^^^^^^^^\n  File \"C:\\Users\\User\\bsse_software_projects\\year_3\\year_3_mobilenetwork_computing\\local_server\\myenv_local\\Lib\\site-packages\\redis\\client.py\", line 663, in _execute_command\n    conn = self.connection or pool.get_connection()\n                              ^^^^^^^^^^^^^^^^^^^^^\n  File \"C:\\Users\\User\\bsse_software_projects\\year_3\\year_3_mobilenetwork_computing\\local_server\\myenv_local\\Lib\\site-packages\\redis\\utils.py\", line 196, in wrapper\n    return func(*args, **kwargs)\n           ^^^^^^^^^^^^^^^^^^^^^\n  File \"C:\\Users\\User\\bsse_software_projects\\year_3\\year_3_mobilenetwork_computing\\local_server\\myenv_local\\Lib\\site-packages\\redis\\connection.py\", line 2601, in get_connection\n    connection.connect()\n  File \"C:\\Users\\User\\bsse_software_projects\\year_3\\year_3_mobilenetwork_computing\\local_server\\myenv_local\\Lib\\site-packages\\redis\\connection.py\", line 846, in connect\n    self.connect_check_health(check_health=True)\n  File \"C:\\Users\\User\\bsse_software_projects\\year_3\\year_3_mobilenetwork_computing\\local_server\\myenv_local\\Lib\\site-packages\\redis\\connection.py\", line 863, in connect_check_health\n    raise ConnectionError(self._error_message(e))\nredis.exceptions.ConnectionError: Error 11001 connecting to redis:6379. getaddrinfo failed."}
{"asctime": "2025-11-16 18:03:03,810", "levelname": "ERROR", "name": "dineswift", "message": "Unhandled exception: Error 11001 connecting to redis:6379. getaddrinfo failed.", "exc_info": "Traceback (most recent call last):\n  File \"C:\\Users\\User\\bsse_software_projects\\year_3\\year_3_mobilenetwork_computing\\local_server\\myenv_local\\Lib\\site-packages\\django_redis\\cache.py\", line 29, in _decorator\n    return method(self, *args, **kwargs)\n           ^^^^^^^^^^^^^^^^^^^^^^^^^^^^^\n  File \"C:\\Users\\User\\bsse_software_projects\\year_3\\year_3_mobilenetwork_computing\\local_server\\myenv_local\\Lib\\site-packages\\django_redis\\cache.py\", line 99, in _get\n    return self.client.get(key, default=default, version=version, client=client)\n           ^^^^^^^^^^^^^^^^^^^^^^^^^^^^^^^^^^^^^^^^^^^^^^^^^^^^^^^^^^^^^^^^^^^^^\n  File \"C:\\Users\\User\\bsse_software_projects\\year_3\\year_3_mobilenetwork_computing\\local_server\\myenv_local\\Lib\\site-packages\\django_redis\\client\\default.py\", line 300, in get\n    raise ConnectionInterrupted(connection=client) from e\ndjango_redis.exceptions.ConnectionInterrupted: Redis ConnectionError: Error 11001 connecting to redis:6379. getaddrinfo failed.\n\nDuring handling of the above exception, another exception occurred:\n\nTraceback (most recent call last):\n  File \"C:\\Users\\User\\bsse_software_projects\\year_3\\year_3_mobilenetwork_computing\\local_server\\myenv_local\\Lib\\site-packages\\rest_framework\\views.py\", line 503, in dispatch\n    self.initial(request, *args, **kwargs)\n  File \"C:\\Users\\User\\bsse_software_projects\\year_3\\year_3_mobilenetwork_computing\\local_server\\myenv_local\\Lib\\site-packages\\rest_framework\\views.py\", line 422, in initial\n    self.check_throttles(request)\n  File \"C:\\Users\\User\\bsse_software_projects\\year_3\\year_3_mobilenetwork_computing\\local_server\\myenv_local\\Lib\\site-packages\\rest_framework\\views.py\", line 365, in check_throttles\n    if not throttle.allow_request(request, self):\n           ^^^^^^^^^^^^^^^^^^^^^^^^^^^^^^^^^^^^^\n  File \"C:\\Users\\User\\bsse_software_projects\\year_3\\year_3_mobilenetwork_computing\\local_server\\myenv_local\\Lib\\site-packages\\rest_framework\\throttling.py\", line 123, in allow_request\n    self.history = self.cache.get(self.key, [])\n                   ^^^^^^^^^^^^^^^^^^^^^^^^^^^^\n  File \"C:\\Users\\User\\bsse_software_projects\\year_3\\year_3_mobilenetwork_computing\\local_server\\myenv_local\\Lib\\site-packages\\django_redis\\cache.py\", line 92, in get\n    value = self._get(key, default, version, client)\n            ^^^^^^^^^^^^^^^^^^^^^^^^^^^^^^^^^^^^^^^^\n  File \"C:\\Users\\User\\bsse_software_projects\\year_3\\year_3_mobilenetwork_computing\\local_server\\myenv_local\\Lib\\site-packages\\django_redis\\cache.py\", line 36, in _decorator\n    raise e.__cause__  # noqa: B904\n    ^^^^^^^^^^^^^^^^^\n  File \"C:\\Users\\User\\bsse_software_projects\\year_3\\year_3_mobilenetwork_computing\\local_server\\myenv_local\\Lib\\site-packages\\django_redis\\client\\default.py\", line 298, in get\n    value = client.get(key)\n            ^^^^^^^^^^^^^^^\n  File \"C:\\Users\\User\\bsse_software_projects\\year_3\\year_3_mobilenetwork_computing\\local_server\\myenv_local\\Lib\\site-packages\\redis\\commands\\core.py\", line 1834, in get\n    return self.execute_command(\"GET\", name, keys=[name])\n           ^^^^^^^^^^^^^^^^^^^^^^^^^^^^^^^^^^^^^^^^^^^^^^\n  File \"C:\\Users\\User\\bsse_software_projects\\year_3\\year_3_mobilenetwork_computing\\local_server\\myenv_local\\Lib\\site-packages\\redis\\client.py\", line 657, in execute_command\n    return self._execute_command(*args, **options)\n           ^^^^^^^^^^^^^^^^^^^^^^^^^^^^^^^^^^^^^^^\n  File \"C:\\Users\\User\\bsse_software_projects\\year_3\\year_3_mobilenetwork_computing\\local_server\\myenv_local\\Lib\\site-packages\\redis\\client.py\", line 663, in _execute_command\n    conn = self.connection or pool.get_connection()\n                              ^^^^^^^^^^^^^^^^^^^^^\n  File \"C:\\Users\\User\\bsse_software_projects\\year_3\\year_3_mobilenetwork_computing\\local_server\\myenv_local\\Lib\\site-packages\\redis\\utils.py\", line 196, in wrapper\n    return func(*args, **kwargs)\n           ^^^^^^^^^^^^^^^^^^^^^\n  File \"C:\\Users\\User\\bsse_software_projects\\year_3\\year_3_mobilenetwork_computing\\local_server\\myenv_local\\Lib\\site-packages\\redis\\connection.py\", line 2601, in get_connection\n    connection.connect()\n  File \"C:\\Users\\User\\bsse_software_projects\\year_3\\year_3_mobilenetwork_computing\\local_server\\myenv_local\\Lib\\site-packages\\redis\\connection.py\", line 846, in connect\n    self.connect_check_health(check_health=True)\n  File \"C:\\Users\\User\\bsse_software_projects\\year_3\\year_3_mobilenetwork_computing\\local_server\\myenv_local\\Lib\\site-packages\\redis\\connection.py\", line 863, in connect_check_health\n    raise ConnectionError(self._error_message(e))\nredis.exceptions.ConnectionError: Error 11001 connecting to redis:6379. getaddrinfo failed."}
{"asctime": "2025-11-16 18:04:43,829", "levelname": "ERROR", "name": "dineswift", "message": "Unhandled exception: Error 11001 connecting to redis:6379. getaddrinfo failed.", "exc_info": "Traceback (most recent call last):\n  File \"C:\\Users\\User\\bsse_software_projects\\year_3\\year_3_mobilenetwork_computing\\local_server\\myenv_local\\Lib\\site-packages\\django_redis\\cache.py\", line 29, in _decorator\n    return method(self, *args, **kwargs)\n           ^^^^^^^^^^^^^^^^^^^^^^^^^^^^^\n  File \"C:\\Users\\User\\bsse_software_projects\\year_3\\year_3_mobilenetwork_computing\\local_server\\myenv_local\\Lib\\site-packages\\django_redis\\cache.py\", line 99, in _get\n    return self.client.get(key, default=default, version=version, client=client)\n           ^^^^^^^^^^^^^^^^^^^^^^^^^^^^^^^^^^^^^^^^^^^^^^^^^^^^^^^^^^^^^^^^^^^^^\n  File \"C:\\Users\\User\\bsse_software_projects\\year_3\\year_3_mobilenetwork_computing\\local_server\\myenv_local\\Lib\\site-packages\\django_redis\\client\\default.py\", line 300, in get\n    raise ConnectionInterrupted(connection=client) from e\ndjango_redis.exceptions.ConnectionInterrupted: Redis ConnectionError: Error 11001 connecting to redis:6379. getaddrinfo failed.\n\nDuring handling of the above exception, another exception occurred:\n\nTraceback (most recent call last):\n  File \"C:\\Users\\User\\bsse_software_projects\\year_3\\year_3_mobilenetwork_computing\\local_server\\myenv_local\\Lib\\site-packages\\rest_framework\\views.py\", line 503, in dispatch\n    self.initial(request, *args, **kwargs)\n  File \"C:\\Users\\User\\bsse_software_projects\\year_3\\year_3_mobilenetwork_computing\\local_server\\myenv_local\\Lib\\site-packages\\rest_framework\\views.py\", line 422, in initial\n    self.check_throttles(request)\n  File \"C:\\Users\\User\\bsse_software_projects\\year_3\\year_3_mobilenetwork_computing\\local_server\\myenv_local\\Lib\\site-packages\\rest_framework\\views.py\", line 365, in check_throttles\n    if not throttle.allow_request(request, self):\n           ^^^^^^^^^^^^^^^^^^^^^^^^^^^^^^^^^^^^^\n  File \"C:\\Users\\User\\bsse_software_projects\\year_3\\year_3_mobilenetwork_computing\\local_server\\myenv_local\\Lib\\site-packages\\rest_framework\\throttling.py\", line 123, in allow_request\n    self.history = self.cache.get(self.key, [])\n                   ^^^^^^^^^^^^^^^^^^^^^^^^^^^^\n  File \"C:\\Users\\User\\bsse_software_projects\\year_3\\year_3_mobilenetwork_computing\\local_server\\myenv_local\\Lib\\site-packages\\django_redis\\cache.py\", line 92, in get\n    value = self._get(key, default, version, client)\n            ^^^^^^^^^^^^^^^^^^^^^^^^^^^^^^^^^^^^^^^^\n  File \"C:\\Users\\User\\bsse_software_projects\\year_3\\year_3_mobilenetwork_computing\\local_server\\myenv_local\\Lib\\site-packages\\django_redis\\cache.py\", line 36, in _decorator\n    raise e.__cause__  # noqa: B904\n    ^^^^^^^^^^^^^^^^^\n  File \"C:\\Users\\User\\bsse_software_projects\\year_3\\year_3_mobilenetwork_computing\\local_server\\myenv_local\\Lib\\site-packages\\django_redis\\client\\default.py\", line 298, in get\n    value = client.get(key)\n            ^^^^^^^^^^^^^^^\n  File \"C:\\Users\\User\\bsse_software_projects\\year_3\\year_3_mobilenetwork_computing\\local_server\\myenv_local\\Lib\\site-packages\\redis\\commands\\core.py\", line 1834, in get\n    return self.execute_command(\"GET\", name, keys=[name])\n           ^^^^^^^^^^^^^^^^^^^^^^^^^^^^^^^^^^^^^^^^^^^^^^\n  File \"C:\\Users\\User\\bsse_software_projects\\year_3\\year_3_mobilenetwork_computing\\local_server\\myenv_local\\Lib\\site-packages\\redis\\client.py\", line 657, in execute_command\n    return self._execute_command(*args, **options)\n           ^^^^^^^^^^^^^^^^^^^^^^^^^^^^^^^^^^^^^^^\n  File \"C:\\Users\\User\\bsse_software_projects\\year_3\\year_3_mobilenetwork_computing\\local_server\\myenv_local\\Lib\\site-packages\\redis\\client.py\", line 663, in _execute_command\n    conn = self.connection or pool.get_connection()\n                              ^^^^^^^^^^^^^^^^^^^^^\n  File \"C:\\Users\\User\\bsse_software_projects\\year_3\\year_3_mobilenetwork_computing\\local_server\\myenv_local\\Lib\\site-packages\\redis\\utils.py\", line 196, in wrapper\n    return func(*args, **kwargs)\n           ^^^^^^^^^^^^^^^^^^^^^\n  File \"C:\\Users\\User\\bsse_software_projects\\year_3\\year_3_mobilenetwork_computing\\local_server\\myenv_local\\Lib\\site-packages\\redis\\connection.py\", line 2601, in get_connection\n    connection.connect()\n  File \"C:\\Users\\User\\bsse_software_projects\\year_3\\year_3_mobilenetwork_computing\\local_server\\myenv_local\\Lib\\site-packages\\redis\\connection.py\", line 846, in connect\n    self.connect_check_health(check_health=True)\n  File \"C:\\Users\\User\\bsse_software_projects\\year_3\\year_3_mobilenetwork_computing\\local_server\\myenv_local\\Lib\\site-packages\\redis\\connection.py\", line 863, in connect_check_health\n    raise ConnectionError(self._error_message(e))\nredis.exceptions.ConnectionError: Error 11001 connecting to redis:6379. getaddrinfo failed."}
{"asctime": "2025-11-16 18:05:23,929", "levelname": "ERROR", "name": "dineswift", "message": "Unhandled exception: Error 11001 connecting to redis:6379. getaddrinfo failed.", "exc_info": "Traceback (most recent call last):\n  File \"C:\\Users\\User\\bsse_software_projects\\year_3\\year_3_mobilenetwork_computing\\local_server\\myenv_local\\Lib\\site-packages\\django_redis\\cache.py\", line 29, in _decorator\n    return method(self, *args, **kwargs)\n           ^^^^^^^^^^^^^^^^^^^^^^^^^^^^^\n  File \"C:\\Users\\User\\bsse_software_projects\\year_3\\year_3_mobilenetwork_computing\\local_server\\myenv_local\\Lib\\site-packages\\django_redis\\cache.py\", line 99, in _get\n    return self.client.get(key, default=default, version=version, client=client)\n           ^^^^^^^^^^^^^^^^^^^^^^^^^^^^^^^^^^^^^^^^^^^^^^^^^^^^^^^^^^^^^^^^^^^^^\n  File \"C:\\Users\\User\\bsse_software_projects\\year_3\\year_3_mobilenetwork_computing\\local_server\\myenv_local\\Lib\\site-packages\\django_redis\\client\\default.py\", line 300, in get\n    raise ConnectionInterrupted(connection=client) from e\ndjango_redis.exceptions.ConnectionInterrupted: Redis ConnectionError: Error 11001 connecting to redis:6379. getaddrinfo failed.\n\nDuring handling of the above exception, another exception occurred:\n\nTraceback (most recent call last):\n  File \"C:\\Users\\User\\bsse_software_projects\\year_3\\year_3_mobilenetwork_computing\\local_server\\myenv_local\\Lib\\site-packages\\rest_framework\\views.py\", line 503, in dispatch\n    self.initial(request, *args, **kwargs)\n  File \"C:\\Users\\User\\bsse_software_projects\\year_3\\year_3_mobilenetwork_computing\\local_server\\myenv_local\\Lib\\site-packages\\rest_framework\\views.py\", line 422, in initial\n    self.check_throttles(request)\n  File \"C:\\Users\\User\\bsse_software_projects\\year_3\\year_3_mobilenetwork_computing\\local_server\\myenv_local\\Lib\\site-packages\\rest_framework\\views.py\", line 365, in check_throttles\n    if not throttle.allow_request(request, self):\n           ^^^^^^^^^^^^^^^^^^^^^^^^^^^^^^^^^^^^^\n  File \"C:\\Users\\User\\bsse_software_projects\\year_3\\year_3_mobilenetwork_computing\\local_server\\myenv_local\\Lib\\site-packages\\rest_framework\\throttling.py\", line 123, in allow_request\n    self.history = self.cache.get(self.key, [])\n                   ^^^^^^^^^^^^^^^^^^^^^^^^^^^^\n  File \"C:\\Users\\User\\bsse_software_projects\\year_3\\year_3_mobilenetwork_computing\\local_server\\myenv_local\\Lib\\site-packages\\django_redis\\cache.py\", line 92, in get\n    value = self._get(key, default, version, client)\n            ^^^^^^^^^^^^^^^^^^^^^^^^^^^^^^^^^^^^^^^^\n  File \"C:\\Users\\User\\bsse_software_projects\\year_3\\year_3_mobilenetwork_computing\\local_server\\myenv_local\\Lib\\site-packages\\django_redis\\cache.py\", line 36, in _decorator\n    raise e.__cause__  # noqa: B904\n    ^^^^^^^^^^^^^^^^^\n  File \"C:\\Users\\User\\bsse_software_projects\\year_3\\year_3_mobilenetwork_computing\\local_server\\myenv_local\\Lib\\site-packages\\django_redis\\client\\default.py\", line 298, in get\n    value = client.get(key)\n            ^^^^^^^^^^^^^^^\n  File \"C:\\Users\\User\\bsse_software_projects\\year_3\\year_3_mobilenetwork_computing\\local_server\\myenv_local\\Lib\\site-packages\\redis\\commands\\core.py\", line 1834, in get\n    return self.execute_command(\"GET\", name, keys=[name])\n           ^^^^^^^^^^^^^^^^^^^^^^^^^^^^^^^^^^^^^^^^^^^^^^\n  File \"C:\\Users\\User\\bsse_software_projects\\year_3\\year_3_mobilenetwork_computing\\local_server\\myenv_local\\Lib\\site-packages\\redis\\client.py\", line 657, in execute_command\n    return self._execute_command(*args, **options)\n           ^^^^^^^^^^^^^^^^^^^^^^^^^^^^^^^^^^^^^^^\n  File \"C:\\Users\\User\\bsse_software_projects\\year_3\\year_3_mobilenetwork_computing\\local_server\\myenv_local\\Lib\\site-packages\\redis\\client.py\", line 663, in _execute_command\n    conn = self.connection or pool.get_connection()\n                              ^^^^^^^^^^^^^^^^^^^^^\n  File \"C:\\Users\\User\\bsse_software_projects\\year_3\\year_3_mobilenetwork_computing\\local_server\\myenv_local\\Lib\\site-packages\\redis\\utils.py\", line 196, in wrapper\n    return func(*args, **kwargs)\n           ^^^^^^^^^^^^^^^^^^^^^\n  File \"C:\\Users\\User\\bsse_software_projects\\year_3\\year_3_mobilenetwork_computing\\local_server\\myenv_local\\Lib\\site-packages\\redis\\connection.py\", line 2601, in get_connection\n    connection.connect()\n  File \"C:\\Users\\User\\bsse_software_projects\\year_3\\year_3_mobilenetwork_computing\\local_server\\myenv_local\\Lib\\site-packages\\redis\\connection.py\", line 846, in connect\n    self.connect_check_health(check_health=True)\n  File \"C:\\Users\\User\\bsse_software_projects\\year_3\\year_3_mobilenetwork_computing\\local_server\\myenv_local\\Lib\\site-packages\\redis\\connection.py\", line 863, in connect_check_health\n    raise ConnectionError(self._error_message(e))\nredis.exceptions.ConnectionError: Error 11001 connecting to redis:6379. getaddrinfo failed."}
{"asctime": "2025-11-16 18:09:11,074", "levelname": "ERROR", "name": "dineswift", "message": "Unhandled exception: Error 11001 connecting to redis:6379. getaddrinfo failed.", "exc_info": "Traceback (most recent call last):\n  File \"C:\\Users\\User\\bsse_software_projects\\year_3\\year_3_mobilenetwork_computing\\local_server\\myenv_local\\Lib\\site-packages\\django_redis\\cache.py\", line 29, in _decorator\n    return method(self, *args, **kwargs)\n           ^^^^^^^^^^^^^^^^^^^^^^^^^^^^^\n  File \"C:\\Users\\User\\bsse_software_projects\\year_3\\year_3_mobilenetwork_computing\\local_server\\myenv_local\\Lib\\site-packages\\django_redis\\cache.py\", line 99, in _get\n    return self.client.get(key, default=default, version=version, client=client)\n           ^^^^^^^^^^^^^^^^^^^^^^^^^^^^^^^^^^^^^^^^^^^^^^^^^^^^^^^^^^^^^^^^^^^^^\n  File \"C:\\Users\\User\\bsse_software_projects\\year_3\\year_3_mobilenetwork_computing\\local_server\\myenv_local\\Lib\\site-packages\\django_redis\\client\\default.py\", line 300, in get\n    raise ConnectionInterrupted(connection=client) from e\ndjango_redis.exceptions.ConnectionInterrupted: Redis ConnectionError: Error 11001 connecting to redis:6379. getaddrinfo failed.\n\nDuring handling of the above exception, another exception occurred:\n\nTraceback (most recent call last):\n  File \"C:\\Users\\User\\bsse_software_projects\\year_3\\year_3_mobilenetwork_computing\\local_server\\myenv_local\\Lib\\site-packages\\rest_framework\\views.py\", line 503, in dispatch\n    self.initial(request, *args, **kwargs)\n  File \"C:\\Users\\User\\bsse_software_projects\\year_3\\year_3_mobilenetwork_computing\\local_server\\myenv_local\\Lib\\site-packages\\rest_framework\\views.py\", line 422, in initial\n    self.check_throttles(request)\n  File \"C:\\Users\\User\\bsse_software_projects\\year_3\\year_3_mobilenetwork_computing\\local_server\\myenv_local\\Lib\\site-packages\\rest_framework\\views.py\", line 365, in check_throttles\n    if not throttle.allow_request(request, self):\n           ^^^^^^^^^^^^^^^^^^^^^^^^^^^^^^^^^^^^^\n  File \"C:\\Users\\User\\bsse_software_projects\\year_3\\year_3_mobilenetwork_computing\\local_server\\myenv_local\\Lib\\site-packages\\rest_framework\\throttling.py\", line 123, in allow_request\n    self.history = self.cache.get(self.key, [])\n                   ^^^^^^^^^^^^^^^^^^^^^^^^^^^^\n  File \"C:\\Users\\User\\bsse_software_projects\\year_3\\year_3_mobilenetwork_computing\\local_server\\myenv_local\\Lib\\site-packages\\django_redis\\cache.py\", line 92, in get\n    value = self._get(key, default, version, client)\n            ^^^^^^^^^^^^^^^^^^^^^^^^^^^^^^^^^^^^^^^^\n  File \"C:\\Users\\User\\bsse_software_projects\\year_3\\year_3_mobilenetwork_computing\\local_server\\myenv_local\\Lib\\site-packages\\django_redis\\cache.py\", line 36, in _decorator\n    raise e.__cause__  # noqa: B904\n    ^^^^^^^^^^^^^^^^^\n  File \"C:\\Users\\User\\bsse_software_projects\\year_3\\year_3_mobilenetwork_computing\\local_server\\myenv_local\\Lib\\site-packages\\django_redis\\client\\default.py\", line 298, in get\n    value = client.get(key)\n            ^^^^^^^^^^^^^^^\n  File \"C:\\Users\\User\\bsse_software_projects\\year_3\\year_3_mobilenetwork_computing\\local_server\\myenv_local\\Lib\\site-packages\\redis\\commands\\core.py\", line 1834, in get\n    return self.execute_command(\"GET\", name, keys=[name])\n           ^^^^^^^^^^^^^^^^^^^^^^^^^^^^^^^^^^^^^^^^^^^^^^\n  File \"C:\\Users\\User\\bsse_software_projects\\year_3\\year_3_mobilenetwork_computing\\local_server\\myenv_local\\Lib\\site-packages\\redis\\client.py\", line 657, in execute_command\n    return self._execute_command(*args, **options)\n           ^^^^^^^^^^^^^^^^^^^^^^^^^^^^^^^^^^^^^^^\n  File \"C:\\Users\\User\\bsse_software_projects\\year_3\\year_3_mobilenetwork_computing\\local_server\\myenv_local\\Lib\\site-packages\\redis\\client.py\", line 663, in _execute_command\n    conn = self.connection or pool.get_connection()\n                              ^^^^^^^^^^^^^^^^^^^^^\n  File \"C:\\Users\\User\\bsse_software_projects\\year_3\\year_3_mobilenetwork_computing\\local_server\\myenv_local\\Lib\\site-packages\\redis\\utils.py\", line 196, in wrapper\n    return func(*args, **kwargs)\n           ^^^^^^^^^^^^^^^^^^^^^\n  File \"C:\\Users\\User\\bsse_software_projects\\year_3\\year_3_mobilenetwork_computing\\local_server\\myenv_local\\Lib\\site-packages\\redis\\connection.py\", line 2601, in get_connection\n    connection.connect()\n  File \"C:\\Users\\User\\bsse_software_projects\\year_3\\year_3_mobilenetwork_computing\\local_server\\myenv_local\\Lib\\site-packages\\redis\\connection.py\", line 846, in connect\n    self.connect_check_health(check_health=True)\n  File \"C:\\Users\\User\\bsse_software_projects\\year_3\\year_3_mobilenetwork_computing\\local_server\\myenv_local\\Lib\\site-packages\\redis\\connection.py\", line 863, in connect_check_health\n    raise ConnectionError(self._error_message(e))\nredis.exceptions.ConnectionError: Error 11001 connecting to redis:6379. getaddrinfo failed."}
{"asctime": "2025-11-16 18:23:01,007", "levelname": "ERROR", "name": "dineswift", "message": "Unhandled exception: Error 11001 connecting to redis:6379. getaddrinfo failed.", "exc_info": "Traceback (most recent call last):\n  File \"C:\\Users\\User\\bsse_software_projects\\year_3\\year_3_mobilenetwork_computing\\local_server\\myenv_local\\Lib\\site-packages\\django_redis\\cache.py\", line 29, in _decorator\n    return method(self, *args, **kwargs)\n           ^^^^^^^^^^^^^^^^^^^^^^^^^^^^^\n  File \"C:\\Users\\User\\bsse_software_projects\\year_3\\year_3_mobilenetwork_computing\\local_server\\myenv_local\\Lib\\site-packages\\django_redis\\cache.py\", line 99, in _get\n    return self.client.get(key, default=default, version=version, client=client)\n           ^^^^^^^^^^^^^^^^^^^^^^^^^^^^^^^^^^^^^^^^^^^^^^^^^^^^^^^^^^^^^^^^^^^^^\n  File \"C:\\Users\\User\\bsse_software_projects\\year_3\\year_3_mobilenetwork_computing\\local_server\\myenv_local\\Lib\\site-packages\\django_redis\\client\\default.py\", line 300, in get\n    raise ConnectionInterrupted(connection=client) from e\ndjango_redis.exceptions.ConnectionInterrupted: Redis ConnectionError: Error 11001 connecting to redis:6379. getaddrinfo failed.\n\nDuring handling of the above exception, another exception occurred:\n\nTraceback (most recent call last):\n  File \"C:\\Users\\User\\bsse_software_projects\\year_3\\year_3_mobilenetwork_computing\\local_server\\myenv_local\\Lib\\site-packages\\rest_framework\\views.py\", line 503, in dispatch\n    self.initial(request, *args, **kwargs)\n  File \"C:\\Users\\User\\bsse_software_projects\\year_3\\year_3_mobilenetwork_computing\\local_server\\myenv_local\\Lib\\site-packages\\rest_framework\\views.py\", line 422, in initial\n    self.check_throttles(request)\n  File \"C:\\Users\\User\\bsse_software_projects\\year_3\\year_3_mobilenetwork_computing\\local_server\\myenv_local\\Lib\\site-packages\\rest_framework\\views.py\", line 365, in check_throttles\n    if not throttle.allow_request(request, self):\n           ^^^^^^^^^^^^^^^^^^^^^^^^^^^^^^^^^^^^^\n  File \"C:\\Users\\User\\bsse_software_projects\\year_3\\year_3_mobilenetwork_computing\\local_server\\myenv_local\\Lib\\site-packages\\rest_framework\\throttling.py\", line 123, in allow_request\n    self.history = self.cache.get(self.key, [])\n                   ^^^^^^^^^^^^^^^^^^^^^^^^^^^^\n  File \"C:\\Users\\User\\bsse_software_projects\\year_3\\year_3_mobilenetwork_computing\\local_server\\myenv_local\\Lib\\site-packages\\django_redis\\cache.py\", line 92, in get\n    value = self._get(key, default, version, client)\n            ^^^^^^^^^^^^^^^^^^^^^^^^^^^^^^^^^^^^^^^^\n  File \"C:\\Users\\User\\bsse_software_projects\\year_3\\year_3_mobilenetwork_computing\\local_server\\myenv_local\\Lib\\site-packages\\django_redis\\cache.py\", line 36, in _decorator\n    raise e.__cause__  # noqa: B904\n    ^^^^^^^^^^^^^^^^^\n  File \"C:\\Users\\User\\bsse_software_projects\\year_3\\year_3_mobilenetwork_computing\\local_server\\myenv_local\\Lib\\site-packages\\django_redis\\client\\default.py\", line 298, in get\n    value = client.get(key)\n            ^^^^^^^^^^^^^^^\n  File \"C:\\Users\\User\\bsse_software_projects\\year_3\\year_3_mobilenetwork_computing\\local_server\\myenv_local\\Lib\\site-packages\\redis\\commands\\core.py\", line 1834, in get\n    return self.execute_command(\"GET\", name, keys=[name])\n           ^^^^^^^^^^^^^^^^^^^^^^^^^^^^^^^^^^^^^^^^^^^^^^\n  File \"C:\\Users\\User\\bsse_software_projects\\year_3\\year_3_mobilenetwork_computing\\local_server\\myenv_local\\Lib\\site-packages\\redis\\client.py\", line 657, in execute_command\n    return self._execute_command(*args, **options)\n           ^^^^^^^^^^^^^^^^^^^^^^^^^^^^^^^^^^^^^^^\n  File \"C:\\Users\\User\\bsse_software_projects\\year_3\\year_3_mobilenetwork_computing\\local_server\\myenv_local\\Lib\\site-packages\\redis\\client.py\", line 663, in _execute_command\n    conn = self.connection or pool.get_connection()\n                              ^^^^^^^^^^^^^^^^^^^^^\n  File \"C:\\Users\\User\\bsse_software_projects\\year_3\\year_3_mobilenetwork_computing\\local_server\\myenv_local\\Lib\\site-packages\\redis\\utils.py\", line 196, in wrapper\n    return func(*args, **kwargs)\n           ^^^^^^^^^^^^^^^^^^^^^\n  File \"C:\\Users\\User\\bsse_software_projects\\year_3\\year_3_mobilenetwork_computing\\local_server\\myenv_local\\Lib\\site-packages\\redis\\connection.py\", line 2601, in get_connection\n    connection.connect()\n  File \"C:\\Users\\User\\bsse_software_projects\\year_3\\year_3_mobilenetwork_computing\\local_server\\myenv_local\\Lib\\site-packages\\redis\\connection.py\", line 846, in connect\n    self.connect_check_health(check_health=True)\n  File \"C:\\Users\\User\\bsse_software_projects\\year_3\\year_3_mobilenetwork_computing\\local_server\\myenv_local\\Lib\\site-packages\\redis\\connection.py\", line 863, in connect_check_health\n    raise ConnectionError(self._error_message(e))\nredis.exceptions.ConnectionError: Error 11001 connecting to redis:6379. getaddrinfo failed."}
{"asctime": "2025-11-16 18:26:41,427", "levelname": "ERROR", "name": "dineswift", "message": "Unhandled exception: Error 11001 connecting to redis:6379. getaddrinfo failed.", "exc_info": "Traceback (most recent call last):\n  File \"C:\\Users\\User\\bsse_software_projects\\year_3\\year_3_mobilenetwork_computing\\local_server\\myenv_local\\Lib\\site-packages\\django_redis\\cache.py\", line 29, in _decorator\n    return method(self, *args, **kwargs)\n           ^^^^^^^^^^^^^^^^^^^^^^^^^^^^^\n  File \"C:\\Users\\User\\bsse_software_projects\\year_3\\year_3_mobilenetwork_computing\\local_server\\myenv_local\\Lib\\site-packages\\django_redis\\cache.py\", line 99, in _get\n    return self.client.get(key, default=default, version=version, client=client)\n           ^^^^^^^^^^^^^^^^^^^^^^^^^^^^^^^^^^^^^^^^^^^^^^^^^^^^^^^^^^^^^^^^^^^^^\n  File \"C:\\Users\\User\\bsse_software_projects\\year_3\\year_3_mobilenetwork_computing\\local_server\\myenv_local\\Lib\\site-packages\\django_redis\\client\\default.py\", line 300, in get\n    raise ConnectionInterrupted(connection=client) from e\ndjango_redis.exceptions.ConnectionInterrupted: Redis ConnectionError: Error 11001 connecting to redis:6379. getaddrinfo failed.\n\nDuring handling of the above exception, another exception occurred:\n\nTraceback (most recent call last):\n  File \"C:\\Users\\User\\bsse_software_projects\\year_3\\year_3_mobilenetwork_computing\\local_server\\myenv_local\\Lib\\site-packages\\rest_framework\\views.py\", line 503, in dispatch\n    self.initial(request, *args, **kwargs)\n  File \"C:\\Users\\User\\bsse_software_projects\\year_3\\year_3_mobilenetwork_computing\\local_server\\myenv_local\\Lib\\site-packages\\rest_framework\\views.py\", line 422, in initial\n    self.check_throttles(request)\n  File \"C:\\Users\\User\\bsse_software_projects\\year_3\\year_3_mobilenetwork_computing\\local_server\\myenv_local\\Lib\\site-packages\\rest_framework\\views.py\", line 365, in check_throttles\n    if not throttle.allow_request(request, self):\n           ^^^^^^^^^^^^^^^^^^^^^^^^^^^^^^^^^^^^^\n  File \"C:\\Users\\User\\bsse_software_projects\\year_3\\year_3_mobilenetwork_computing\\local_server\\myenv_local\\Lib\\site-packages\\rest_framework\\throttling.py\", line 123, in allow_request\n    self.history = self.cache.get(self.key, [])\n                   ^^^^^^^^^^^^^^^^^^^^^^^^^^^^\n  File \"C:\\Users\\User\\bsse_software_projects\\year_3\\year_3_mobilenetwork_computing\\local_server\\myenv_local\\Lib\\site-packages\\django_redis\\cache.py\", line 92, in get\n    value = self._get(key, default, version, client)\n            ^^^^^^^^^^^^^^^^^^^^^^^^^^^^^^^^^^^^^^^^\n  File \"C:\\Users\\User\\bsse_software_projects\\year_3\\year_3_mobilenetwork_computing\\local_server\\myenv_local\\Lib\\site-packages\\django_redis\\cache.py\", line 36, in _decorator\n    raise e.__cause__  # noqa: B904\n    ^^^^^^^^^^^^^^^^^\n  File \"C:\\Users\\User\\bsse_software_projects\\year_3\\year_3_mobilenetwork_computing\\local_server\\myenv_local\\Lib\\site-packages\\django_redis\\client\\default.py\", line 298, in get\n    value = client.get(key)\n            ^^^^^^^^^^^^^^^\n  File \"C:\\Users\\User\\bsse_software_projects\\year_3\\year_3_mobilenetwork_computing\\local_server\\myenv_local\\Lib\\site-packages\\redis\\commands\\core.py\", line 1834, in get\n    return self.execute_command(\"GET\", name, keys=[name])\n           ^^^^^^^^^^^^^^^^^^^^^^^^^^^^^^^^^^^^^^^^^^^^^^\n  File \"C:\\Users\\User\\bsse_software_projects\\year_3\\year_3_mobilenetwork_computing\\local_server\\myenv_local\\Lib\\site-packages\\redis\\client.py\", line 657, in execute_command\n    return self._execute_command(*args, **options)\n           ^^^^^^^^^^^^^^^^^^^^^^^^^^^^^^^^^^^^^^^\n  File \"C:\\Users\\User\\bsse_software_projects\\year_3\\year_3_mobilenetwork_computing\\local_server\\myenv_local\\Lib\\site-packages\\redis\\client.py\", line 663, in _execute_command\n    conn = self.connection or pool.get_connection()\n                              ^^^^^^^^^^^^^^^^^^^^^\n  File \"C:\\Users\\User\\bsse_software_projects\\year_3\\year_3_mobilenetwork_computing\\local_server\\myenv_local\\Lib\\site-packages\\redis\\utils.py\", line 196, in wrapper\n    return func(*args, **kwargs)\n           ^^^^^^^^^^^^^^^^^^^^^\n  File \"C:\\Users\\User\\bsse_software_projects\\year_3\\year_3_mobilenetwork_computing\\local_server\\myenv_local\\Lib\\site-packages\\redis\\connection.py\", line 2601, in get_connection\n    connection.connect()\n  File \"C:\\Users\\User\\bsse_software_projects\\year_3\\year_3_mobilenetwork_computing\\local_server\\myenv_local\\Lib\\site-packages\\redis\\connection.py\", line 846, in connect\n    self.connect_check_health(check_health=True)\n  File \"C:\\Users\\User\\bsse_software_projects\\year_3\\year_3_mobilenetwork_computing\\local_server\\myenv_local\\Lib\\site-packages\\redis\\connection.py\", line 863, in connect_check_health\n    raise ConnectionError(self._error_message(e))\nredis.exceptions.ConnectionError: Error 11001 connecting to redis:6379. getaddrinfo failed."}
{"asctime": "2025-11-16 18:30:22,163", "levelname": "ERROR", "name": "dineswift", "message": "Unhandled exception: Error 11001 connecting to redis:6379. getaddrinfo failed.", "exc_info": "Traceback (most recent call last):\n  File \"C:\\Users\\User\\bsse_software_projects\\year_3\\year_3_mobilenetwork_computing\\local_server\\myenv_local\\Lib\\site-packages\\django_redis\\cache.py\", line 29, in _decorator\n    return method(self, *args, **kwargs)\n           ^^^^^^^^^^^^^^^^^^^^^^^^^^^^^\n  File \"C:\\Users\\User\\bsse_software_projects\\year_3\\year_3_mobilenetwork_computing\\local_server\\myenv_local\\Lib\\site-packages\\django_redis\\cache.py\", line 99, in _get\n    return self.client.get(key, default=default, version=version, client=client)\n           ^^^^^^^^^^^^^^^^^^^^^^^^^^^^^^^^^^^^^^^^^^^^^^^^^^^^^^^^^^^^^^^^^^^^^\n  File \"C:\\Users\\User\\bsse_software_projects\\year_3\\year_3_mobilenetwork_computing\\local_server\\myenv_local\\Lib\\site-packages\\django_redis\\client\\default.py\", line 300, in get\n    raise ConnectionInterrupted(connection=client) from e\ndjango_redis.exceptions.ConnectionInterrupted: Redis ConnectionError: Error 11001 connecting to redis:6379. getaddrinfo failed.\n\nDuring handling of the above exception, another exception occurred:\n\nTraceback (most recent call last):\n  File \"C:\\Users\\User\\bsse_software_projects\\year_3\\year_3_mobilenetwork_computing\\local_server\\myenv_local\\Lib\\site-packages\\rest_framework\\views.py\", line 503, in dispatch\n    self.initial(request, *args, **kwargs)\n  File \"C:\\Users\\User\\bsse_software_projects\\year_3\\year_3_mobilenetwork_computing\\local_server\\myenv_local\\Lib\\site-packages\\rest_framework\\views.py\", line 422, in initial\n    self.check_throttles(request)\n  File \"C:\\Users\\User\\bsse_software_projects\\year_3\\year_3_mobilenetwork_computing\\local_server\\myenv_local\\Lib\\site-packages\\rest_framework\\views.py\", line 365, in check_throttles\n    if not throttle.allow_request(request, self):\n           ^^^^^^^^^^^^^^^^^^^^^^^^^^^^^^^^^^^^^\n  File \"C:\\Users\\User\\bsse_software_projects\\year_3\\year_3_mobilenetwork_computing\\local_server\\myenv_local\\Lib\\site-packages\\rest_framework\\throttling.py\", line 123, in allow_request\n    self.history = self.cache.get(self.key, [])\n                   ^^^^^^^^^^^^^^^^^^^^^^^^^^^^\n  File \"C:\\Users\\User\\bsse_software_projects\\year_3\\year_3_mobilenetwork_computing\\local_server\\myenv_local\\Lib\\site-packages\\django_redis\\cache.py\", line 92, in get\n    value = self._get(key, default, version, client)\n            ^^^^^^^^^^^^^^^^^^^^^^^^^^^^^^^^^^^^^^^^\n  File \"C:\\Users\\User\\bsse_software_projects\\year_3\\year_3_mobilenetwork_computing\\local_server\\myenv_local\\Lib\\site-packages\\django_redis\\cache.py\", line 36, in _decorator\n    raise e.__cause__  # noqa: B904\n    ^^^^^^^^^^^^^^^^^\n  File \"C:\\Users\\User\\bsse_software_projects\\year_3\\year_3_mobilenetwork_computing\\local_server\\myenv_local\\Lib\\site-packages\\django_redis\\client\\default.py\", line 298, in get\n    value = client.get(key)\n            ^^^^^^^^^^^^^^^\n  File \"C:\\Users\\User\\bsse_software_projects\\year_3\\year_3_mobilenetwork_computing\\local_server\\myenv_local\\Lib\\site-packages\\redis\\commands\\core.py\", line 1834, in get\n    return self.execute_command(\"GET\", name, keys=[name])\n           ^^^^^^^^^^^^^^^^^^^^^^^^^^^^^^^^^^^^^^^^^^^^^^\n  File \"C:\\Users\\User\\bsse_software_projects\\year_3\\year_3_mobilenetwork_computing\\local_server\\myenv_local\\Lib\\site-packages\\redis\\client.py\", line 657, in execute_command\n    return self._execute_command(*args, **options)\n           ^^^^^^^^^^^^^^^^^^^^^^^^^^^^^^^^^^^^^^^\n  File \"C:\\Users\\User\\bsse_software_projects\\year_3\\year_3_mobilenetwork_computing\\local_server\\myenv_local\\Lib\\site-packages\\redis\\client.py\", line 663, in _execute_command\n    conn = self.connection or pool.get_connection()\n                              ^^^^^^^^^^^^^^^^^^^^^\n  File \"C:\\Users\\User\\bsse_software_projects\\year_3\\year_3_mobilenetwork_computing\\local_server\\myenv_local\\Lib\\site-packages\\redis\\utils.py\", line 196, in wrapper\n    return func(*args, **kwargs)\n           ^^^^^^^^^^^^^^^^^^^^^\n  File \"C:\\Users\\User\\bsse_software_projects\\year_3\\year_3_mobilenetwork_computing\\local_server\\myenv_local\\Lib\\site-packages\\redis\\connection.py\", line 2601, in get_connection\n    connection.connect()\n  File \"C:\\Users\\User\\bsse_software_projects\\year_3\\year_3_mobilenetwork_computing\\local_server\\myenv_local\\Lib\\site-packages\\redis\\connection.py\", line 846, in connect\n    self.connect_check_health(check_health=True)\n  File \"C:\\Users\\User\\bsse_software_projects\\year_3\\year_3_mobilenetwork_computing\\local_server\\myenv_local\\Lib\\site-packages\\redis\\connection.py\", line 863, in connect_check_health\n    raise ConnectionError(self._error_message(e))\nredis.exceptions.ConnectionError: Error 11001 connecting to redis:6379. getaddrinfo failed."}
{"asctime": "2025-11-16 18:32:14,140", "levelname": "ERROR", "name": "dineswift", "message": "Unhandled exception: Error 11001 connecting to redis:6379. getaddrinfo failed.", "exc_info": "Traceback (most recent call last):\n  File \"C:\\Users\\User\\bsse_software_projects\\year_3\\year_3_mobilenetwork_computing\\local_server\\myenv_local\\Lib\\site-packages\\django_redis\\cache.py\", line 29, in _decorator\n    return method(self, *args, **kwargs)\n           ^^^^^^^^^^^^^^^^^^^^^^^^^^^^^\n  File \"C:\\Users\\User\\bsse_software_projects\\year_3\\year_3_mobilenetwork_computing\\local_server\\myenv_local\\Lib\\site-packages\\django_redis\\cache.py\", line 99, in _get\n    return self.client.get(key, default=default, version=version, client=client)\n           ^^^^^^^^^^^^^^^^^^^^^^^^^^^^^^^^^^^^^^^^^^^^^^^^^^^^^^^^^^^^^^^^^^^^^\n  File \"C:\\Users\\User\\bsse_software_projects\\year_3\\year_3_mobilenetwork_computing\\local_server\\myenv_local\\Lib\\site-packages\\django_redis\\client\\default.py\", line 300, in get\n    raise ConnectionInterrupted(connection=client) from e\ndjango_redis.exceptions.ConnectionInterrupted: Redis ConnectionError: Error 11001 connecting to redis:6379. getaddrinfo failed.\n\nDuring handling of the above exception, another exception occurred:\n\nTraceback (most recent call last):\n  File \"C:\\Users\\User\\bsse_software_projects\\year_3\\year_3_mobilenetwork_computing\\local_server\\myenv_local\\Lib\\site-packages\\rest_framework\\views.py\", line 503, in dispatch\n    self.initial(request, *args, **kwargs)\n  File \"C:\\Users\\User\\bsse_software_projects\\year_3\\year_3_mobilenetwork_computing\\local_server\\myenv_local\\Lib\\site-packages\\rest_framework\\views.py\", line 422, in initial\n    self.check_throttles(request)\n  File \"C:\\Users\\User\\bsse_software_projects\\year_3\\year_3_mobilenetwork_computing\\local_server\\myenv_local\\Lib\\site-packages\\rest_framework\\views.py\", line 365, in check_throttles\n    if not throttle.allow_request(request, self):\n           ^^^^^^^^^^^^^^^^^^^^^^^^^^^^^^^^^^^^^\n  File \"C:\\Users\\User\\bsse_software_projects\\year_3\\year_3_mobilenetwork_computing\\local_server\\myenv_local\\Lib\\site-packages\\rest_framework\\throttling.py\", line 123, in allow_request\n    self.history = self.cache.get(self.key, [])\n                   ^^^^^^^^^^^^^^^^^^^^^^^^^^^^\n  File \"C:\\Users\\User\\bsse_software_projects\\year_3\\year_3_mobilenetwork_computing\\local_server\\myenv_local\\Lib\\site-packages\\django_redis\\cache.py\", line 92, in get\n    value = self._get(key, default, version, client)\n            ^^^^^^^^^^^^^^^^^^^^^^^^^^^^^^^^^^^^^^^^\n  File \"C:\\Users\\User\\bsse_software_projects\\year_3\\year_3_mobilenetwork_computing\\local_server\\myenv_local\\Lib\\site-packages\\django_redis\\cache.py\", line 36, in _decorator\n    raise e.__cause__  # noqa: B904\n    ^^^^^^^^^^^^^^^^^\n  File \"C:\\Users\\User\\bsse_software_projects\\year_3\\year_3_mobilenetwork_computing\\local_server\\myenv_local\\Lib\\site-packages\\django_redis\\client\\default.py\", line 298, in get\n    value = client.get(key)\n            ^^^^^^^^^^^^^^^\n  File \"C:\\Users\\User\\bsse_software_projects\\year_3\\year_3_mobilenetwork_computing\\local_server\\myenv_local\\Lib\\site-packages\\redis\\commands\\core.py\", line 1834, in get\n    return self.execute_command(\"GET\", name, keys=[name])\n           ^^^^^^^^^^^^^^^^^^^^^^^^^^^^^^^^^^^^^^^^^^^^^^\n  File \"C:\\Users\\User\\bsse_software_projects\\year_3\\year_3_mobilenetwork_computing\\local_server\\myenv_local\\Lib\\site-packages\\redis\\client.py\", line 657, in execute_command\n    return self._execute_command(*args, **options)\n           ^^^^^^^^^^^^^^^^^^^^^^^^^^^^^^^^^^^^^^^\n  File \"C:\\Users\\User\\bsse_software_projects\\year_3\\year_3_mobilenetwork_computing\\local_server\\myenv_local\\Lib\\site-packages\\redis\\client.py\", line 663, in _execute_command\n    conn = self.connection or pool.get_connection()\n                              ^^^^^^^^^^^^^^^^^^^^^\n  File \"C:\\Users\\User\\bsse_software_projects\\year_3\\year_3_mobilenetwork_computing\\local_server\\myenv_local\\Lib\\site-packages\\redis\\utils.py\", line 196, in wrapper\n    return func(*args, **kwargs)\n           ^^^^^^^^^^^^^^^^^^^^^\n  File \"C:\\Users\\User\\bsse_software_projects\\year_3\\year_3_mobilenetwork_computing\\local_server\\myenv_local\\Lib\\site-packages\\redis\\connection.py\", line 2601, in get_connection\n    connection.connect()\n  File \"C:\\Users\\User\\bsse_software_projects\\year_3\\year_3_mobilenetwork_computing\\local_server\\myenv_local\\Lib\\site-packages\\redis\\connection.py\", line 846, in connect\n    self.connect_check_health(check_health=True)\n  File \"C:\\Users\\User\\bsse_software_projects\\year_3\\year_3_mobilenetwork_computing\\local_server\\myenv_local\\Lib\\site-packages\\redis\\connection.py\", line 863, in connect_check_health\n    raise ConnectionError(self._error_message(e))\nredis.exceptions.ConnectionError: Error 11001 connecting to redis:6379. getaddrinfo failed."}
{"asctime": "2025-11-16 18:32:20,778", "levelname": "ERROR", "name": "dineswift", "message": "Unhandled exception: Error 11001 connecting to redis:6379. getaddrinfo failed.", "exc_info": "Traceback (most recent call last):\n  File \"C:\\Users\\User\\bsse_software_projects\\year_3\\year_3_mobilenetwork_computing\\local_server\\myenv_local\\Lib\\site-packages\\django_redis\\cache.py\", line 29, in _decorator\n    return method(self, *args, **kwargs)\n           ^^^^^^^^^^^^^^^^^^^^^^^^^^^^^\n  File \"C:\\Users\\User\\bsse_software_projects\\year_3\\year_3_mobilenetwork_computing\\local_server\\myenv_local\\Lib\\site-packages\\django_redis\\cache.py\", line 99, in _get\n    return self.client.get(key, default=default, version=version, client=client)\n           ^^^^^^^^^^^^^^^^^^^^^^^^^^^^^^^^^^^^^^^^^^^^^^^^^^^^^^^^^^^^^^^^^^^^^\n  File \"C:\\Users\\User\\bsse_software_projects\\year_3\\year_3_mobilenetwork_computing\\local_server\\myenv_local\\Lib\\site-packages\\django_redis\\client\\default.py\", line 300, in get\n    raise ConnectionInterrupted(connection=client) from e\ndjango_redis.exceptions.ConnectionInterrupted: Redis ConnectionError: Error 11001 connecting to redis:6379. getaddrinfo failed.\n\nDuring handling of the above exception, another exception occurred:\n\nTraceback (most recent call last):\n  File \"C:\\Users\\User\\bsse_software_projects\\year_3\\year_3_mobilenetwork_computing\\local_server\\myenv_local\\Lib\\site-packages\\rest_framework\\views.py\", line 503, in dispatch\n    self.initial(request, *args, **kwargs)\n  File \"C:\\Users\\User\\bsse_software_projects\\year_3\\year_3_mobilenetwork_computing\\local_server\\myenv_local\\Lib\\site-packages\\rest_framework\\views.py\", line 422, in initial\n    self.check_throttles(request)\n  File \"C:\\Users\\User\\bsse_software_projects\\year_3\\year_3_mobilenetwork_computing\\local_server\\myenv_local\\Lib\\site-packages\\rest_framework\\views.py\", line 365, in check_throttles\n    if not throttle.allow_request(request, self):\n           ^^^^^^^^^^^^^^^^^^^^^^^^^^^^^^^^^^^^^\n  File \"C:\\Users\\User\\bsse_software_projects\\year_3\\year_3_mobilenetwork_computing\\local_server\\myenv_local\\Lib\\site-packages\\rest_framework\\throttling.py\", line 123, in allow_request\n    self.history = self.cache.get(self.key, [])\n                   ^^^^^^^^^^^^^^^^^^^^^^^^^^^^\n  File \"C:\\Users\\User\\bsse_software_projects\\year_3\\year_3_mobilenetwork_computing\\local_server\\myenv_local\\Lib\\site-packages\\django_redis\\cache.py\", line 92, in get\n    value = self._get(key, default, version, client)\n            ^^^^^^^^^^^^^^^^^^^^^^^^^^^^^^^^^^^^^^^^\n  File \"C:\\Users\\User\\bsse_software_projects\\year_3\\year_3_mobilenetwork_computing\\local_server\\myenv_local\\Lib\\site-packages\\django_redis\\cache.py\", line 36, in _decorator\n    raise e.__cause__  # noqa: B904\n    ^^^^^^^^^^^^^^^^^\n  File \"C:\\Users\\User\\bsse_software_projects\\year_3\\year_3_mobilenetwork_computing\\local_server\\myenv_local\\Lib\\site-packages\\django_redis\\client\\default.py\", line 298, in get\n    value = client.get(key)\n            ^^^^^^^^^^^^^^^\n  File \"C:\\Users\\User\\bsse_software_projects\\year_3\\year_3_mobilenetwork_computing\\local_server\\myenv_local\\Lib\\site-packages\\redis\\commands\\core.py\", line 1834, in get\n    return self.execute_command(\"GET\", name, keys=[name])\n           ^^^^^^^^^^^^^^^^^^^^^^^^^^^^^^^^^^^^^^^^^^^^^^\n  File \"C:\\Users\\User\\bsse_software_projects\\year_3\\year_3_mobilenetwork_computing\\local_server\\myenv_local\\Lib\\site-packages\\redis\\client.py\", line 657, in execute_command\n    return self._execute_command(*args, **options)\n           ^^^^^^^^^^^^^^^^^^^^^^^^^^^^^^^^^^^^^^^\n  File \"C:\\Users\\User\\bsse_software_projects\\year_3\\year_3_mobilenetwork_computing\\local_server\\myenv_local\\Lib\\site-packages\\redis\\client.py\", line 663, in _execute_command\n    conn = self.connection or pool.get_connection()\n                              ^^^^^^^^^^^^^^^^^^^^^\n  File \"C:\\Users\\User\\bsse_software_projects\\year_3\\year_3_mobilenetwork_computing\\local_server\\myenv_local\\Lib\\site-packages\\redis\\utils.py\", line 196, in wrapper\n    return func(*args, **kwargs)\n           ^^^^^^^^^^^^^^^^^^^^^\n  File \"C:\\Users\\User\\bsse_software_projects\\year_3\\year_3_mobilenetwork_computing\\local_server\\myenv_local\\Lib\\site-packages\\redis\\connection.py\", line 2601, in get_connection\n    connection.connect()\n  File \"C:\\Users\\User\\bsse_software_projects\\year_3\\year_3_mobilenetwork_computing\\local_server\\myenv_local\\Lib\\site-packages\\redis\\connection.py\", line 846, in connect\n    self.connect_check_health(check_health=True)\n  File \"C:\\Users\\User\\bsse_software_projects\\year_3\\year_3_mobilenetwork_computing\\local_server\\myenv_local\\Lib\\site-packages\\redis\\connection.py\", line 863, in connect_check_health\n    raise ConnectionError(self._error_message(e))\nredis.exceptions.ConnectionError: Error 11001 connecting to redis:6379. getaddrinfo failed."}
{"asctime": "2025-11-16 18:34:02,151", "levelname": "ERROR", "name": "dineswift", "message": "Unhandled exception: Error 11001 connecting to redis:6379. getaddrinfo failed.", "exc_info": "Traceback (most recent call last):\n  File \"C:\\Users\\User\\bsse_software_projects\\year_3\\year_3_mobilenetwork_computing\\local_server\\myenv_local\\Lib\\site-packages\\django_redis\\cache.py\", line 29, in _decorator\n    return method(self, *args, **kwargs)\n           ^^^^^^^^^^^^^^^^^^^^^^^^^^^^^\n  File \"C:\\Users\\User\\bsse_software_projects\\year_3\\year_3_mobilenetwork_computing\\local_server\\myenv_local\\Lib\\site-packages\\django_redis\\cache.py\", line 99, in _get\n    return self.client.get(key, default=default, version=version, client=client)\n           ^^^^^^^^^^^^^^^^^^^^^^^^^^^^^^^^^^^^^^^^^^^^^^^^^^^^^^^^^^^^^^^^^^^^^\n  File \"C:\\Users\\User\\bsse_software_projects\\year_3\\year_3_mobilenetwork_computing\\local_server\\myenv_local\\Lib\\site-packages\\django_redis\\client\\default.py\", line 300, in get\n    raise ConnectionInterrupted(connection=client) from e\ndjango_redis.exceptions.ConnectionInterrupted: Redis ConnectionError: Error 11001 connecting to redis:6379. getaddrinfo failed.\n\nDuring handling of the above exception, another exception occurred:\n\nTraceback (most recent call last):\n  File \"C:\\Users\\User\\bsse_software_projects\\year_3\\year_3_mobilenetwork_computing\\local_server\\myenv_local\\Lib\\site-packages\\rest_framework\\views.py\", line 503, in dispatch\n    self.initial(request, *args, **kwargs)\n  File \"C:\\Users\\User\\bsse_software_projects\\year_3\\year_3_mobilenetwork_computing\\local_server\\myenv_local\\Lib\\site-packages\\rest_framework\\views.py\", line 422, in initial\n    self.check_throttles(request)\n  File \"C:\\Users\\User\\bsse_software_projects\\year_3\\year_3_mobilenetwork_computing\\local_server\\myenv_local\\Lib\\site-packages\\rest_framework\\views.py\", line 365, in check_throttles\n    if not throttle.allow_request(request, self):\n           ^^^^^^^^^^^^^^^^^^^^^^^^^^^^^^^^^^^^^\n  File \"C:\\Users\\User\\bsse_software_projects\\year_3\\year_3_mobilenetwork_computing\\local_server\\myenv_local\\Lib\\site-packages\\rest_framework\\throttling.py\", line 123, in allow_request\n    self.history = self.cache.get(self.key, [])\n                   ^^^^^^^^^^^^^^^^^^^^^^^^^^^^\n  File \"C:\\Users\\User\\bsse_software_projects\\year_3\\year_3_mobilenetwork_computing\\local_server\\myenv_local\\Lib\\site-packages\\django_redis\\cache.py\", line 92, in get\n    value = self._get(key, default, version, client)\n            ^^^^^^^^^^^^^^^^^^^^^^^^^^^^^^^^^^^^^^^^\n  File \"C:\\Users\\User\\bsse_software_projects\\year_3\\year_3_mobilenetwork_computing\\local_server\\myenv_local\\Lib\\site-packages\\django_redis\\cache.py\", line 36, in _decorator\n    raise e.__cause__  # noqa: B904\n    ^^^^^^^^^^^^^^^^^\n  File \"C:\\Users\\User\\bsse_software_projects\\year_3\\year_3_mobilenetwork_computing\\local_server\\myenv_local\\Lib\\site-packages\\django_redis\\client\\default.py\", line 298, in get\n    value = client.get(key)\n            ^^^^^^^^^^^^^^^\n  File \"C:\\Users\\User\\bsse_software_projects\\year_3\\year_3_mobilenetwork_computing\\local_server\\myenv_local\\Lib\\site-packages\\redis\\commands\\core.py\", line 1834, in get\n    return self.execute_command(\"GET\", name, keys=[name])\n           ^^^^^^^^^^^^^^^^^^^^^^^^^^^^^^^^^^^^^^^^^^^^^^\n  File \"C:\\Users\\User\\bsse_software_projects\\year_3\\year_3_mobilenetwork_computing\\local_server\\myenv_local\\Lib\\site-packages\\redis\\client.py\", line 657, in execute_command\n    return self._execute_command(*args, **options)\n           ^^^^^^^^^^^^^^^^^^^^^^^^^^^^^^^^^^^^^^^\n  File \"C:\\Users\\User\\bsse_software_projects\\year_3\\year_3_mobilenetwork_computing\\local_server\\myenv_local\\Lib\\site-packages\\redis\\client.py\", line 663, in _execute_command\n    conn = self.connection or pool.get_connection()\n                              ^^^^^^^^^^^^^^^^^^^^^\n  File \"C:\\Users\\User\\bsse_software_projects\\year_3\\year_3_mobilenetwork_computing\\local_server\\myenv_local\\Lib\\site-packages\\redis\\utils.py\", line 196, in wrapper\n    return func(*args, **kwargs)\n           ^^^^^^^^^^^^^^^^^^^^^\n  File \"C:\\Users\\User\\bsse_software_projects\\year_3\\year_3_mobilenetwork_computing\\local_server\\myenv_local\\Lib\\site-packages\\redis\\connection.py\", line 2601, in get_connection\n    connection.connect()\n  File \"C:\\Users\\User\\bsse_software_projects\\year_3\\year_3_mobilenetwork_computing\\local_server\\myenv_local\\Lib\\site-packages\\redis\\connection.py\", line 846, in connect\n    self.connect_check_health(check_health=True)\n  File \"C:\\Users\\User\\bsse_software_projects\\year_3\\year_3_mobilenetwork_computing\\local_server\\myenv_local\\Lib\\site-packages\\redis\\connection.py\", line 863, in connect_check_health\n    raise ConnectionError(self._error_message(e))\nredis.exceptions.ConnectionError: Error 11001 connecting to redis:6379. getaddrinfo failed."}
{"asctime": "2025-11-16 20:28:21,030", "levelname": "ERROR", "name": "dineswift", "message": "Unhandled exception: Error 11001 connecting to redis:6379. getaddrinfo failed.", "exc_info": "Traceback (most recent call last):\n  File \"C:\\Users\\User\\bsse_software_projects\\year_3\\year_3_mobilenetwork_computing\\local_server\\myenv_local\\Lib\\site-packages\\django_redis\\cache.py\", line 29, in _decorator\n    return method(self, *args, **kwargs)\n           ^^^^^^^^^^^^^^^^^^^^^^^^^^^^^\n  File \"C:\\Users\\User\\bsse_software_projects\\year_3\\year_3_mobilenetwork_computing\\local_server\\myenv_local\\Lib\\site-packages\\django_redis\\cache.py\", line 99, in _get\n    return self.client.get(key, default=default, version=version, client=client)\n           ^^^^^^^^^^^^^^^^^^^^^^^^^^^^^^^^^^^^^^^^^^^^^^^^^^^^^^^^^^^^^^^^^^^^^\n  File \"C:\\Users\\User\\bsse_software_projects\\year_3\\year_3_mobilenetwork_computing\\local_server\\myenv_local\\Lib\\site-packages\\django_redis\\client\\default.py\", line 300, in get\n    raise ConnectionInterrupted(connection=client) from e\ndjango_redis.exceptions.ConnectionInterrupted: Redis ConnectionError: Error 11001 connecting to redis:6379. getaddrinfo failed.\n\nDuring handling of the above exception, another exception occurred:\n\nTraceback (most recent call last):\n  File \"C:\\Users\\User\\bsse_software_projects\\year_3\\year_3_mobilenetwork_computing\\local_server\\myenv_local\\Lib\\site-packages\\rest_framework\\views.py\", line 503, in dispatch\n    self.initial(request, *args, **kwargs)\n  File \"C:\\Users\\User\\bsse_software_projects\\year_3\\year_3_mobilenetwork_computing\\local_server\\myenv_local\\Lib\\site-packages\\rest_framework\\views.py\", line 422, in initial\n    self.check_throttles(request)\n  File \"C:\\Users\\User\\bsse_software_projects\\year_3\\year_3_mobilenetwork_computing\\local_server\\myenv_local\\Lib\\site-packages\\rest_framework\\views.py\", line 365, in check_throttles\n    if not throttle.allow_request(request, self):\n           ^^^^^^^^^^^^^^^^^^^^^^^^^^^^^^^^^^^^^\n  File \"C:\\Users\\User\\bsse_software_projects\\year_3\\year_3_mobilenetwork_computing\\local_server\\myenv_local\\Lib\\site-packages\\rest_framework\\throttling.py\", line 123, in allow_request\n    self.history = self.cache.get(self.key, [])\n                   ^^^^^^^^^^^^^^^^^^^^^^^^^^^^\n  File \"C:\\Users\\User\\bsse_software_projects\\year_3\\year_3_mobilenetwork_computing\\local_server\\myenv_local\\Lib\\site-packages\\django_redis\\cache.py\", line 92, in get\n    value = self._get(key, default, version, client)\n            ^^^^^^^^^^^^^^^^^^^^^^^^^^^^^^^^^^^^^^^^\n  File \"C:\\Users\\User\\bsse_software_projects\\year_3\\year_3_mobilenetwork_computing\\local_server\\myenv_local\\Lib\\site-packages\\django_redis\\cache.py\", line 36, in _decorator\n    raise e.__cause__  # noqa: B904\n    ^^^^^^^^^^^^^^^^^\n  File \"C:\\Users\\User\\bsse_software_projects\\year_3\\year_3_mobilenetwork_computing\\local_server\\myenv_local\\Lib\\site-packages\\django_redis\\client\\default.py\", line 298, in get\n    value = client.get(key)\n            ^^^^^^^^^^^^^^^\n  File \"C:\\Users\\User\\bsse_software_projects\\year_3\\year_3_mobilenetwork_computing\\local_server\\myenv_local\\Lib\\site-packages\\redis\\commands\\core.py\", line 1834, in get\n    return self.execute_command(\"GET\", name, keys=[name])\n           ^^^^^^^^^^^^^^^^^^^^^^^^^^^^^^^^^^^^^^^^^^^^^^\n  File \"C:\\Users\\User\\bsse_software_projects\\year_3\\year_3_mobilenetwork_computing\\local_server\\myenv_local\\Lib\\site-packages\\redis\\client.py\", line 657, in execute_command\n    return self._execute_command(*args, **options)\n           ^^^^^^^^^^^^^^^^^^^^^^^^^^^^^^^^^^^^^^^\n  File \"C:\\Users\\User\\bsse_software_projects\\year_3\\year_3_mobilenetwork_computing\\local_server\\myenv_local\\Lib\\site-packages\\redis\\client.py\", line 663, in _execute_command\n    conn = self.connection or pool.get_connection()\n                              ^^^^^^^^^^^^^^^^^^^^^\n  File \"C:\\Users\\User\\bsse_software_projects\\year_3\\year_3_mobilenetwork_computing\\local_server\\myenv_local\\Lib\\site-packages\\redis\\utils.py\", line 196, in wrapper\n    return func(*args, **kwargs)\n           ^^^^^^^^^^^^^^^^^^^^^\n  File \"C:\\Users\\User\\bsse_software_projects\\year_3\\year_3_mobilenetwork_computing\\local_server\\myenv_local\\Lib\\site-packages\\redis\\connection.py\", line 2601, in get_connection\n    connection.connect()\n  File \"C:\\Users\\User\\bsse_software_projects\\year_3\\year_3_mobilenetwork_computing\\local_server\\myenv_local\\Lib\\site-packages\\redis\\connection.py\", line 846, in connect\n    self.connect_check_health(check_health=True)\n  File \"C:\\Users\\User\\bsse_software_projects\\year_3\\year_3_mobilenetwork_computing\\local_server\\myenv_local\\Lib\\site-packages\\redis\\connection.py\", line 863, in connect_check_health\n    raise ConnectionError(self._error_message(e))\nredis.exceptions.ConnectionError: Error 11001 connecting to redis:6379. getaddrinfo failed."}
{"asctime": "2025-11-16 20:31:24,455", "levelname": "ERROR", "name": "dineswift", "message": "Unhandled exception: Error 11001 connecting to redis:6379. getaddrinfo failed.", "exc_info": "Traceback (most recent call last):\n  File \"C:\\Users\\User\\bsse_software_projects\\year_3\\year_3_mobilenetwork_computing\\local_server\\myenv_local\\Lib\\site-packages\\django_redis\\cache.py\", line 29, in _decorator\n    return method(self, *args, **kwargs)\n           ^^^^^^^^^^^^^^^^^^^^^^^^^^^^^\n  File \"C:\\Users\\User\\bsse_software_projects\\year_3\\year_3_mobilenetwork_computing\\local_server\\myenv_local\\Lib\\site-packages\\django_redis\\cache.py\", line 99, in _get\n    return self.client.get(key, default=default, version=version, client=client)\n           ^^^^^^^^^^^^^^^^^^^^^^^^^^^^^^^^^^^^^^^^^^^^^^^^^^^^^^^^^^^^^^^^^^^^^\n  File \"C:\\Users\\User\\bsse_software_projects\\year_3\\year_3_mobilenetwork_computing\\local_server\\myenv_local\\Lib\\site-packages\\django_redis\\client\\default.py\", line 300, in get\n    raise ConnectionInterrupted(connection=client) from e\ndjango_redis.exceptions.ConnectionInterrupted: Redis ConnectionError: Error 11001 connecting to redis:6379. getaddrinfo failed.\n\nDuring handling of the above exception, another exception occurred:\n\nTraceback (most recent call last):\n  File \"C:\\Users\\User\\bsse_software_projects\\year_3\\year_3_mobilenetwork_computing\\local_server\\myenv_local\\Lib\\site-packages\\rest_framework\\views.py\", line 503, in dispatch\n    self.initial(request, *args, **kwargs)\n  File \"C:\\Users\\User\\bsse_software_projects\\year_3\\year_3_mobilenetwork_computing\\local_server\\myenv_local\\Lib\\site-packages\\rest_framework\\views.py\", line 422, in initial\n    self.check_throttles(request)\n  File \"C:\\Users\\User\\bsse_software_projects\\year_3\\year_3_mobilenetwork_computing\\local_server\\myenv_local\\Lib\\site-packages\\rest_framework\\views.py\", line 365, in check_throttles\n    if not throttle.allow_request(request, self):\n           ^^^^^^^^^^^^^^^^^^^^^^^^^^^^^^^^^^^^^\n  File \"C:\\Users\\User\\bsse_software_projects\\year_3\\year_3_mobilenetwork_computing\\local_server\\myenv_local\\Lib\\site-packages\\rest_framework\\throttling.py\", line 123, in allow_request\n    self.history = self.cache.get(self.key, [])\n                   ^^^^^^^^^^^^^^^^^^^^^^^^^^^^\n  File \"C:\\Users\\User\\bsse_software_projects\\year_3\\year_3_mobilenetwork_computing\\local_server\\myenv_local\\Lib\\site-packages\\django_redis\\cache.py\", line 92, in get\n    value = self._get(key, default, version, client)\n            ^^^^^^^^^^^^^^^^^^^^^^^^^^^^^^^^^^^^^^^^\n  File \"C:\\Users\\User\\bsse_software_projects\\year_3\\year_3_mobilenetwork_computing\\local_server\\myenv_local\\Lib\\site-packages\\django_redis\\cache.py\", line 36, in _decorator\n    raise e.__cause__  # noqa: B904\n    ^^^^^^^^^^^^^^^^^\n  File \"C:\\Users\\User\\bsse_software_projects\\year_3\\year_3_mobilenetwork_computing\\local_server\\myenv_local\\Lib\\site-packages\\django_redis\\client\\default.py\", line 298, in get\n    value = client.get(key)\n            ^^^^^^^^^^^^^^^\n  File \"C:\\Users\\User\\bsse_software_projects\\year_3\\year_3_mobilenetwork_computing\\local_server\\myenv_local\\Lib\\site-packages\\redis\\commands\\core.py\", line 1834, in get\n    return self.execute_command(\"GET\", name, keys=[name])\n           ^^^^^^^^^^^^^^^^^^^^^^^^^^^^^^^^^^^^^^^^^^^^^^\n  File \"C:\\Users\\User\\bsse_software_projects\\year_3\\year_3_mobilenetwork_computing\\local_server\\myenv_local\\Lib\\site-packages\\redis\\client.py\", line 657, in execute_command\n    return self._execute_command(*args, **options)\n           ^^^^^^^^^^^^^^^^^^^^^^^^^^^^^^^^^^^^^^^\n  File \"C:\\Users\\User\\bsse_software_projects\\year_3\\year_3_mobilenetwork_computing\\local_server\\myenv_local\\Lib\\site-packages\\redis\\client.py\", line 663, in _execute_command\n    conn = self.connection or pool.get_connection()\n                              ^^^^^^^^^^^^^^^^^^^^^\n  File \"C:\\Users\\User\\bsse_software_projects\\year_3\\year_3_mobilenetwork_computing\\local_server\\myenv_local\\Lib\\site-packages\\redis\\utils.py\", line 196, in wrapper\n    return func(*args, **kwargs)\n           ^^^^^^^^^^^^^^^^^^^^^\n  File \"C:\\Users\\User\\bsse_software_projects\\year_3\\year_3_mobilenetwork_computing\\local_server\\myenv_local\\Lib\\site-packages\\redis\\connection.py\", line 2601, in get_connection\n    connection.connect()\n  File \"C:\\Users\\User\\bsse_software_projects\\year_3\\year_3_mobilenetwork_computing\\local_server\\myenv_local\\Lib\\site-packages\\redis\\connection.py\", line 846, in connect\n    self.connect_check_health(check_health=True)\n  File \"C:\\Users\\User\\bsse_software_projects\\year_3\\year_3_mobilenetwork_computing\\local_server\\myenv_local\\Lib\\site-packages\\redis\\connection.py\", line 863, in connect_check_health\n    raise ConnectionError(self._error_message(e))\nredis.exceptions.ConnectionError: Error 11001 connecting to redis:6379. getaddrinfo failed."}
{"asctime": "2025-11-16 20:31:29,700", "levelname": "ERROR", "name": "dineswift", "message": "Unhandled exception: Error 11001 connecting to redis:6379. getaddrinfo failed.", "exc_info": "Traceback (most recent call last):\n  File \"C:\\Users\\User\\bsse_software_projects\\year_3\\year_3_mobilenetwork_computing\\local_server\\myenv_local\\Lib\\site-packages\\django_redis\\cache.py\", line 29, in _decorator\n    return method(self, *args, **kwargs)\n           ^^^^^^^^^^^^^^^^^^^^^^^^^^^^^\n  File \"C:\\Users\\User\\bsse_software_projects\\year_3\\year_3_mobilenetwork_computing\\local_server\\myenv_local\\Lib\\site-packages\\django_redis\\cache.py\", line 99, in _get\n    return self.client.get(key, default=default, version=version, client=client)\n           ^^^^^^^^^^^^^^^^^^^^^^^^^^^^^^^^^^^^^^^^^^^^^^^^^^^^^^^^^^^^^^^^^^^^^\n  File \"C:\\Users\\User\\bsse_software_projects\\year_3\\year_3_mobilenetwork_computing\\local_server\\myenv_local\\Lib\\site-packages\\django_redis\\client\\default.py\", line 300, in get\n    raise ConnectionInterrupted(connection=client) from e\ndjango_redis.exceptions.ConnectionInterrupted: Redis ConnectionError: Error 11001 connecting to redis:6379. getaddrinfo failed.\n\nDuring handling of the above exception, another exception occurred:\n\nTraceback (most recent call last):\n  File \"C:\\Users\\User\\bsse_software_projects\\year_3\\year_3_mobilenetwork_computing\\local_server\\myenv_local\\Lib\\site-packages\\rest_framework\\views.py\", line 503, in dispatch\n    self.initial(request, *args, **kwargs)\n  File \"C:\\Users\\User\\bsse_software_projects\\year_3\\year_3_mobilenetwork_computing\\local_server\\myenv_local\\Lib\\site-packages\\rest_framework\\views.py\", line 422, in initial\n    self.check_throttles(request)\n  File \"C:\\Users\\User\\bsse_software_projects\\year_3\\year_3_mobilenetwork_computing\\local_server\\myenv_local\\Lib\\site-packages\\rest_framework\\views.py\", line 365, in check_throttles\n    if not throttle.allow_request(request, self):\n           ^^^^^^^^^^^^^^^^^^^^^^^^^^^^^^^^^^^^^\n  File \"C:\\Users\\User\\bsse_software_projects\\year_3\\year_3_mobilenetwork_computing\\local_server\\myenv_local\\Lib\\site-packages\\rest_framework\\throttling.py\", line 123, in allow_request\n    self.history = self.cache.get(self.key, [])\n                   ^^^^^^^^^^^^^^^^^^^^^^^^^^^^\n  File \"C:\\Users\\User\\bsse_software_projects\\year_3\\year_3_mobilenetwork_computing\\local_server\\myenv_local\\Lib\\site-packages\\django_redis\\cache.py\", line 92, in get\n    value = self._get(key, default, version, client)\n            ^^^^^^^^^^^^^^^^^^^^^^^^^^^^^^^^^^^^^^^^\n  File \"C:\\Users\\User\\bsse_software_projects\\year_3\\year_3_mobilenetwork_computing\\local_server\\myenv_local\\Lib\\site-packages\\django_redis\\cache.py\", line 36, in _decorator\n    raise e.__cause__  # noqa: B904\n    ^^^^^^^^^^^^^^^^^\n  File \"C:\\Users\\User\\bsse_software_projects\\year_3\\year_3_mobilenetwork_computing\\local_server\\myenv_local\\Lib\\site-packages\\django_redis\\client\\default.py\", line 298, in get\n    value = client.get(key)\n            ^^^^^^^^^^^^^^^\n  File \"C:\\Users\\User\\bsse_software_projects\\year_3\\year_3_mobilenetwork_computing\\local_server\\myenv_local\\Lib\\site-packages\\redis\\commands\\core.py\", line 1834, in get\n    return self.execute_command(\"GET\", name, keys=[name])\n           ^^^^^^^^^^^^^^^^^^^^^^^^^^^^^^^^^^^^^^^^^^^^^^\n  File \"C:\\Users\\User\\bsse_software_projects\\year_3\\year_3_mobilenetwork_computing\\local_server\\myenv_local\\Lib\\site-packages\\redis\\client.py\", line 657, in execute_command\n    return self._execute_command(*args, **options)\n           ^^^^^^^^^^^^^^^^^^^^^^^^^^^^^^^^^^^^^^^\n  File \"C:\\Users\\User\\bsse_software_projects\\year_3\\year_3_mobilenetwork_computing\\local_server\\myenv_local\\Lib\\site-packages\\redis\\client.py\", line 663, in _execute_command\n    conn = self.connection or pool.get_connection()\n                              ^^^^^^^^^^^^^^^^^^^^^\n  File \"C:\\Users\\User\\bsse_software_projects\\year_3\\year_3_mobilenetwork_computing\\local_server\\myenv_local\\Lib\\site-packages\\redis\\utils.py\", line 196, in wrapper\n    return func(*args, **kwargs)\n           ^^^^^^^^^^^^^^^^^^^^^\n  File \"C:\\Users\\User\\bsse_software_projects\\year_3\\year_3_mobilenetwork_computing\\local_server\\myenv_local\\Lib\\site-packages\\redis\\connection.py\", line 2601, in get_connection\n    connection.connect()\n  File \"C:\\Users\\User\\bsse_software_projects\\year_3\\year_3_mobilenetwork_computing\\local_server\\myenv_local\\Lib\\site-packages\\redis\\connection.py\", line 846, in connect\n    self.connect_check_health(check_health=True)\n  File \"C:\\Users\\User\\bsse_software_projects\\year_3\\year_3_mobilenetwork_computing\\local_server\\myenv_local\\Lib\\site-packages\\redis\\connection.py\", line 863, in connect_check_health\n    raise ConnectionError(self._error_message(e))\nredis.exceptions.ConnectionError: Error 11001 connecting to redis:6379. getaddrinfo failed."}
{"asctime": "2025-11-16 21:16:13,481", "levelname": "ERROR", "name": "dineswift", "message": "Unhandled exception: Error 11001 connecting to redis:6379. getaddrinfo failed.", "exc_info": "Traceback (most recent call last):\n  File \"C:\\Users\\User\\bsse_software_projects\\year_3\\year_3_mobilenetwork_computing\\local_server\\myenv_local\\Lib\\site-packages\\django_redis\\cache.py\", line 29, in _decorator\n    return method(self, *args, **kwargs)\n           ^^^^^^^^^^^^^^^^^^^^^^^^^^^^^\n  File \"C:\\Users\\User\\bsse_software_projects\\year_3\\year_3_mobilenetwork_computing\\local_server\\myenv_local\\Lib\\site-packages\\django_redis\\cache.py\", line 99, in _get\n    return self.client.get(key, default=default, version=version, client=client)\n           ^^^^^^^^^^^^^^^^^^^^^^^^^^^^^^^^^^^^^^^^^^^^^^^^^^^^^^^^^^^^^^^^^^^^^\n  File \"C:\\Users\\User\\bsse_software_projects\\year_3\\year_3_mobilenetwork_computing\\local_server\\myenv_local\\Lib\\site-packages\\django_redis\\client\\default.py\", line 300, in get\n    raise ConnectionInterrupted(connection=client) from e\ndjango_redis.exceptions.ConnectionInterrupted: Redis ConnectionError: Error 11001 connecting to redis:6379. getaddrinfo failed.\n\nDuring handling of the above exception, another exception occurred:\n\nTraceback (most recent call last):\n  File \"C:\\Users\\User\\bsse_software_projects\\year_3\\year_3_mobilenetwork_computing\\local_server\\myenv_local\\Lib\\site-packages\\rest_framework\\views.py\", line 503, in dispatch\n    self.initial(request, *args, **kwargs)\n  File \"C:\\Users\\User\\bsse_software_projects\\year_3\\year_3_mobilenetwork_computing\\local_server\\myenv_local\\Lib\\site-packages\\rest_framework\\views.py\", line 422, in initial\n    self.check_throttles(request)\n  File \"C:\\Users\\User\\bsse_software_projects\\year_3\\year_3_mobilenetwork_computing\\local_server\\myenv_local\\Lib\\site-packages\\rest_framework\\views.py\", line 365, in check_throttles\n    if not throttle.allow_request(request, self):\n           ^^^^^^^^^^^^^^^^^^^^^^^^^^^^^^^^^^^^^\n  File \"C:\\Users\\User\\bsse_software_projects\\year_3\\year_3_mobilenetwork_computing\\local_server\\myenv_local\\Lib\\site-packages\\rest_framework\\throttling.py\", line 123, in allow_request\n    self.history = self.cache.get(self.key, [])\n                   ^^^^^^^^^^^^^^^^^^^^^^^^^^^^\n  File \"C:\\Users\\User\\bsse_software_projects\\year_3\\year_3_mobilenetwork_computing\\local_server\\myenv_local\\Lib\\site-packages\\django_redis\\cache.py\", line 92, in get\n    value = self._get(key, default, version, client)\n            ^^^^^^^^^^^^^^^^^^^^^^^^^^^^^^^^^^^^^^^^\n  File \"C:\\Users\\User\\bsse_software_projects\\year_3\\year_3_mobilenetwork_computing\\local_server\\myenv_local\\Lib\\site-packages\\django_redis\\cache.py\", line 36, in _decorator\n    raise e.__cause__  # noqa: B904\n    ^^^^^^^^^^^^^^^^^\n  File \"C:\\Users\\User\\bsse_software_projects\\year_3\\year_3_mobilenetwork_computing\\local_server\\myenv_local\\Lib\\site-packages\\django_redis\\client\\default.py\", line 298, in get\n    value = client.get(key)\n            ^^^^^^^^^^^^^^^\n  File \"C:\\Users\\User\\bsse_software_projects\\year_3\\year_3_mobilenetwork_computing\\local_server\\myenv_local\\Lib\\site-packages\\redis\\commands\\core.py\", line 1834, in get\n    return self.execute_command(\"GET\", name, keys=[name])\n           ^^^^^^^^^^^^^^^^^^^^^^^^^^^^^^^^^^^^^^^^^^^^^^\n  File \"C:\\Users\\User\\bsse_software_projects\\year_3\\year_3_mobilenetwork_computing\\local_server\\myenv_local\\Lib\\site-packages\\redis\\client.py\", line 657, in execute_command\n    return self._execute_command(*args, **options)\n           ^^^^^^^^^^^^^^^^^^^^^^^^^^^^^^^^^^^^^^^\n  File \"C:\\Users\\User\\bsse_software_projects\\year_3\\year_3_mobilenetwork_computing\\local_server\\myenv_local\\Lib\\site-packages\\redis\\client.py\", line 663, in _execute_command\n    conn = self.connection or pool.get_connection()\n                              ^^^^^^^^^^^^^^^^^^^^^\n  File \"C:\\Users\\User\\bsse_software_projects\\year_3\\year_3_mobilenetwork_computing\\local_server\\myenv_local\\Lib\\site-packages\\redis\\utils.py\", line 196, in wrapper\n    return func(*args, **kwargs)\n           ^^^^^^^^^^^^^^^^^^^^^\n  File \"C:\\Users\\User\\bsse_software_projects\\year_3\\year_3_mobilenetwork_computing\\local_server\\myenv_local\\Lib\\site-packages\\redis\\connection.py\", line 2601, in get_connection\n    connection.connect()\n  File \"C:\\Users\\User\\bsse_software_projects\\year_3\\year_3_mobilenetwork_computing\\local_server\\myenv_local\\Lib\\site-packages\\redis\\connection.py\", line 846, in connect\n    self.connect_check_health(check_health=True)\n  File \"C:\\Users\\User\\bsse_software_projects\\year_3\\year_3_mobilenetwork_computing\\local_server\\myenv_local\\Lib\\site-packages\\redis\\connection.py\", line 863, in connect_check_health\n    raise ConnectionError(self._error_message(e))\nredis.exceptions.ConnectionError: Error 11001 connecting to redis:6379. getaddrinfo failed."}
{"asctime": "2025-11-16 21:33:55,976", "levelname": "ERROR", "name": "dineswift", "message": "Unhandled exception: Error 11001 connecting to redis:6379. getaddrinfo failed.", "exc_info": "Traceback (most recent call last):\n  File \"C:\\Users\\User\\bsse_software_projects\\year_3\\year_3_mobilenetwork_computing\\local_server\\myenv_local\\Lib\\site-packages\\django_redis\\cache.py\", line 29, in _decorator\n    return method(self, *args, **kwargs)\n           ^^^^^^^^^^^^^^^^^^^^^^^^^^^^^\n  File \"C:\\Users\\User\\bsse_software_projects\\year_3\\year_3_mobilenetwork_computing\\local_server\\myenv_local\\Lib\\site-packages\\django_redis\\cache.py\", line 99, in _get\n    return self.client.get(key, default=default, version=version, client=client)\n           ^^^^^^^^^^^^^^^^^^^^^^^^^^^^^^^^^^^^^^^^^^^^^^^^^^^^^^^^^^^^^^^^^^^^^\n  File \"C:\\Users\\User\\bsse_software_projects\\year_3\\year_3_mobilenetwork_computing\\local_server\\myenv_local\\Lib\\site-packages\\django_redis\\client\\default.py\", line 300, in get\n    raise ConnectionInterrupted(connection=client) from e\ndjango_redis.exceptions.ConnectionInterrupted: Redis ConnectionError: Error 11001 connecting to redis:6379. getaddrinfo failed.\n\nDuring handling of the above exception, another exception occurred:\n\nTraceback (most recent call last):\n  File \"C:\\Users\\User\\bsse_software_projects\\year_3\\year_3_mobilenetwork_computing\\local_server\\myenv_local\\Lib\\site-packages\\rest_framework\\views.py\", line 503, in dispatch\n    self.initial(request, *args, **kwargs)\n  File \"C:\\Users\\User\\bsse_software_projects\\year_3\\year_3_mobilenetwork_computing\\local_server\\myenv_local\\Lib\\site-packages\\rest_framework\\views.py\", line 422, in initial\n    self.check_throttles(request)\n  File \"C:\\Users\\User\\bsse_software_projects\\year_3\\year_3_mobilenetwork_computing\\local_server\\myenv_local\\Lib\\site-packages\\rest_framework\\views.py\", line 365, in check_throttles\n    if not throttle.allow_request(request, self):\n           ^^^^^^^^^^^^^^^^^^^^^^^^^^^^^^^^^^^^^\n  File \"C:\\Users\\User\\bsse_software_projects\\year_3\\year_3_mobilenetwork_computing\\local_server\\myenv_local\\Lib\\site-packages\\rest_framework\\throttling.py\", line 123, in allow_request\n    self.history = self.cache.get(self.key, [])\n                   ^^^^^^^^^^^^^^^^^^^^^^^^^^^^\n  File \"C:\\Users\\User\\bsse_software_projects\\year_3\\year_3_mobilenetwork_computing\\local_server\\myenv_local\\Lib\\site-packages\\django_redis\\cache.py\", line 92, in get\n    value = self._get(key, default, version, client)\n            ^^^^^^^^^^^^^^^^^^^^^^^^^^^^^^^^^^^^^^^^\n  File \"C:\\Users\\User\\bsse_software_projects\\year_3\\year_3_mobilenetwork_computing\\local_server\\myenv_local\\Lib\\site-packages\\django_redis\\cache.py\", line 36, in _decorator\n    raise e.__cause__  # noqa: B904\n    ^^^^^^^^^^^^^^^^^\n  File \"C:\\Users\\User\\bsse_software_projects\\year_3\\year_3_mobilenetwork_computing\\local_server\\myenv_local\\Lib\\site-packages\\django_redis\\client\\default.py\", line 298, in get\n    value = client.get(key)\n            ^^^^^^^^^^^^^^^\n  File \"C:\\Users\\User\\bsse_software_projects\\year_3\\year_3_mobilenetwork_computing\\local_server\\myenv_local\\Lib\\site-packages\\redis\\commands\\core.py\", line 1834, in get\n    return self.execute_command(\"GET\", name, keys=[name])\n           ^^^^^^^^^^^^^^^^^^^^^^^^^^^^^^^^^^^^^^^^^^^^^^\n  File \"C:\\Users\\User\\bsse_software_projects\\year_3\\year_3_mobilenetwork_computing\\local_server\\myenv_local\\Lib\\site-packages\\redis\\client.py\", line 657, in execute_command\n    return self._execute_command(*args, **options)\n           ^^^^^^^^^^^^^^^^^^^^^^^^^^^^^^^^^^^^^^^\n  File \"C:\\Users\\User\\bsse_software_projects\\year_3\\year_3_mobilenetwork_computing\\local_server\\myenv_local\\Lib\\site-packages\\redis\\client.py\", line 663, in _execute_command\n    conn = self.connection or pool.get_connection()\n                              ^^^^^^^^^^^^^^^^^^^^^\n  File \"C:\\Users\\User\\bsse_software_projects\\year_3\\year_3_mobilenetwork_computing\\local_server\\myenv_local\\Lib\\site-packages\\redis\\utils.py\", line 196, in wrapper\n    return func(*args, **kwargs)\n           ^^^^^^^^^^^^^^^^^^^^^\n  File \"C:\\Users\\User\\bsse_software_projects\\year_3\\year_3_mobilenetwork_computing\\local_server\\myenv_local\\Lib\\site-packages\\redis\\connection.py\", line 2601, in get_connection\n    connection.connect()\n  File \"C:\\Users\\User\\bsse_software_projects\\year_3\\year_3_mobilenetwork_computing\\local_server\\myenv_local\\Lib\\site-packages\\redis\\connection.py\", line 846, in connect\n    self.connect_check_health(check_health=True)\n  File \"C:\\Users\\User\\bsse_software_projects\\year_3\\year_3_mobilenetwork_computing\\local_server\\myenv_local\\Lib\\site-packages\\redis\\connection.py\", line 863, in connect_check_health\n    raise ConnectionError(self._error_message(e))\nredis.exceptions.ConnectionError: Error 11001 connecting to redis:6379. getaddrinfo failed."}
{"asctime": "2025-11-16 21:34:08,684", "levelname": "ERROR", "name": "dineswift", "message": "Unhandled exception: Error 11001 connecting to redis:6379. getaddrinfo failed.", "exc_info": "Traceback (most recent call last):\n  File \"C:\\Users\\User\\bsse_software_projects\\year_3\\year_3_mobilenetwork_computing\\local_server\\myenv_local\\Lib\\site-packages\\django_redis\\cache.py\", line 29, in _decorator\n    return method(self, *args, **kwargs)\n           ^^^^^^^^^^^^^^^^^^^^^^^^^^^^^\n  File \"C:\\Users\\User\\bsse_software_projects\\year_3\\year_3_mobilenetwork_computing\\local_server\\myenv_local\\Lib\\site-packages\\django_redis\\cache.py\", line 99, in _get\n    return self.client.get(key, default=default, version=version, client=client)\n           ^^^^^^^^^^^^^^^^^^^^^^^^^^^^^^^^^^^^^^^^^^^^^^^^^^^^^^^^^^^^^^^^^^^^^\n  File \"C:\\Users\\User\\bsse_software_projects\\year_3\\year_3_mobilenetwork_computing\\local_server\\myenv_local\\Lib\\site-packages\\django_redis\\client\\default.py\", line 300, in get\n    raise ConnectionInterrupted(connection=client) from e\ndjango_redis.exceptions.ConnectionInterrupted: Redis ConnectionError: Error 11001 connecting to redis:6379. getaddrinfo failed.\n\nDuring handling of the above exception, another exception occurred:\n\nTraceback (most recent call last):\n  File \"C:\\Users\\User\\bsse_software_projects\\year_3\\year_3_mobilenetwork_computing\\local_server\\myenv_local\\Lib\\site-packages\\rest_framework\\views.py\", line 503, in dispatch\n    self.initial(request, *args, **kwargs)\n  File \"C:\\Users\\User\\bsse_software_projects\\year_3\\year_3_mobilenetwork_computing\\local_server\\myenv_local\\Lib\\site-packages\\rest_framework\\views.py\", line 422, in initial\n    self.check_throttles(request)\n  File \"C:\\Users\\User\\bsse_software_projects\\year_3\\year_3_mobilenetwork_computing\\local_server\\myenv_local\\Lib\\site-packages\\rest_framework\\views.py\", line 365, in check_throttles\n    if not throttle.allow_request(request, self):\n           ^^^^^^^^^^^^^^^^^^^^^^^^^^^^^^^^^^^^^\n  File \"C:\\Users\\User\\bsse_software_projects\\year_3\\year_3_mobilenetwork_computing\\local_server\\myenv_local\\Lib\\site-packages\\rest_framework\\throttling.py\", line 123, in allow_request\n    self.history = self.cache.get(self.key, [])\n                   ^^^^^^^^^^^^^^^^^^^^^^^^^^^^\n  File \"C:\\Users\\User\\bsse_software_projects\\year_3\\year_3_mobilenetwork_computing\\local_server\\myenv_local\\Lib\\site-packages\\django_redis\\cache.py\", line 92, in get\n    value = self._get(key, default, version, client)\n            ^^^^^^^^^^^^^^^^^^^^^^^^^^^^^^^^^^^^^^^^\n  File \"C:\\Users\\User\\bsse_software_projects\\year_3\\year_3_mobilenetwork_computing\\local_server\\myenv_local\\Lib\\site-packages\\django_redis\\cache.py\", line 36, in _decorator\n    raise e.__cause__  # noqa: B904\n    ^^^^^^^^^^^^^^^^^\n  File \"C:\\Users\\User\\bsse_software_projects\\year_3\\year_3_mobilenetwork_computing\\local_server\\myenv_local\\Lib\\site-packages\\django_redis\\client\\default.py\", line 298, in get\n    value = client.get(key)\n            ^^^^^^^^^^^^^^^\n  File \"C:\\Users\\User\\bsse_software_projects\\year_3\\year_3_mobilenetwork_computing\\local_server\\myenv_local\\Lib\\site-packages\\redis\\commands\\core.py\", line 1834, in get\n    return self.execute_command(\"GET\", name, keys=[name])\n           ^^^^^^^^^^^^^^^^^^^^^^^^^^^^^^^^^^^^^^^^^^^^^^\n  File \"C:\\Users\\User\\bsse_software_projects\\year_3\\year_3_mobilenetwork_computing\\local_server\\myenv_local\\Lib\\site-packages\\redis\\client.py\", line 657, in execute_command\n    return self._execute_command(*args, **options)\n           ^^^^^^^^^^^^^^^^^^^^^^^^^^^^^^^^^^^^^^^\n  File \"C:\\Users\\User\\bsse_software_projects\\year_3\\year_3_mobilenetwork_computing\\local_server\\myenv_local\\Lib\\site-packages\\redis\\client.py\", line 663, in _execute_command\n    conn = self.connection or pool.get_connection()\n                              ^^^^^^^^^^^^^^^^^^^^^\n  File \"C:\\Users\\User\\bsse_software_projects\\year_3\\year_3_mobilenetwork_computing\\local_server\\myenv_local\\Lib\\site-packages\\redis\\utils.py\", line 196, in wrapper\n    return func(*args, **kwargs)\n           ^^^^^^^^^^^^^^^^^^^^^\n  File \"C:\\Users\\User\\bsse_software_projects\\year_3\\year_3_mobilenetwork_computing\\local_server\\myenv_local\\Lib\\site-packages\\redis\\connection.py\", line 2601, in get_connection\n    connection.connect()\n  File \"C:\\Users\\User\\bsse_software_projects\\year_3\\year_3_mobilenetwork_computing\\local_server\\myenv_local\\Lib\\site-packages\\redis\\connection.py\", line 846, in connect\n    self.connect_check_health(check_health=True)\n  File \"C:\\Users\\User\\bsse_software_projects\\year_3\\year_3_mobilenetwork_computing\\local_server\\myenv_local\\Lib\\site-packages\\redis\\connection.py\", line 863, in connect_check_health\n    raise ConnectionError(self._error_message(e))\nredis.exceptions.ConnectionError: Error 11001 connecting to redis:6379. getaddrinfo failed."}
{"asctime": "2025-11-16 21:47:56,771", "levelname": "ERROR", "name": "dineswift", "message": "Unhandled exception: Error 11001 connecting to redis:6379. getaddrinfo failed.", "exc_info": "Traceback (most recent call last):\n  File \"C:\\Users\\User\\bsse_software_projects\\year_3\\year_3_mobilenetwork_computing\\local_server\\myenv_local\\Lib\\site-packages\\django_redis\\cache.py\", line 29, in _decorator\n    return method(self, *args, **kwargs)\n           ^^^^^^^^^^^^^^^^^^^^^^^^^^^^^\n  File \"C:\\Users\\User\\bsse_software_projects\\year_3\\year_3_mobilenetwork_computing\\local_server\\myenv_local\\Lib\\site-packages\\django_redis\\cache.py\", line 99, in _get\n    return self.client.get(key, default=default, version=version, client=client)\n           ^^^^^^^^^^^^^^^^^^^^^^^^^^^^^^^^^^^^^^^^^^^^^^^^^^^^^^^^^^^^^^^^^^^^^\n  File \"C:\\Users\\User\\bsse_software_projects\\year_3\\year_3_mobilenetwork_computing\\local_server\\myenv_local\\Lib\\site-packages\\django_redis\\client\\default.py\", line 300, in get\n    raise ConnectionInterrupted(connection=client) from e\ndjango_redis.exceptions.ConnectionInterrupted: Redis ConnectionError: Error 11001 connecting to redis:6379. getaddrinfo failed.\n\nDuring handling of the above exception, another exception occurred:\n\nTraceback (most recent call last):\n  File \"C:\\Users\\User\\bsse_software_projects\\year_3\\year_3_mobilenetwork_computing\\local_server\\myenv_local\\Lib\\site-packages\\rest_framework\\views.py\", line 503, in dispatch\n    self.initial(request, *args, **kwargs)\n  File \"C:\\Users\\User\\bsse_software_projects\\year_3\\year_3_mobilenetwork_computing\\local_server\\myenv_local\\Lib\\site-packages\\rest_framework\\views.py\", line 422, in initial\n    self.check_throttles(request)\n  File \"C:\\Users\\User\\bsse_software_projects\\year_3\\year_3_mobilenetwork_computing\\local_server\\myenv_local\\Lib\\site-packages\\rest_framework\\views.py\", line 365, in check_throttles\n    if not throttle.allow_request(request, self):\n           ^^^^^^^^^^^^^^^^^^^^^^^^^^^^^^^^^^^^^\n  File \"C:\\Users\\User\\bsse_software_projects\\year_3\\year_3_mobilenetwork_computing\\local_server\\myenv_local\\Lib\\site-packages\\rest_framework\\throttling.py\", line 123, in allow_request\n    self.history = self.cache.get(self.key, [])\n                   ^^^^^^^^^^^^^^^^^^^^^^^^^^^^\n  File \"C:\\Users\\User\\bsse_software_projects\\year_3\\year_3_mobilenetwork_computing\\local_server\\myenv_local\\Lib\\site-packages\\django_redis\\cache.py\", line 92, in get\n    value = self._get(key, default, version, client)\n            ^^^^^^^^^^^^^^^^^^^^^^^^^^^^^^^^^^^^^^^^\n  File \"C:\\Users\\User\\bsse_software_projects\\year_3\\year_3_mobilenetwork_computing\\local_server\\myenv_local\\Lib\\site-packages\\django_redis\\cache.py\", line 36, in _decorator\n    raise e.__cause__  # noqa: B904\n    ^^^^^^^^^^^^^^^^^\n  File \"C:\\Users\\User\\bsse_software_projects\\year_3\\year_3_mobilenetwork_computing\\local_server\\myenv_local\\Lib\\site-packages\\django_redis\\client\\default.py\", line 298, in get\n    value = client.get(key)\n            ^^^^^^^^^^^^^^^\n  File \"C:\\Users\\User\\bsse_software_projects\\year_3\\year_3_mobilenetwork_computing\\local_server\\myenv_local\\Lib\\site-packages\\redis\\commands\\core.py\", line 1834, in get\n    return self.execute_command(\"GET\", name, keys=[name])\n           ^^^^^^^^^^^^^^^^^^^^^^^^^^^^^^^^^^^^^^^^^^^^^^\n  File \"C:\\Users\\User\\bsse_software_projects\\year_3\\year_3_mobilenetwork_computing\\local_server\\myenv_local\\Lib\\site-packages\\redis\\client.py\", line 657, in execute_command\n    return self._execute_command(*args, **options)\n           ^^^^^^^^^^^^^^^^^^^^^^^^^^^^^^^^^^^^^^^\n  File \"C:\\Users\\User\\bsse_software_projects\\year_3\\year_3_mobilenetwork_computing\\local_server\\myenv_local\\Lib\\site-packages\\redis\\client.py\", line 663, in _execute_command\n    conn = self.connection or pool.get_connection()\n                              ^^^^^^^^^^^^^^^^^^^^^\n  File \"C:\\Users\\User\\bsse_software_projects\\year_3\\year_3_mobilenetwork_computing\\local_server\\myenv_local\\Lib\\site-packages\\redis\\utils.py\", line 196, in wrapper\n    return func(*args, **kwargs)\n           ^^^^^^^^^^^^^^^^^^^^^\n  File \"C:\\Users\\User\\bsse_software_projects\\year_3\\year_3_mobilenetwork_computing\\local_server\\myenv_local\\Lib\\site-packages\\redis\\connection.py\", line 2601, in get_connection\n    connection.connect()\n  File \"C:\\Users\\User\\bsse_software_projects\\year_3\\year_3_mobilenetwork_computing\\local_server\\myenv_local\\Lib\\site-packages\\redis\\connection.py\", line 846, in connect\n    self.connect_check_health(check_health=True)\n  File \"C:\\Users\\User\\bsse_software_projects\\year_3\\year_3_mobilenetwork_computing\\local_server\\myenv_local\\Lib\\site-packages\\redis\\connection.py\", line 863, in connect_check_health\n    raise ConnectionError(self._error_message(e))\nredis.exceptions.ConnectionError: Error 11001 connecting to redis:6379. getaddrinfo failed."}
{"asctime": "2025-11-16 21:49:12,741", "levelname": "ERROR", "name": "dineswift", "message": "Unhandled exception: Error 11001 connecting to redis:6379. getaddrinfo failed.", "exc_info": "Traceback (most recent call last):\n  File \"C:\\Users\\User\\bsse_software_projects\\year_3\\year_3_mobilenetwork_computing\\local_server\\myenv_local\\Lib\\site-packages\\django_redis\\cache.py\", line 29, in _decorator\n    return method(self, *args, **kwargs)\n           ^^^^^^^^^^^^^^^^^^^^^^^^^^^^^\n  File \"C:\\Users\\User\\bsse_software_projects\\year_3\\year_3_mobilenetwork_computing\\local_server\\myenv_local\\Lib\\site-packages\\django_redis\\cache.py\", line 99, in _get\n    return self.client.get(key, default=default, version=version, client=client)\n           ^^^^^^^^^^^^^^^^^^^^^^^^^^^^^^^^^^^^^^^^^^^^^^^^^^^^^^^^^^^^^^^^^^^^^\n  File \"C:\\Users\\User\\bsse_software_projects\\year_3\\year_3_mobilenetwork_computing\\local_server\\myenv_local\\Lib\\site-packages\\django_redis\\client\\default.py\", line 300, in get\n    raise ConnectionInterrupted(connection=client) from e\ndjango_redis.exceptions.ConnectionInterrupted: Redis ConnectionError: Error 11001 connecting to redis:6379. getaddrinfo failed.\n\nDuring handling of the above exception, another exception occurred:\n\nTraceback (most recent call last):\n  File \"C:\\Users\\User\\bsse_software_projects\\year_3\\year_3_mobilenetwork_computing\\local_server\\myenv_local\\Lib\\site-packages\\rest_framework\\views.py\", line 503, in dispatch\n    self.initial(request, *args, **kwargs)\n  File \"C:\\Users\\User\\bsse_software_projects\\year_3\\year_3_mobilenetwork_computing\\local_server\\myenv_local\\Lib\\site-packages\\rest_framework\\views.py\", line 422, in initial\n    self.check_throttles(request)\n  File \"C:\\Users\\User\\bsse_software_projects\\year_3\\year_3_mobilenetwork_computing\\local_server\\myenv_local\\Lib\\site-packages\\rest_framework\\views.py\", line 365, in check_throttles\n    if not throttle.allow_request(request, self):\n           ^^^^^^^^^^^^^^^^^^^^^^^^^^^^^^^^^^^^^\n  File \"C:\\Users\\User\\bsse_software_projects\\year_3\\year_3_mobilenetwork_computing\\local_server\\myenv_local\\Lib\\site-packages\\rest_framework\\throttling.py\", line 123, in allow_request\n    self.history = self.cache.get(self.key, [])\n                   ^^^^^^^^^^^^^^^^^^^^^^^^^^^^\n  File \"C:\\Users\\User\\bsse_software_projects\\year_3\\year_3_mobilenetwork_computing\\local_server\\myenv_local\\Lib\\site-packages\\django_redis\\cache.py\", line 92, in get\n    value = self._get(key, default, version, client)\n            ^^^^^^^^^^^^^^^^^^^^^^^^^^^^^^^^^^^^^^^^\n  File \"C:\\Users\\User\\bsse_software_projects\\year_3\\year_3_mobilenetwork_computing\\local_server\\myenv_local\\Lib\\site-packages\\django_redis\\cache.py\", line 36, in _decorator\n    raise e.__cause__  # noqa: B904\n    ^^^^^^^^^^^^^^^^^\n  File \"C:\\Users\\User\\bsse_software_projects\\year_3\\year_3_mobilenetwork_computing\\local_server\\myenv_local\\Lib\\site-packages\\django_redis\\client\\default.py\", line 298, in get\n    value = client.get(key)\n            ^^^^^^^^^^^^^^^\n  File \"C:\\Users\\User\\bsse_software_projects\\year_3\\year_3_mobilenetwork_computing\\local_server\\myenv_local\\Lib\\site-packages\\redis\\commands\\core.py\", line 1834, in get\n    return self.execute_command(\"GET\", name, keys=[name])\n           ^^^^^^^^^^^^^^^^^^^^^^^^^^^^^^^^^^^^^^^^^^^^^^\n  File \"C:\\Users\\User\\bsse_software_projects\\year_3\\year_3_mobilenetwork_computing\\local_server\\myenv_local\\Lib\\site-packages\\redis\\client.py\", line 657, in execute_command\n    return self._execute_command(*args, **options)\n           ^^^^^^^^^^^^^^^^^^^^^^^^^^^^^^^^^^^^^^^\n  File \"C:\\Users\\User\\bsse_software_projects\\year_3\\year_3_mobilenetwork_computing\\local_server\\myenv_local\\Lib\\site-packages\\redis\\client.py\", line 663, in _execute_command\n    conn = self.connection or pool.get_connection()\n                              ^^^^^^^^^^^^^^^^^^^^^\n  File \"C:\\Users\\User\\bsse_software_projects\\year_3\\year_3_mobilenetwork_computing\\local_server\\myenv_local\\Lib\\site-packages\\redis\\utils.py\", line 196, in wrapper\n    return func(*args, **kwargs)\n           ^^^^^^^^^^^^^^^^^^^^^\n  File \"C:\\Users\\User\\bsse_software_projects\\year_3\\year_3_mobilenetwork_computing\\local_server\\myenv_local\\Lib\\site-packages\\redis\\connection.py\", line 2601, in get_connection\n    connection.connect()\n  File \"C:\\Users\\User\\bsse_software_projects\\year_3\\year_3_mobilenetwork_computing\\local_server\\myenv_local\\Lib\\site-packages\\redis\\connection.py\", line 846, in connect\n    self.connect_check_health(check_health=True)\n  File \"C:\\Users\\User\\bsse_software_projects\\year_3\\year_3_mobilenetwork_computing\\local_server\\myenv_local\\Lib\\site-packages\\redis\\connection.py\", line 863, in connect_check_health\n    raise ConnectionError(self._error_message(e))\nredis.exceptions.ConnectionError: Error 11001 connecting to redis:6379. getaddrinfo failed."}
{"asctime": "2025-11-16 21:51:28,690", "levelname": "ERROR", "name": "dineswift", "message": "Unhandled exception: Error 11001 connecting to redis:6379. getaddrinfo failed.", "exc_info": "Traceback (most recent call last):\n  File \"C:\\Users\\User\\bsse_software_projects\\year_3\\year_3_mobilenetwork_computing\\local_server\\myenv_local\\Lib\\site-packages\\django_redis\\cache.py\", line 29, in _decorator\n    return method(self, *args, **kwargs)\n           ^^^^^^^^^^^^^^^^^^^^^^^^^^^^^\n  File \"C:\\Users\\User\\bsse_software_projects\\year_3\\year_3_mobilenetwork_computing\\local_server\\myenv_local\\Lib\\site-packages\\django_redis\\cache.py\", line 99, in _get\n    return self.client.get(key, default=default, version=version, client=client)\n           ^^^^^^^^^^^^^^^^^^^^^^^^^^^^^^^^^^^^^^^^^^^^^^^^^^^^^^^^^^^^^^^^^^^^^\n  File \"C:\\Users\\User\\bsse_software_projects\\year_3\\year_3_mobilenetwork_computing\\local_server\\myenv_local\\Lib\\site-packages\\django_redis\\client\\default.py\", line 300, in get\n    raise ConnectionInterrupted(connection=client) from e\ndjango_redis.exceptions.ConnectionInterrupted: Redis ConnectionError: Error 11001 connecting to redis:6379. getaddrinfo failed.\n\nDuring handling of the above exception, another exception occurred:\n\nTraceback (most recent call last):\n  File \"C:\\Users\\User\\bsse_software_projects\\year_3\\year_3_mobilenetwork_computing\\local_server\\myenv_local\\Lib\\site-packages\\rest_framework\\views.py\", line 503, in dispatch\n    self.initial(request, *args, **kwargs)\n  File \"C:\\Users\\User\\bsse_software_projects\\year_3\\year_3_mobilenetwork_computing\\local_server\\myenv_local\\Lib\\site-packages\\rest_framework\\views.py\", line 422, in initial\n    self.check_throttles(request)\n  File \"C:\\Users\\User\\bsse_software_projects\\year_3\\year_3_mobilenetwork_computing\\local_server\\myenv_local\\Lib\\site-packages\\rest_framework\\views.py\", line 365, in check_throttles\n    if not throttle.allow_request(request, self):\n           ^^^^^^^^^^^^^^^^^^^^^^^^^^^^^^^^^^^^^\n  File \"C:\\Users\\User\\bsse_software_projects\\year_3\\year_3_mobilenetwork_computing\\local_server\\myenv_local\\Lib\\site-packages\\rest_framework\\throttling.py\", line 123, in allow_request\n    self.history = self.cache.get(self.key, [])\n                   ^^^^^^^^^^^^^^^^^^^^^^^^^^^^\n  File \"C:\\Users\\User\\bsse_software_projects\\year_3\\year_3_mobilenetwork_computing\\local_server\\myenv_local\\Lib\\site-packages\\django_redis\\cache.py\", line 92, in get\n    value = self._get(key, default, version, client)\n            ^^^^^^^^^^^^^^^^^^^^^^^^^^^^^^^^^^^^^^^^\n  File \"C:\\Users\\User\\bsse_software_projects\\year_3\\year_3_mobilenetwork_computing\\local_server\\myenv_local\\Lib\\site-packages\\django_redis\\cache.py\", line 36, in _decorator\n    raise e.__cause__  # noqa: B904\n    ^^^^^^^^^^^^^^^^^\n  File \"C:\\Users\\User\\bsse_software_projects\\year_3\\year_3_mobilenetwork_computing\\local_server\\myenv_local\\Lib\\site-packages\\django_redis\\client\\default.py\", line 298, in get\n    value = client.get(key)\n            ^^^^^^^^^^^^^^^\n  File \"C:\\Users\\User\\bsse_software_projects\\year_3\\year_3_mobilenetwork_computing\\local_server\\myenv_local\\Lib\\site-packages\\redis\\commands\\core.py\", line 1834, in get\n    return self.execute_command(\"GET\", name, keys=[name])\n           ^^^^^^^^^^^^^^^^^^^^^^^^^^^^^^^^^^^^^^^^^^^^^^\n  File \"C:\\Users\\User\\bsse_software_projects\\year_3\\year_3_mobilenetwork_computing\\local_server\\myenv_local\\Lib\\site-packages\\redis\\client.py\", line 657, in execute_command\n    return self._execute_command(*args, **options)\n           ^^^^^^^^^^^^^^^^^^^^^^^^^^^^^^^^^^^^^^^\n  File \"C:\\Users\\User\\bsse_software_projects\\year_3\\year_3_mobilenetwork_computing\\local_server\\myenv_local\\Lib\\site-packages\\redis\\client.py\", line 663, in _execute_command\n    conn = self.connection or pool.get_connection()\n                              ^^^^^^^^^^^^^^^^^^^^^\n  File \"C:\\Users\\User\\bsse_software_projects\\year_3\\year_3_mobilenetwork_computing\\local_server\\myenv_local\\Lib\\site-packages\\redis\\utils.py\", line 196, in wrapper\n    return func(*args, **kwargs)\n           ^^^^^^^^^^^^^^^^^^^^^\n  File \"C:\\Users\\User\\bsse_software_projects\\year_3\\year_3_mobilenetwork_computing\\local_server\\myenv_local\\Lib\\site-packages\\redis\\connection.py\", line 2601, in get_connection\n    connection.connect()\n  File \"C:\\Users\\User\\bsse_software_projects\\year_3\\year_3_mobilenetwork_computing\\local_server\\myenv_local\\Lib\\site-packages\\redis\\connection.py\", line 846, in connect\n    self.connect_check_health(check_health=True)\n  File \"C:\\Users\\User\\bsse_software_projects\\year_3\\year_3_mobilenetwork_computing\\local_server\\myenv_local\\Lib\\site-packages\\redis\\connection.py\", line 863, in connect_check_health\n    raise ConnectionError(self._error_message(e))\nredis.exceptions.ConnectionError: Error 11001 connecting to redis:6379. getaddrinfo failed."}
{"asctime": "2025-11-16 21:51:40,499", "levelname": "ERROR", "name": "dineswift", "message": "Unhandled exception: Error 11001 connecting to redis:6379. getaddrinfo failed.", "exc_info": "Traceback (most recent call last):\n  File \"C:\\Users\\User\\bsse_software_projects\\year_3\\year_3_mobilenetwork_computing\\local_server\\myenv_local\\Lib\\site-packages\\django_redis\\cache.py\", line 29, in _decorator\n    return method(self, *args, **kwargs)\n           ^^^^^^^^^^^^^^^^^^^^^^^^^^^^^\n  File \"C:\\Users\\User\\bsse_software_projects\\year_3\\year_3_mobilenetwork_computing\\local_server\\myenv_local\\Lib\\site-packages\\django_redis\\cache.py\", line 99, in _get\n    return self.client.get(key, default=default, version=version, client=client)\n           ^^^^^^^^^^^^^^^^^^^^^^^^^^^^^^^^^^^^^^^^^^^^^^^^^^^^^^^^^^^^^^^^^^^^^\n  File \"C:\\Users\\User\\bsse_software_projects\\year_3\\year_3_mobilenetwork_computing\\local_server\\myenv_local\\Lib\\site-packages\\django_redis\\client\\default.py\", line 300, in get\n    raise ConnectionInterrupted(connection=client) from e\ndjango_redis.exceptions.ConnectionInterrupted: Redis ConnectionError: Error 11001 connecting to redis:6379. getaddrinfo failed.\n\nDuring handling of the above exception, another exception occurred:\n\nTraceback (most recent call last):\n  File \"C:\\Users\\User\\bsse_software_projects\\year_3\\year_3_mobilenetwork_computing\\local_server\\myenv_local\\Lib\\site-packages\\rest_framework\\views.py\", line 503, in dispatch\n    self.initial(request, *args, **kwargs)\n  File \"C:\\Users\\User\\bsse_software_projects\\year_3\\year_3_mobilenetwork_computing\\local_server\\myenv_local\\Lib\\site-packages\\rest_framework\\views.py\", line 422, in initial\n    self.check_throttles(request)\n  File \"C:\\Users\\User\\bsse_software_projects\\year_3\\year_3_mobilenetwork_computing\\local_server\\myenv_local\\Lib\\site-packages\\rest_framework\\views.py\", line 365, in check_throttles\n    if not throttle.allow_request(request, self):\n           ^^^^^^^^^^^^^^^^^^^^^^^^^^^^^^^^^^^^^\n  File \"C:\\Users\\User\\bsse_software_projects\\year_3\\year_3_mobilenetwork_computing\\local_server\\myenv_local\\Lib\\site-packages\\rest_framework\\throttling.py\", line 123, in allow_request\n    self.history = self.cache.get(self.key, [])\n                   ^^^^^^^^^^^^^^^^^^^^^^^^^^^^\n  File \"C:\\Users\\User\\bsse_software_projects\\year_3\\year_3_mobilenetwork_computing\\local_server\\myenv_local\\Lib\\site-packages\\django_redis\\cache.py\", line 92, in get\n    value = self._get(key, default, version, client)\n            ^^^^^^^^^^^^^^^^^^^^^^^^^^^^^^^^^^^^^^^^\n  File \"C:\\Users\\User\\bsse_software_projects\\year_3\\year_3_mobilenetwork_computing\\local_server\\myenv_local\\Lib\\site-packages\\django_redis\\cache.py\", line 36, in _decorator\n    raise e.__cause__  # noqa: B904\n    ^^^^^^^^^^^^^^^^^\n  File \"C:\\Users\\User\\bsse_software_projects\\year_3\\year_3_mobilenetwork_computing\\local_server\\myenv_local\\Lib\\site-packages\\django_redis\\client\\default.py\", line 298, in get\n    value = client.get(key)\n            ^^^^^^^^^^^^^^^\n  File \"C:\\Users\\User\\bsse_software_projects\\year_3\\year_3_mobilenetwork_computing\\local_server\\myenv_local\\Lib\\site-packages\\redis\\commands\\core.py\", line 1834, in get\n    return self.execute_command(\"GET\", name, keys=[name])\n           ^^^^^^^^^^^^^^^^^^^^^^^^^^^^^^^^^^^^^^^^^^^^^^\n  File \"C:\\Users\\User\\bsse_software_projects\\year_3\\year_3_mobilenetwork_computing\\local_server\\myenv_local\\Lib\\site-packages\\redis\\client.py\", line 657, in execute_command\n    return self._execute_command(*args, **options)\n           ^^^^^^^^^^^^^^^^^^^^^^^^^^^^^^^^^^^^^^^\n  File \"C:\\Users\\User\\bsse_software_projects\\year_3\\year_3_mobilenetwork_computing\\local_server\\myenv_local\\Lib\\site-packages\\redis\\client.py\", line 663, in _execute_command\n    conn = self.connection or pool.get_connection()\n                              ^^^^^^^^^^^^^^^^^^^^^\n  File \"C:\\Users\\User\\bsse_software_projects\\year_3\\year_3_mobilenetwork_computing\\local_server\\myenv_local\\Lib\\site-packages\\redis\\utils.py\", line 196, in wrapper\n    return func(*args, **kwargs)\n           ^^^^^^^^^^^^^^^^^^^^^\n  File \"C:\\Users\\User\\bsse_software_projects\\year_3\\year_3_mobilenetwork_computing\\local_server\\myenv_local\\Lib\\site-packages\\redis\\connection.py\", line 2601, in get_connection\n    connection.connect()\n  File \"C:\\Users\\User\\bsse_software_projects\\year_3\\year_3_mobilenetwork_computing\\local_server\\myenv_local\\Lib\\site-packages\\redis\\connection.py\", line 846, in connect\n    self.connect_check_health(check_health=True)\n  File \"C:\\Users\\User\\bsse_software_projects\\year_3\\year_3_mobilenetwork_computing\\local_server\\myenv_local\\Lib\\site-packages\\redis\\connection.py\", line 863, in connect_check_health\n    raise ConnectionError(self._error_message(e))\nredis.exceptions.ConnectionError: Error 11001 connecting to redis:6379. getaddrinfo failed."}
{"asctime": "2025-11-18 09:21:33,169", "levelname": "ERROR", "name": "dineswift", "message": "Unhandled exception: Error 11001 connecting to redis:6379. getaddrinfo failed.", "exc_info": "Traceback (most recent call last):\n  File \"C:\\Users\\User\\bsse_software_projects\\year_3\\year_3_mobilenetwork_computing\\local_server\\myenv_local\\Lib\\site-packages\\django_redis\\cache.py\", line 29, in _decorator\n    return method(self, *args, **kwargs)\n           ^^^^^^^^^^^^^^^^^^^^^^^^^^^^^\n  File \"C:\\Users\\User\\bsse_software_projects\\year_3\\year_3_mobilenetwork_computing\\local_server\\myenv_local\\Lib\\site-packages\\django_redis\\cache.py\", line 99, in _get\n    return self.client.get(key, default=default, version=version, client=client)\n           ^^^^^^^^^^^^^^^^^^^^^^^^^^^^^^^^^^^^^^^^^^^^^^^^^^^^^^^^^^^^^^^^^^^^^\n  File \"C:\\Users\\User\\bsse_software_projects\\year_3\\year_3_mobilenetwork_computing\\local_server\\myenv_local\\Lib\\site-packages\\django_redis\\client\\default.py\", line 300, in get\n    raise ConnectionInterrupted(connection=client) from e\ndjango_redis.exceptions.ConnectionInterrupted: Redis ConnectionError: Error 11001 connecting to redis:6379. getaddrinfo failed.\n\nDuring handling of the above exception, another exception occurred:\n\nTraceback (most recent call last):\n  File \"C:\\Users\\User\\bsse_software_projects\\year_3\\year_3_mobilenetwork_computing\\local_server\\myenv_local\\Lib\\site-packages\\rest_framework\\views.py\", line 503, in dispatch\n    self.initial(request, *args, **kwargs)\n  File \"C:\\Users\\User\\bsse_software_projects\\year_3\\year_3_mobilenetwork_computing\\local_server\\myenv_local\\Lib\\site-packages\\rest_framework\\views.py\", line 422, in initial\n    self.check_throttles(request)\n  File \"C:\\Users\\User\\bsse_software_projects\\year_3\\year_3_mobilenetwork_computing\\local_server\\myenv_local\\Lib\\site-packages\\rest_framework\\views.py\", line 365, in check_throttles\n    if not throttle.allow_request(request, self):\n           ^^^^^^^^^^^^^^^^^^^^^^^^^^^^^^^^^^^^^\n  File \"C:\\Users\\User\\bsse_software_projects\\year_3\\year_3_mobilenetwork_computing\\local_server\\myenv_local\\Lib\\site-packages\\rest_framework\\throttling.py\", line 123, in allow_request\n    self.history = self.cache.get(self.key, [])\n                   ^^^^^^^^^^^^^^^^^^^^^^^^^^^^\n  File \"C:\\Users\\User\\bsse_software_projects\\year_3\\year_3_mobilenetwork_computing\\local_server\\myenv_local\\Lib\\site-packages\\django_redis\\cache.py\", line 92, in get\n    value = self._get(key, default, version, client)\n            ^^^^^^^^^^^^^^^^^^^^^^^^^^^^^^^^^^^^^^^^\n  File \"C:\\Users\\User\\bsse_software_projects\\year_3\\year_3_mobilenetwork_computing\\local_server\\myenv_local\\Lib\\site-packages\\django_redis\\cache.py\", line 36, in _decorator\n    raise e.__cause__  # noqa: B904\n    ^^^^^^^^^^^^^^^^^\n  File \"C:\\Users\\User\\bsse_software_projects\\year_3\\year_3_mobilenetwork_computing\\local_server\\myenv_local\\Lib\\site-packages\\django_redis\\client\\default.py\", line 298, in get\n    value = client.get(key)\n            ^^^^^^^^^^^^^^^\n  File \"C:\\Users\\User\\bsse_software_projects\\year_3\\year_3_mobilenetwork_computing\\local_server\\myenv_local\\Lib\\site-packages\\redis\\commands\\core.py\", line 1834, in get\n    return self.execute_command(\"GET\", name, keys=[name])\n           ^^^^^^^^^^^^^^^^^^^^^^^^^^^^^^^^^^^^^^^^^^^^^^\n  File \"C:\\Users\\User\\bsse_software_projects\\year_3\\year_3_mobilenetwork_computing\\local_server\\myenv_local\\Lib\\site-packages\\redis\\client.py\", line 657, in execute_command\n    return self._execute_command(*args, **options)\n           ^^^^^^^^^^^^^^^^^^^^^^^^^^^^^^^^^^^^^^^\n  File \"C:\\Users\\User\\bsse_software_projects\\year_3\\year_3_mobilenetwork_computing\\local_server\\myenv_local\\Lib\\site-packages\\redis\\client.py\", line 663, in _execute_command\n    conn = self.connection or pool.get_connection()\n                              ^^^^^^^^^^^^^^^^^^^^^\n  File \"C:\\Users\\User\\bsse_software_projects\\year_3\\year_3_mobilenetwork_computing\\local_server\\myenv_local\\Lib\\site-packages\\redis\\utils.py\", line 196, in wrapper\n    return func(*args, **kwargs)\n           ^^^^^^^^^^^^^^^^^^^^^\n  File \"C:\\Users\\User\\bsse_software_projects\\year_3\\year_3_mobilenetwork_computing\\local_server\\myenv_local\\Lib\\site-packages\\redis\\connection.py\", line 2601, in get_connection\n    connection.connect()\n  File \"C:\\Users\\User\\bsse_software_projects\\year_3\\year_3_mobilenetwork_computing\\local_server\\myenv_local\\Lib\\site-packages\\redis\\connection.py\", line 846, in connect\n    self.connect_check_health(check_health=True)\n  File \"C:\\Users\\User\\bsse_software_projects\\year_3\\year_3_mobilenetwork_computing\\local_server\\myenv_local\\Lib\\site-packages\\redis\\connection.py\", line 863, in connect_check_health\n    raise ConnectionError(self._error_message(e))\nredis.exceptions.ConnectionError: Error 11001 connecting to redis:6379. getaddrinfo failed."}
{"asctime": "2025-11-18 09:32:46,836", "levelname": "ERROR", "name": "dineswift", "message": "Unhandled exception: Error 11001 connecting to redis:6379. getaddrinfo failed.", "exc_info": "Traceback (most recent call last):\n  File \"C:\\Users\\User\\bsse_software_projects\\year_3\\year_3_mobilenetwork_computing\\local_server\\myenv_local\\Lib\\site-packages\\django_redis\\cache.py\", line 29, in _decorator\n    return method(self, *args, **kwargs)\n           ^^^^^^^^^^^^^^^^^^^^^^^^^^^^^\n  File \"C:\\Users\\User\\bsse_software_projects\\year_3\\year_3_mobilenetwork_computing\\local_server\\myenv_local\\Lib\\site-packages\\django_redis\\cache.py\", line 99, in _get\n    return self.client.get(key, default=default, version=version, client=client)\n           ^^^^^^^^^^^^^^^^^^^^^^^^^^^^^^^^^^^^^^^^^^^^^^^^^^^^^^^^^^^^^^^^^^^^^\n  File \"C:\\Users\\User\\bsse_software_projects\\year_3\\year_3_mobilenetwork_computing\\local_server\\myenv_local\\Lib\\site-packages\\django_redis\\client\\default.py\", line 300, in get\n    raise ConnectionInterrupted(connection=client) from e\ndjango_redis.exceptions.ConnectionInterrupted: Redis ConnectionError: Error 11001 connecting to redis:6379. getaddrinfo failed.\n\nDuring handling of the above exception, another exception occurred:\n\nTraceback (most recent call last):\n  File \"C:\\Users\\User\\bsse_software_projects\\year_3\\year_3_mobilenetwork_computing\\local_server\\myenv_local\\Lib\\site-packages\\rest_framework\\views.py\", line 503, in dispatch\n    self.initial(request, *args, **kwargs)\n  File \"C:\\Users\\User\\bsse_software_projects\\year_3\\year_3_mobilenetwork_computing\\local_server\\myenv_local\\Lib\\site-packages\\rest_framework\\views.py\", line 422, in initial\n    self.check_throttles(request)\n  File \"C:\\Users\\User\\bsse_software_projects\\year_3\\year_3_mobilenetwork_computing\\local_server\\myenv_local\\Lib\\site-packages\\rest_framework\\views.py\", line 365, in check_throttles\n    if not throttle.allow_request(request, self):\n           ^^^^^^^^^^^^^^^^^^^^^^^^^^^^^^^^^^^^^\n  File \"C:\\Users\\User\\bsse_software_projects\\year_3\\year_3_mobilenetwork_computing\\local_server\\myenv_local\\Lib\\site-packages\\rest_framework\\throttling.py\", line 123, in allow_request\n    self.history = self.cache.get(self.key, [])\n                   ^^^^^^^^^^^^^^^^^^^^^^^^^^^^\n  File \"C:\\Users\\User\\bsse_software_projects\\year_3\\year_3_mobilenetwork_computing\\local_server\\myenv_local\\Lib\\site-packages\\django_redis\\cache.py\", line 92, in get\n    value = self._get(key, default, version, client)\n            ^^^^^^^^^^^^^^^^^^^^^^^^^^^^^^^^^^^^^^^^\n  File \"C:\\Users\\User\\bsse_software_projects\\year_3\\year_3_mobilenetwork_computing\\local_server\\myenv_local\\Lib\\site-packages\\django_redis\\cache.py\", line 36, in _decorator\n    raise e.__cause__  # noqa: B904\n    ^^^^^^^^^^^^^^^^^\n  File \"C:\\Users\\User\\bsse_software_projects\\year_3\\year_3_mobilenetwork_computing\\local_server\\myenv_local\\Lib\\site-packages\\django_redis\\client\\default.py\", line 298, in get\n    value = client.get(key)\n            ^^^^^^^^^^^^^^^\n  File \"C:\\Users\\User\\bsse_software_projects\\year_3\\year_3_mobilenetwork_computing\\local_server\\myenv_local\\Lib\\site-packages\\redis\\commands\\core.py\", line 1834, in get\n    return self.execute_command(\"GET\", name, keys=[name])\n           ^^^^^^^^^^^^^^^^^^^^^^^^^^^^^^^^^^^^^^^^^^^^^^\n  File \"C:\\Users\\User\\bsse_software_projects\\year_3\\year_3_mobilenetwork_computing\\local_server\\myenv_local\\Lib\\site-packages\\redis\\client.py\", line 657, in execute_command\n    return self._execute_command(*args, **options)\n           ^^^^^^^^^^^^^^^^^^^^^^^^^^^^^^^^^^^^^^^\n  File \"C:\\Users\\User\\bsse_software_projects\\year_3\\year_3_mobilenetwork_computing\\local_server\\myenv_local\\Lib\\site-packages\\redis\\client.py\", line 663, in _execute_command\n    conn = self.connection or pool.get_connection()\n                              ^^^^^^^^^^^^^^^^^^^^^\n  File \"C:\\Users\\User\\bsse_software_projects\\year_3\\year_3_mobilenetwork_computing\\local_server\\myenv_local\\Lib\\site-packages\\redis\\utils.py\", line 196, in wrapper\n    return func(*args, **kwargs)\n           ^^^^^^^^^^^^^^^^^^^^^\n  File \"C:\\Users\\User\\bsse_software_projects\\year_3\\year_3_mobilenetwork_computing\\local_server\\myenv_local\\Lib\\site-packages\\redis\\connection.py\", line 2601, in get_connection\n    connection.connect()\n  File \"C:\\Users\\User\\bsse_software_projects\\year_3\\year_3_mobilenetwork_computing\\local_server\\myenv_local\\Lib\\site-packages\\redis\\connection.py\", line 846, in connect\n    self.connect_check_health(check_health=True)\n  File \"C:\\Users\\User\\bsse_software_projects\\year_3\\year_3_mobilenetwork_computing\\local_server\\myenv_local\\Lib\\site-packages\\redis\\connection.py\", line 863, in connect_check_health\n    raise ConnectionError(self._error_message(e))\nredis.exceptions.ConnectionError: Error 11001 connecting to redis:6379. getaddrinfo failed."}
{"asctime": "2025-11-18 09:33:00,963", "levelname": "ERROR", "name": "dineswift", "message": "Unhandled exception: Error 11001 connecting to redis:6379. getaddrinfo failed.", "exc_info": "Traceback (most recent call last):\n  File \"C:\\Users\\User\\bsse_software_projects\\year_3\\year_3_mobilenetwork_computing\\local_server\\myenv_local\\Lib\\site-packages\\django_redis\\cache.py\", line 29, in _decorator\n    return method(self, *args, **kwargs)\n           ^^^^^^^^^^^^^^^^^^^^^^^^^^^^^\n  File \"C:\\Users\\User\\bsse_software_projects\\year_3\\year_3_mobilenetwork_computing\\local_server\\myenv_local\\Lib\\site-packages\\django_redis\\cache.py\", line 99, in _get\n    return self.client.get(key, default=default, version=version, client=client)\n           ^^^^^^^^^^^^^^^^^^^^^^^^^^^^^^^^^^^^^^^^^^^^^^^^^^^^^^^^^^^^^^^^^^^^^\n  File \"C:\\Users\\User\\bsse_software_projects\\year_3\\year_3_mobilenetwork_computing\\local_server\\myenv_local\\Lib\\site-packages\\django_redis\\client\\default.py\", line 300, in get\n    raise ConnectionInterrupted(connection=client) from e\ndjango_redis.exceptions.ConnectionInterrupted: Redis ConnectionError: Error 11001 connecting to redis:6379. getaddrinfo failed.\n\nDuring handling of the above exception, another exception occurred:\n\nTraceback (most recent call last):\n  File \"C:\\Users\\User\\bsse_software_projects\\year_3\\year_3_mobilenetwork_computing\\local_server\\myenv_local\\Lib\\site-packages\\rest_framework\\views.py\", line 503, in dispatch\n    self.initial(request, *args, **kwargs)\n  File \"C:\\Users\\User\\bsse_software_projects\\year_3\\year_3_mobilenetwork_computing\\local_server\\myenv_local\\Lib\\site-packages\\rest_framework\\views.py\", line 422, in initial\n    self.check_throttles(request)\n  File \"C:\\Users\\User\\bsse_software_projects\\year_3\\year_3_mobilenetwork_computing\\local_server\\myenv_local\\Lib\\site-packages\\rest_framework\\views.py\", line 365, in check_throttles\n    if not throttle.allow_request(request, self):\n           ^^^^^^^^^^^^^^^^^^^^^^^^^^^^^^^^^^^^^\n  File \"C:\\Users\\User\\bsse_software_projects\\year_3\\year_3_mobilenetwork_computing\\local_server\\myenv_local\\Lib\\site-packages\\rest_framework\\throttling.py\", line 123, in allow_request\n    self.history = self.cache.get(self.key, [])\n                   ^^^^^^^^^^^^^^^^^^^^^^^^^^^^\n  File \"C:\\Users\\User\\bsse_software_projects\\year_3\\year_3_mobilenetwork_computing\\local_server\\myenv_local\\Lib\\site-packages\\django_redis\\cache.py\", line 92, in get\n    value = self._get(key, default, version, client)\n            ^^^^^^^^^^^^^^^^^^^^^^^^^^^^^^^^^^^^^^^^\n  File \"C:\\Users\\User\\bsse_software_projects\\year_3\\year_3_mobilenetwork_computing\\local_server\\myenv_local\\Lib\\site-packages\\django_redis\\cache.py\", line 36, in _decorator\n    raise e.__cause__  # noqa: B904\n    ^^^^^^^^^^^^^^^^^\n  File \"C:\\Users\\User\\bsse_software_projects\\year_3\\year_3_mobilenetwork_computing\\local_server\\myenv_local\\Lib\\site-packages\\django_redis\\client\\default.py\", line 298, in get\n    value = client.get(key)\n            ^^^^^^^^^^^^^^^\n  File \"C:\\Users\\User\\bsse_software_projects\\year_3\\year_3_mobilenetwork_computing\\local_server\\myenv_local\\Lib\\site-packages\\redis\\commands\\core.py\", line 1834, in get\n    return self.execute_command(\"GET\", name, keys=[name])\n           ^^^^^^^^^^^^^^^^^^^^^^^^^^^^^^^^^^^^^^^^^^^^^^\n  File \"C:\\Users\\User\\bsse_software_projects\\year_3\\year_3_mobilenetwork_computing\\local_server\\myenv_local\\Lib\\site-packages\\redis\\client.py\", line 657, in execute_command\n    return self._execute_command(*args, **options)\n           ^^^^^^^^^^^^^^^^^^^^^^^^^^^^^^^^^^^^^^^\n  File \"C:\\Users\\User\\bsse_software_projects\\year_3\\year_3_mobilenetwork_computing\\local_server\\myenv_local\\Lib\\site-packages\\redis\\client.py\", line 663, in _execute_command\n    conn = self.connection or pool.get_connection()\n                              ^^^^^^^^^^^^^^^^^^^^^\n  File \"C:\\Users\\User\\bsse_software_projects\\year_3\\year_3_mobilenetwork_computing\\local_server\\myenv_local\\Lib\\site-packages\\redis\\utils.py\", line 196, in wrapper\n    return func(*args, **kwargs)\n           ^^^^^^^^^^^^^^^^^^^^^\n  File \"C:\\Users\\User\\bsse_software_projects\\year_3\\year_3_mobilenetwork_computing\\local_server\\myenv_local\\Lib\\site-packages\\redis\\connection.py\", line 2601, in get_connection\n    connection.connect()\n  File \"C:\\Users\\User\\bsse_software_projects\\year_3\\year_3_mobilenetwork_computing\\local_server\\myenv_local\\Lib\\site-packages\\redis\\connection.py\", line 846, in connect\n    self.connect_check_health(check_health=True)\n  File \"C:\\Users\\User\\bsse_software_projects\\year_3\\year_3_mobilenetwork_computing\\local_server\\myenv_local\\Lib\\site-packages\\redis\\connection.py\", line 863, in connect_check_health\n    raise ConnectionError(self._error_message(e))\nredis.exceptions.ConnectionError: Error 11001 connecting to redis:6379. getaddrinfo failed."}
