{"asctime": "2025-11-04 00:32:55,497", "levelname": "ERROR", "name": "dineswift", "message": "Order creation failed: OTPService.generate_otp() missing 1 required positional argument: 'order_id'", "exc_info": "Traceback (most recent call last):\n  File \"C:\\Users\\User\\bsse_software_projects\\year_3\\year_3_mobilenetwork_computing\\local_server\\src\\apps\\order_processing\\services.py\", line 45, in create_offline_order\n    otp_code = self.otp_service.generate_otp()\n               ^^^^^^^^^^^^^^^^^^^^^^^^^^^^^^^\nTypeError: OTPService.generate_otp() missing 1 required positional argument: 'order_id'"}
{"asctime": "2025-11-04 00:32:55,547", "levelname": "ERROR", "name": "dineswift", "message": "Order creation failed: OTPService.generate_otp() missing 1 required positional argument: 'order_id'", "exc_info": "Traceback (most recent call last):\n  File \"C:\\Users\\User\\bsse_software_projects\\year_3\\year_3_mobilenetwork_computing\\local_server\\src\\apps\\order_processing\\services.py\", line 45, in create_offline_order\n    otp_code = self.otp_service.generate_otp()\n               ^^^^^^^^^^^^^^^^^^^^^^^^^^^^^^^\nTypeError: OTPService.generate_otp() missing 1 required positional argument: 'order_id'"}
{"asctime": "2025-11-04 00:32:55,612", "levelname": "ERROR", "name": "dineswift", "message": "Order creation failed: OTPService.generate_otp() missing 1 required positional argument: 'order_id'", "exc_info": "Traceback (most recent call last):\n  File \"C:\\Users\\User\\bsse_software_projects\\year_3\\year_3_mobilenetwork_computing\\local_server\\src\\apps\\order_processing\\services.py\", line 45, in create_offline_order\n    otp_code = self.otp_service.generate_otp()\n               ^^^^^^^^^^^^^^^^^^^^^^^^^^^^^^^\nTypeError: OTPService.generate_otp() missing 1 required positional argument: 'order_id'"}
{"asctime": "2025-11-04 00:32:55,668", "levelname": "ERROR", "name": "dineswift", "message": "Order creation failed: OTPService.generate_otp() missing 1 required positional argument: 'order_id'", "exc_info": "Traceback (most recent call last):\n  File \"C:\\Users\\User\\bsse_software_projects\\year_3\\year_3_mobilenetwork_computing\\local_server\\src\\apps\\order_processing\\services.py\", line 45, in create_offline_order\n    otp_code = self.otp_service.generate_otp()\n               ^^^^^^^^^^^^^^^^^^^^^^^^^^^^^^^\nTypeError: OTPService.generate_otp() missing 1 required positional argument: 'order_id'"}
{"asctime": "2025-11-04 00:32:55,742", "levelname": "ERROR", "name": "dineswift", "message": "Order creation failed: OTPService.generate_otp() missing 1 required positional argument: 'order_id'", "exc_info": "Traceback (most recent call last):\n  File \"C:\\Users\\User\\bsse_software_projects\\year_3\\year_3_mobilenetwork_computing\\local_server\\src\\apps\\order_processing\\services.py\", line 45, in create_offline_order\n    otp_code = self.otp_service.generate_otp()\n               ^^^^^^^^^^^^^^^^^^^^^^^^^^^^^^^\nTypeError: OTPService.generate_otp() missing 1 required positional argument: 'order_id'"}
{"asctime": "2025-11-04 00:32:55,947", "levelname": "ERROR", "name": "dineswift", "message": "Order creation failed: OTPService.generate_otp() missing 1 required positional argument: 'order_id'", "exc_info": "Traceback (most recent call last):\n  File \"C:\\Users\\User\\bsse_software_projects\\year_3\\year_3_mobilenetwork_computing\\local_server\\src\\apps\\order_processing\\services.py\", line 45, in create_offline_order\n    otp_code = self.otp_service.generate_otp()\n               ^^^^^^^^^^^^^^^^^^^^^^^^^^^^^^^\nTypeError: OTPService.generate_otp() missing 1 required positional argument: 'order_id'"}
{"asctime": "2025-11-04 00:32:56,036", "levelname": "ERROR", "name": "dineswift", "message": "Order creation failed: Invalid price for item: Test", "exc_info": "Traceback (most recent call last):\n  File \"C:\\Users\\User\\bsse_software_projects\\year_3\\year_3_mobilenetwork_computing\\local_server\\src\\apps\\order_processing\\services.py\", line 40, in create_offline_order\n    subtotal = self.calculate_subtotal(order_data['items'])\n               ^^^^^^^^^^^^^^^^^^^^^^^^^^^^^^^^^^^^^^^^^^^^\n  File \"C:\\Users\\User\\bsse_software_projects\\year_3\\year_3_mobilenetwork_computing\\local_server\\src\\apps\\order_processing\\services.py\", line 195, in calculate_subtotal\n    raise ValueError(f\"Invalid price for item: {item.get('name', 'Unknown')}\")\nValueError: Invalid price for item: Test"}
{"asctime": "2025-11-04 00:32:56,054", "levelname": "ERROR", "name": "dineswift", "message": "Order creation failed: Invalid quantity for item: Test", "exc_info": "Traceback (most recent call last):\n  File \"C:\\Users\\User\\bsse_software_projects\\year_3\\year_3_mobilenetwork_computing\\local_server\\src\\apps\\order_processing\\services.py\", line 40, in create_offline_order\n    subtotal = self.calculate_subtotal(order_data['items'])\n               ^^^^^^^^^^^^^^^^^^^^^^^^^^^^^^^^^^^^^^^^^^^^\n  File \"C:\\Users\\User\\bsse_software_projects\\year_3\\year_3_mobilenetwork_computing\\local_server\\src\\apps\\order_processing\\services.py\", line 197, in calculate_subtotal\n    raise ValueError(f\"Invalid quantity for item: {item.get('name', 'Unknown')}\")\nValueError: Invalid quantity for item: Test"}
{"asctime": "2025-11-04 00:32:56,090", "levelname": "ERROR", "name": "dineswift", "message": "Order not found: 00000000-0000-0000-0000-000000000999"}
{"asctime": "2025-11-04 00:32:56,146", "levelname": "ERROR", "name": "dineswift", "message": "Order creation failed: OTPService.generate_otp() missing 1 required positional argument: 'order_id'", "exc_info": "Traceback (most recent call last):\n  File \"C:\\Users\\User\\bsse_software_projects\\year_3\\year_3_mobilenetwork_computing\\local_server\\src\\apps\\order_processing\\services.py\", line 45, in create_offline_order\n    otp_code = self.otp_service.generate_otp()\n               ^^^^^^^^^^^^^^^^^^^^^^^^^^^^^^^\nTypeError: OTPService.generate_otp() missing 1 required positional argument: 'order_id'"}
{"asctime": "2025-11-04 00:33:00,971", "levelname": "ERROR", "name": "dineswift", "message": "Order creation failed: OTPService.generate_otp() missing 1 required positional argument: 'order_id'", "exc_info": "Traceback (most recent call last):\n  File \"C:\\Users\\User\\bsse_software_projects\\year_3\\year_3_mobilenetwork_computing\\local_server\\src\\apps\\order_processing\\services.py\", line 45, in create_offline_order\n    otp_code = self.otp_service.generate_otp()\n               ^^^^^^^^^^^^^^^^^^^^^^^^^^^^^^^\nTypeError: OTPService.generate_otp() missing 1 required positional argument: 'order_id'"}
{"asctime": "2025-11-04 00:33:05,838", "levelname": "ERROR", "name": "dineswift", "message": "Order creation failed: OTPService.generate_otp() missing 1 required positional argument: 'order_id'", "exc_info": "Traceback (most recent call last):\n  File \"C:\\Users\\User\\bsse_software_projects\\year_3\\year_3_mobilenetwork_computing\\local_server\\src\\apps\\order_processing\\services.py\", line 45, in create_offline_order\n    otp_code = self.otp_service.generate_otp()\n               ^^^^^^^^^^^^^^^^^^^^^^^^^^^^^^^\nTypeError: OTPService.generate_otp() missing 1 required positional argument: 'order_id'"}
{"asctime": "2025-11-04 00:33:05,969", "levelname": "ERROR", "name": "dineswift", "message": "Order creation failed: OTPService.generate_otp() missing 1 required positional argument: 'order_id'", "exc_info": "Traceback (most recent call last):\n  File \"C:\\Users\\User\\bsse_software_projects\\year_3\\year_3_mobilenetwork_computing\\local_server\\src\\apps\\order_processing\\services.py\", line 45, in create_offline_order\n    otp_code = self.otp_service.generate_otp()\n               ^^^^^^^^^^^^^^^^^^^^^^^^^^^^^^^\nTypeError: OTPService.generate_otp() missing 1 required positional argument: 'order_id'"}
{"asctime": "2025-11-04 00:33:06,069", "levelname": "ERROR", "name": "dineswift", "message": "Order creation failed: OTPService.generate_otp() missing 1 required positional argument: 'order_id'", "exc_info": "Traceback (most recent call last):\n  File \"C:\\Users\\User\\bsse_software_projects\\year_3\\year_3_mobilenetwork_computing\\local_server\\src\\apps\\order_processing\\services.py\", line 45, in create_offline_order\n    otp_code = self.otp_service.generate_otp()\n               ^^^^^^^^^^^^^^^^^^^^^^^^^^^^^^^\nTypeError: OTPService.generate_otp() missing 1 required positional argument: 'order_id'"}
{"asctime": "2025-11-04 00:33:06,157", "levelname": "ERROR", "name": "dineswift", "message": "Order creation failed: OTPService.generate_otp() missing 1 required positional argument: 'order_id'", "exc_info": "Traceback (most recent call last):\n  File \"C:\\Users\\User\\bsse_software_projects\\year_3\\year_3_mobilenetwork_computing\\local_server\\src\\apps\\order_processing\\services.py\", line 45, in create_offline_order\n    otp_code = self.otp_service.generate_otp()\n               ^^^^^^^^^^^^^^^^^^^^^^^^^^^^^^^\nTypeError: OTPService.generate_otp() missing 1 required positional argument: 'order_id'"}
{"asctime": "2025-11-04 00:33:06,352", "levelname": "ERROR", "name": "dineswift", "message": "Order creation failed: OTPService.generate_otp() missing 1 required positional argument: 'order_id'", "exc_info": "Traceback (most recent call last):\n  File \"C:\\Users\\User\\bsse_software_projects\\year_3\\year_3_mobilenetwork_computing\\local_server\\src\\apps\\order_processing\\services.py\", line 45, in create_offline_order\n    otp_code = self.otp_service.generate_otp()\n               ^^^^^^^^^^^^^^^^^^^^^^^^^^^^^^^\nTypeError: OTPService.generate_otp() missing 1 required positional argument: 'order_id'"}
{"asctime": "2025-11-04 00:33:06,482", "levelname": "ERROR", "name": "dineswift", "message": "Order creation failed: OTPService.generate_otp() missing 1 required positional argument: 'order_id'", "exc_info": "Traceback (most recent call last):\n  File \"C:\\Users\\User\\bsse_software_projects\\year_3\\year_3_mobilenetwork_computing\\local_server\\src\\apps\\order_processing\\services.py\", line 45, in create_offline_order\n    otp_code = self.otp_service.generate_otp()\n               ^^^^^^^^^^^^^^^^^^^^^^^^^^^^^^^\nTypeError: OTPService.generate_otp() missing 1 required positional argument: 'order_id'"}
{"asctime": "2025-11-04 00:33:06,862", "levelname": "ERROR", "name": "dineswift", "message": "Order creation failed: OTPService.generate_otp() missing 1 required positional argument: 'order_id'", "exc_info": "Traceback (most recent call last):\n  File \"C:\\Users\\User\\bsse_software_projects\\year_3\\year_3_mobilenetwork_computing\\local_server\\src\\apps\\order_processing\\services.py\", line 45, in create_offline_order\n    otp_code = self.otp_service.generate_otp()\n               ^^^^^^^^^^^^^^^^^^^^^^^^^^^^^^^\nTypeError: OTPService.generate_otp() missing 1 required positional argument: 'order_id'"}
{"asctime": "2025-11-04 00:33:06,925", "levelname": "ERROR", "name": "dineswift", "message": "Order creation failed: OTPService.generate_otp() missing 1 required positional argument: 'order_id'", "exc_info": "Traceback (most recent call last):\n  File \"C:\\Users\\User\\bsse_software_projects\\year_3\\year_3_mobilenetwork_computing\\local_server\\src\\apps\\order_processing\\services.py\", line 45, in create_offline_order\n    otp_code = self.otp_service.generate_otp()\n               ^^^^^^^^^^^^^^^^^^^^^^^^^^^^^^^\nTypeError: OTPService.generate_otp() missing 1 required positional argument: 'order_id'"}
{"asctime": "2025-11-04 00:33:06,980", "levelname": "ERROR", "name": "dineswift", "message": "Order creation failed: OTPService.generate_otp() missing 1 required positional argument: 'order_id'", "exc_info": "Traceback (most recent call last):\n  File \"C:\\Users\\User\\bsse_software_projects\\year_3\\year_3_mobilenetwork_computing\\local_server\\src\\apps\\order_processing\\services.py\", line 45, in create_offline_order\n    otp_code = self.otp_service.generate_otp()\n               ^^^^^^^^^^^^^^^^^^^^^^^^^^^^^^^\nTypeError: OTPService.generate_otp() missing 1 required positional argument: 'order_id'"}
{"asctime": "2025-11-04 00:33:07,041", "levelname": "ERROR", "name": "dineswift", "message": "Order creation failed: OTPService.generate_otp() missing 1 required positional argument: 'order_id'", "exc_info": "Traceback (most recent call last):\n  File \"C:\\Users\\User\\bsse_software_projects\\year_3\\year_3_mobilenetwork_computing\\local_server\\src\\apps\\order_processing\\services.py\", line 45, in create_offline_order\n    otp_code = self.otp_service.generate_otp()\n               ^^^^^^^^^^^^^^^^^^^^^^^^^^^^^^^\nTypeError: OTPService.generate_otp() missing 1 required positional argument: 'order_id'"}
{"asctime": "2025-11-04 00:33:07,103", "levelname": "ERROR", "name": "dineswift", "message": "Order creation failed: OTPService.generate_otp() missing 1 required positional argument: 'order_id'", "exc_info": "Traceback (most recent call last):\n  File \"C:\\Users\\User\\bsse_software_projects\\year_3\\year_3_mobilenetwork_computing\\local_server\\src\\apps\\order_processing\\services.py\", line 45, in create_offline_order\n    otp_code = self.otp_service.generate_otp()\n               ^^^^^^^^^^^^^^^^^^^^^^^^^^^^^^^\nTypeError: OTPService.generate_otp() missing 1 required positional argument: 'order_id'"}
{"asctime": "2025-11-04 00:33:07,168", "levelname": "ERROR", "name": "dineswift", "message": "Order creation failed: OTPService.generate_otp() missing 1 required positional argument: 'order_id'", "exc_info": "Traceback (most recent call last):\n  File \"C:\\Users\\User\\bsse_software_projects\\year_3\\year_3_mobilenetwork_computing\\local_server\\src\\apps\\order_processing\\services.py\", line 45, in create_offline_order\n    otp_code = self.otp_service.generate_otp()\n               ^^^^^^^^^^^^^^^^^^^^^^^^^^^^^^^\nTypeError: OTPService.generate_otp() missing 1 required positional argument: 'order_id'"}
{"asctime": "2025-11-04 00:33:07,245", "levelname": "ERROR", "name": "dineswift", "message": "Order creation failed: OTPService.generate_otp() missing 1 required positional argument: 'order_id'", "exc_info": "Traceback (most recent call last):\n  File \"C:\\Users\\User\\bsse_software_projects\\year_3\\year_3_mobilenetwork_computing\\local_server\\src\\apps\\order_processing\\services.py\", line 45, in create_offline_order\n    otp_code = self.otp_service.generate_otp()\n               ^^^^^^^^^^^^^^^^^^^^^^^^^^^^^^^\nTypeError: OTPService.generate_otp() missing 1 required positional argument: 'order_id'"}
{"asctime": "2025-11-04 01:50:54,044", "levelname": "ERROR", "name": "dineswift", "message": "Order creation failed: Invalid price for item: Test", "exc_info": "Traceback (most recent call last):\n  File \"C:\\Users\\User\\bsse_software_projects\\year_3\\year_3_mobilenetwork_computing\\local_server\\src\\apps\\order_processing\\services.py\", line 40, in create_offline_order\n    subtotal = self.calculate_subtotal(order_data['items'])\n               ^^^^^^^^^^^^^^^^^^^^^^^^^^^^^^^^^^^^^^^^^^^^\n  File \"C:\\Users\\User\\bsse_software_projects\\year_3\\year_3_mobilenetwork_computing\\local_server\\src\\apps\\order_processing\\services.py\", line 195, in calculate_subtotal\n    raise ValueError(f\"Invalid price for item: {item.get('name', 'Unknown')}\")\nValueError: Invalid price for item: Test"}
{"asctime": "2025-11-04 01:50:54,059", "levelname": "ERROR", "name": "dineswift", "message": "Order creation failed: Invalid quantity for item: Test", "exc_info": "Traceback (most recent call last):\n  File \"C:\\Users\\User\\bsse_software_projects\\year_3\\year_3_mobilenetwork_computing\\local_server\\src\\apps\\order_processing\\services.py\", line 40, in create_offline_order\n    subtotal = self.calculate_subtotal(order_data['items'])\n               ^^^^^^^^^^^^^^^^^^^^^^^^^^^^^^^^^^^^^^^^^^^^\n  File \"C:\\Users\\User\\bsse_software_projects\\year_3\\year_3_mobilenetwork_computing\\local_server\\src\\apps\\order_processing\\services.py\", line 197, in calculate_subtotal\n    raise ValueError(f\"Invalid quantity for item: {item.get('name', 'Unknown')}\")\nValueError: Invalid quantity for item: Test"}
{"asctime": "2025-11-04 01:50:54,094", "levelname": "ERROR", "name": "dineswift", "message": "Order not found: 00000000-0000-0000-0000-000000000999"}
{"asctime": "2025-11-04 01:51:07,730", "levelname": "ERROR", "name": "dineswift", "message": "Order creation failed: Calculation error", "exc_info": "Traceback (most recent call last):\n  File \"C:\\Users\\User\\bsse_software_projects\\year_3\\year_3_mobilenetwork_computing\\local_server\\src\\apps\\order_processing\\services.py\", line 40, in create_offline_order\n    subtotal = self.calculate_subtotal(order_data['items'])\n               ^^^^^^^^^^^^^^^^^^^^^^^^^^^^^^^^^^^^^^^^^^^^\n  File \"C:\\Users\\User\\AppData\\Local\\Programs\\Python\\Python312\\Lib\\unittest\\mock.py\", line 1134, in __call__\n    return self._mock_call(*args, **kwargs)\n           ^^^^^^^^^^^^^^^^^^^^^^^^^^^^^^^^\n  File \"C:\\Users\\User\\AppData\\Local\\Programs\\Python\\Python312\\Lib\\unittest\\mock.py\", line 1138, in _mock_call\n    return self._execute_mock_call(*args, **kwargs)\n           ^^^^^^^^^^^^^^^^^^^^^^^^^^^^^^^^^^^^^^^^\n  File \"C:\\Users\\User\\AppData\\Local\\Programs\\Python\\Python312\\Lib\\unittest\\mock.py\", line 1193, in _execute_mock_call\n    raise effect\nException: Calculation error"}
{"asctime": "2025-11-04 03:09:45,503", "levelname": "ERROR", "name": "dineswift", "message": "Order creation failed: Invalid price for item: Test", "exc_info": "Traceback (most recent call last):\n  File \"C:\\Users\\User\\bsse_software_projects\\year_3\\year_3_mobilenetwork_computing\\local_server\\src\\apps\\order_processing\\services.py\", line 40, in create_offline_order\n    subtotal = self.calculate_subtotal(order_data['items'])\n               ^^^^^^^^^^^^^^^^^^^^^^^^^^^^^^^^^^^^^^^^^^^^\n  File \"C:\\Users\\User\\bsse_software_projects\\year_3\\year_3_mobilenetwork_computing\\local_server\\src\\apps\\order_processing\\services.py\", line 195, in calculate_subtotal\n    raise ValueError(f\"Invalid price for item: {item.get('name', 'Unknown')}\")\nValueError: Invalid price for item: Test"}
{"asctime": "2025-11-04 03:09:45,542", "levelname": "ERROR", "name": "dineswift", "message": "Order creation failed: Invalid quantity for item: Test", "exc_info": "Traceback (most recent call last):\n  File \"C:\\Users\\User\\bsse_software_projects\\year_3\\year_3_mobilenetwork_computing\\local_server\\src\\apps\\order_processing\\services.py\", line 40, in create_offline_order\n    subtotal = self.calculate_subtotal(order_data['items'])\n               ^^^^^^^^^^^^^^^^^^^^^^^^^^^^^^^^^^^^^^^^^^^^\n  File \"C:\\Users\\User\\bsse_software_projects\\year_3\\year_3_mobilenetwork_computing\\local_server\\src\\apps\\order_processing\\services.py\", line 197, in calculate_subtotal\n    raise ValueError(f\"Invalid quantity for item: {item.get('name', 'Unknown')}\")\nValueError: Invalid quantity for item: Test"}
{"asctime": "2025-11-04 03:09:45,570", "levelname": "ERROR", "name": "dineswift", "message": "Order not found: 00000000-0000-0000-0000-000000000999"}
{"asctime": "2025-11-04 03:09:55,110", "levelname": "ERROR", "name": "dineswift", "message": "Order creation failed: Calculation error", "exc_info": "Traceback (most recent call last):\n  File \"C:\\Users\\User\\bsse_software_projects\\year_3\\year_3_mobilenetwork_computing\\local_server\\src\\apps\\order_processing\\services.py\", line 40, in create_offline_order\n    subtotal = self.calculate_subtotal(order_data['items'])\n               ^^^^^^^^^^^^^^^^^^^^^^^^^^^^^^^^^^^^^^^^^^^^\n  File \"C:\\Users\\User\\AppData\\Local\\Programs\\Python\\Python312\\Lib\\unittest\\mock.py\", line 1134, in __call__\n    return self._mock_call(*args, **kwargs)\n           ^^^^^^^^^^^^^^^^^^^^^^^^^^^^^^^^\n  File \"C:\\Users\\User\\AppData\\Local\\Programs\\Python\\Python312\\Lib\\unittest\\mock.py\", line 1138, in _mock_call\n    return self._execute_mock_call(*args, **kwargs)\n           ^^^^^^^^^^^^^^^^^^^^^^^^^^^^^^^^^^^^^^^^\n  File \"C:\\Users\\User\\AppData\\Local\\Programs\\Python\\Python312\\Lib\\unittest\\mock.py\", line 1193, in _execute_mock_call\n    raise effect\nException: Calculation error"}
{"asctime": "2025-11-04 03:33:49,977", "levelname": "ERROR", "name": "dineswift", "message": "Order creation failed: Invalid price for item: Test", "exc_info": "Traceback (most recent call last):\n  File \"C:\\Users\\User\\bsse_software_projects\\year_3\\year_3_mobilenetwork_computing\\local_server\\src\\apps\\order_processing\\services.py\", line 40, in create_offline_order\n    subtotal = self.calculate_subtotal(order_data['items'])\n               ^^^^^^^^^^^^^^^^^^^^^^^^^^^^^^^^^^^^^^^^^^^^\n  File \"C:\\Users\\User\\bsse_software_projects\\year_3\\year_3_mobilenetwork_computing\\local_server\\src\\apps\\order_processing\\services.py\", line 195, in calculate_subtotal\n    raise ValueError(f\"Invalid price for item: {item.get('name', 'Unknown')}\")\nValueError: Invalid price for item: Test"}
{"asctime": "2025-11-04 03:33:50,004", "levelname": "ERROR", "name": "dineswift", "message": "Order creation failed: Invalid quantity for item: Test", "exc_info": "Traceback (most recent call last):\n  File \"C:\\Users\\User\\bsse_software_projects\\year_3\\year_3_mobilenetwork_computing\\local_server\\src\\apps\\order_processing\\services.py\", line 40, in create_offline_order\n    subtotal = self.calculate_subtotal(order_data['items'])\n               ^^^^^^^^^^^^^^^^^^^^^^^^^^^^^^^^^^^^^^^^^^^^\n  File \"C:\\Users\\User\\bsse_software_projects\\year_3\\year_3_mobilenetwork_computing\\local_server\\src\\apps\\order_processing\\services.py\", line 197, in calculate_subtotal\n    raise ValueError(f\"Invalid quantity for item: {item.get('name', 'Unknown')}\")\nValueError: Invalid quantity for item: Test"}
{"asctime": "2025-11-04 03:33:50,027", "levelname": "ERROR", "name": "dineswift", "message": "Order not found: 00000000-0000-0000-0000-000000000999"}
{"asctime": "2025-11-04 03:33:59,221", "levelname": "ERROR", "name": "dineswift", "message": "Order creation failed: Calculation error", "exc_info": "Traceback (most recent call last):\n  File \"C:\\Users\\User\\bsse_software_projects\\year_3\\year_3_mobilenetwork_computing\\local_server\\src\\apps\\order_processing\\services.py\", line 40, in create_offline_order\n    subtotal = self.calculate_subtotal(order_data['items'])\n               ^^^^^^^^^^^^^^^^^^^^^^^^^^^^^^^^^^^^^^^^^^^^\n  File \"C:\\Users\\User\\AppData\\Local\\Programs\\Python\\Python312\\Lib\\unittest\\mock.py\", line 1134, in __call__\n    return self._mock_call(*args, **kwargs)\n           ^^^^^^^^^^^^^^^^^^^^^^^^^^^^^^^^\n  File \"C:\\Users\\User\\AppData\\Local\\Programs\\Python\\Python312\\Lib\\unittest\\mock.py\", line 1138, in _mock_call\n    return self._execute_mock_call(*args, **kwargs)\n           ^^^^^^^^^^^^^^^^^^^^^^^^^^^^^^^^^^^^^^^^\n  File \"C:\\Users\\User\\AppData\\Local\\Programs\\Python\\Python312\\Lib\\unittest\\mock.py\", line 1193, in _execute_mock_call\n    raise effect\nException: Calculation error"}
{"asctime": "2025-11-04 03:39:14,373", "levelname": "ERROR", "name": "dineswift", "message": "Order creation failed: Invalid price for item: Test", "exc_info": "Traceback (most recent call last):\n  File \"C:\\Users\\User\\bsse_software_projects\\year_3\\year_3_mobilenetwork_computing\\local_server\\src\\apps\\order_processing\\services.py\", line 40, in create_offline_order\n    subtotal = self.calculate_subtotal(order_data['items'])\n               ^^^^^^^^^^^^^^^^^^^^^^^^^^^^^^^^^^^^^^^^^^^^\n  File \"C:\\Users\\User\\bsse_software_projects\\year_3\\year_3_mobilenetwork_computing\\local_server\\src\\apps\\order_processing\\services.py\", line 195, in calculate_subtotal\n    raise ValueError(f\"Invalid price for item: {item.get('name', 'Unknown')}\")\nValueError: Invalid price for item: Test"}
{"asctime": "2025-11-04 03:39:14,388", "levelname": "ERROR", "name": "dineswift", "message": "Order creation failed: Invalid quantity for item: Test", "exc_info": "Traceback (most recent call last):\n  File \"C:\\Users\\User\\bsse_software_projects\\year_3\\year_3_mobilenetwork_computing\\local_server\\src\\apps\\order_processing\\services.py\", line 40, in create_offline_order\n    subtotal = self.calculate_subtotal(order_data['items'])\n               ^^^^^^^^^^^^^^^^^^^^^^^^^^^^^^^^^^^^^^^^^^^^\n  File \"C:\\Users\\User\\bsse_software_projects\\year_3\\year_3_mobilenetwork_computing\\local_server\\src\\apps\\order_processing\\services.py\", line 197, in calculate_subtotal\n    raise ValueError(f\"Invalid quantity for item: {item.get('name', 'Unknown')}\")\nValueError: Invalid quantity for item: Test"}
{"asctime": "2025-11-04 03:39:14,429", "levelname": "ERROR", "name": "dineswift", "message": "Order not found: 00000000-0000-0000-0000-000000000999"}
{"asctime": "2025-11-04 03:39:21,488", "levelname": "ERROR", "name": "dineswift", "message": "Order creation failed: Calculation error", "exc_info": "Traceback (most recent call last):\n  File \"C:\\Users\\User\\bsse_software_projects\\year_3\\year_3_mobilenetwork_computing\\local_server\\src\\apps\\order_processing\\services.py\", line 40, in create_offline_order\n    subtotal = self.calculate_subtotal(order_data['items'])\n               ^^^^^^^^^^^^^^^^^^^^^^^^^^^^^^^^^^^^^^^^^^^^\n  File \"C:\\Users\\User\\AppData\\Local\\Programs\\Python\\Python312\\Lib\\unittest\\mock.py\", line 1134, in __call__\n    return self._mock_call(*args, **kwargs)\n           ^^^^^^^^^^^^^^^^^^^^^^^^^^^^^^^^\n  File \"C:\\Users\\User\\AppData\\Local\\Programs\\Python\\Python312\\Lib\\unittest\\mock.py\", line 1138, in _mock_call\n    return self._execute_mock_call(*args, **kwargs)\n           ^^^^^^^^^^^^^^^^^^^^^^^^^^^^^^^^^^^^^^^^\n  File \"C:\\Users\\User\\AppData\\Local\\Programs\\Python\\Python312\\Lib\\unittest\\mock.py\", line 1193, in _execute_mock_call\n    raise effect\nException: Calculation error"}
{"asctime": "2025-11-04 04:10:20,287", "levelname": "ERROR", "name": "dineswift", "message": "Order creation failed: Calculation error", "exc_info": "Traceback (most recent call last):\n  File \"C:\\Users\\User\\bsse_software_projects\\year_3\\year_3_mobilenetwork_computing\\local_server\\src\\apps\\order_processing\\services.py\", line 40, in create_offline_order\n    subtotal = self.calculate_subtotal(order_data['items'])\n               ^^^^^^^^^^^^^^^^^^^^^^^^^^^^^^^^^^^^^^^^^^^^\n  File \"C:\\Users\\User\\AppData\\Local\\Programs\\Python\\Python312\\Lib\\unittest\\mock.py\", line 1134, in __call__\n    return self._mock_call(*args, **kwargs)\n           ^^^^^^^^^^^^^^^^^^^^^^^^^^^^^^^^\n  File \"C:\\Users\\User\\AppData\\Local\\Programs\\Python\\Python312\\Lib\\unittest\\mock.py\", line 1138, in _mock_call\n    return self._execute_mock_call(*args, **kwargs)\n           ^^^^^^^^^^^^^^^^^^^^^^^^^^^^^^^^^^^^^^^^\n  File \"C:\\Users\\User\\AppData\\Local\\Programs\\Python\\Python312\\Lib\\unittest\\mock.py\", line 1193, in _execute_mock_call\n    raise effect\nException: Calculation error"}
{"asctime": "2025-11-04 11:39:48,680", "levelname": "ERROR", "name": "dineswift", "message": "Order creation failed: Calculation error", "exc_info": "Traceback (most recent call last):\n  File \"C:\\Users\\User\\bsse_software_projects\\year_3\\year_3_mobilenetwork_computing\\local_server\\src\\apps\\order_processing\\services.py\", line 40, in create_offline_order\n    subtotal = self.calculate_subtotal(order_data['items'])\n               ^^^^^^^^^^^^^^^^^^^^^^^^^^^^^^^^^^^^^^^^^^^^\n  File \"C:\\Users\\User\\AppData\\Local\\Programs\\Python\\Python312\\Lib\\unittest\\mock.py\", line 1134, in __call__\n    return self._mock_call(*args, **kwargs)\n           ^^^^^^^^^^^^^^^^^^^^^^^^^^^^^^^^\n  File \"C:\\Users\\User\\AppData\\Local\\Programs\\Python\\Python312\\Lib\\unittest\\mock.py\", line 1138, in _mock_call\n    return self._execute_mock_call(*args, **kwargs)\n           ^^^^^^^^^^^^^^^^^^^^^^^^^^^^^^^^^^^^^^^^\n  File \"C:\\Users\\User\\AppData\\Local\\Programs\\Python\\Python312\\Lib\\unittest\\mock.py\", line 1193, in _execute_mock_call\n    raise effect\nException: Calculation error"}
{"asctime": "2025-11-04 14:54:32,435", "levelname": "ERROR", "name": "dineswift", "message": "Unhandled exception: Error 11001 connecting to redis:6379. getaddrinfo failed.", "exc_info": "Traceback (most recent call last):\n  File \"C:\\Users\\User\\bsse_software_projects\\year_3\\year_3_mobilenetwork_computing\\local_server\\myenv_local\\Lib\\site-packages\\django_redis\\cache.py\", line 29, in _decorator\n    return method(self, *args, **kwargs)\n           ^^^^^^^^^^^^^^^^^^^^^^^^^^^^^\n  File \"C:\\Users\\User\\bsse_software_projects\\year_3\\year_3_mobilenetwork_computing\\local_server\\myenv_local\\Lib\\site-packages\\django_redis\\cache.py\", line 99, in _get\n    return self.client.get(key, default=default, version=version, client=client)\n           ^^^^^^^^^^^^^^^^^^^^^^^^^^^^^^^^^^^^^^^^^^^^^^^^^^^^^^^^^^^^^^^^^^^^^\n  File \"C:\\Users\\User\\bsse_software_projects\\year_3\\year_3_mobilenetwork_computing\\local_server\\myenv_local\\Lib\\site-packages\\django_redis\\client\\default.py\", line 300, in get\n    raise ConnectionInterrupted(connection=client) from e\ndjango_redis.exceptions.ConnectionInterrupted: Redis ConnectionError: Error 11001 connecting to redis:6379. getaddrinfo failed.\n\nDuring handling of the above exception, another exception occurred:\n\nTraceback (most recent call last):\n  File \"C:\\Users\\User\\bsse_software_projects\\year_3\\year_3_mobilenetwork_computing\\local_server\\myenv_local\\Lib\\site-packages\\rest_framework\\views.py\", line 503, in dispatch\n    self.initial(request, *args, **kwargs)\n  File \"C:\\Users\\User\\bsse_software_projects\\year_3\\year_3_mobilenetwork_computing\\local_server\\myenv_local\\Lib\\site-packages\\rest_framework\\views.py\", line 422, in initial\n    self.check_throttles(request)\n  File \"C:\\Users\\User\\bsse_software_projects\\year_3\\year_3_mobilenetwork_computing\\local_server\\myenv_local\\Lib\\site-packages\\rest_framework\\views.py\", line 365, in check_throttles\n    if not throttle.allow_request(request, self):\n           ^^^^^^^^^^^^^^^^^^^^^^^^^^^^^^^^^^^^^\n  File \"C:\\Users\\User\\bsse_software_projects\\year_3\\year_3_mobilenetwork_computing\\local_server\\myenv_local\\Lib\\site-packages\\rest_framework\\throttling.py\", line 123, in allow_request\n    self.history = self.cache.get(self.key, [])\n                   ^^^^^^^^^^^^^^^^^^^^^^^^^^^^\n  File \"C:\\Users\\User\\bsse_software_projects\\year_3\\year_3_mobilenetwork_computing\\local_server\\myenv_local\\Lib\\site-packages\\django_redis\\cache.py\", line 92, in get\n    value = self._get(key, default, version, client)\n            ^^^^^^^^^^^^^^^^^^^^^^^^^^^^^^^^^^^^^^^^\n  File \"C:\\Users\\User\\bsse_software_projects\\year_3\\year_3_mobilenetwork_computing\\local_server\\myenv_local\\Lib\\site-packages\\django_redis\\cache.py\", line 36, in _decorator\n    raise e.__cause__  # noqa: B904\n    ^^^^^^^^^^^^^^^^^\n  File \"C:\\Users\\User\\bsse_software_projects\\year_3\\year_3_mobilenetwork_computing\\local_server\\myenv_local\\Lib\\site-packages\\django_redis\\client\\default.py\", line 298, in get\n    value = client.get(key)\n            ^^^^^^^^^^^^^^^\n  File \"C:\\Users\\User\\bsse_software_projects\\year_3\\year_3_mobilenetwork_computing\\local_server\\myenv_local\\Lib\\site-packages\\redis\\commands\\core.py\", line 1834, in get\n    return self.execute_command(\"GET\", name, keys=[name])\n           ^^^^^^^^^^^^^^^^^^^^^^^^^^^^^^^^^^^^^^^^^^^^^^\n  File \"C:\\Users\\User\\bsse_software_projects\\year_3\\year_3_mobilenetwork_computing\\local_server\\myenv_local\\Lib\\site-packages\\redis\\client.py\", line 657, in execute_command\n    return self._execute_command(*args, **options)\n           ^^^^^^^^^^^^^^^^^^^^^^^^^^^^^^^^^^^^^^^\n  File \"C:\\Users\\User\\bsse_software_projects\\year_3\\year_3_mobilenetwork_computing\\local_server\\myenv_local\\Lib\\site-packages\\redis\\client.py\", line 663, in _execute_command\n    conn = self.connection or pool.get_connection()\n                              ^^^^^^^^^^^^^^^^^^^^^\n  File \"C:\\Users\\User\\bsse_software_projects\\year_3\\year_3_mobilenetwork_computing\\local_server\\myenv_local\\Lib\\site-packages\\redis\\utils.py\", line 196, in wrapper\n    return func(*args, **kwargs)\n           ^^^^^^^^^^^^^^^^^^^^^\n  File \"C:\\Users\\User\\bsse_software_projects\\year_3\\year_3_mobilenetwork_computing\\local_server\\myenv_local\\Lib\\site-packages\\redis\\connection.py\", line 2601, in get_connection\n    connection.connect()\n  File \"C:\\Users\\User\\bsse_software_projects\\year_3\\year_3_mobilenetwork_computing\\local_server\\myenv_local\\Lib\\site-packages\\redis\\connection.py\", line 846, in connect\n    self.connect_check_health(check_health=True)\n  File \"C:\\Users\\User\\bsse_software_projects\\year_3\\year_3_mobilenetwork_computing\\local_server\\myenv_local\\Lib\\site-packages\\redis\\connection.py\", line 863, in connect_check_health\n    raise ConnectionError(self._error_message(e))\nredis.exceptions.ConnectionError: Error 11001 connecting to redis:6379. getaddrinfo failed."}
{"asctime": "2025-11-04 14:54:37,524", "levelname": "ERROR", "name": "dineswift", "message": "Unhandled exception: Error 11001 connecting to redis:6379. getaddrinfo failed.", "exc_info": "Traceback (most recent call last):\n  File \"C:\\Users\\User\\bsse_software_projects\\year_3\\year_3_mobilenetwork_computing\\local_server\\myenv_local\\Lib\\site-packages\\django_redis\\cache.py\", line 29, in _decorator\n    return method(self, *args, **kwargs)\n           ^^^^^^^^^^^^^^^^^^^^^^^^^^^^^\n  File \"C:\\Users\\User\\bsse_software_projects\\year_3\\year_3_mobilenetwork_computing\\local_server\\myenv_local\\Lib\\site-packages\\django_redis\\cache.py\", line 99, in _get\n    return self.client.get(key, default=default, version=version, client=client)\n           ^^^^^^^^^^^^^^^^^^^^^^^^^^^^^^^^^^^^^^^^^^^^^^^^^^^^^^^^^^^^^^^^^^^^^\n  File \"C:\\Users\\User\\bsse_software_projects\\year_3\\year_3_mobilenetwork_computing\\local_server\\myenv_local\\Lib\\site-packages\\django_redis\\client\\default.py\", line 300, in get\n    raise ConnectionInterrupted(connection=client) from e\ndjango_redis.exceptions.ConnectionInterrupted: Redis ConnectionError: Error 11001 connecting to redis:6379. getaddrinfo failed.\n\nDuring handling of the above exception, another exception occurred:\n\nTraceback (most recent call last):\n  File \"C:\\Users\\User\\bsse_software_projects\\year_3\\year_3_mobilenetwork_computing\\local_server\\myenv_local\\Lib\\site-packages\\rest_framework\\views.py\", line 503, in dispatch\n    self.initial(request, *args, **kwargs)\n  File \"C:\\Users\\User\\bsse_software_projects\\year_3\\year_3_mobilenetwork_computing\\local_server\\myenv_local\\Lib\\site-packages\\rest_framework\\views.py\", line 422, in initial\n    self.check_throttles(request)\n  File \"C:\\Users\\User\\bsse_software_projects\\year_3\\year_3_mobilenetwork_computing\\local_server\\myenv_local\\Lib\\site-packages\\rest_framework\\views.py\", line 365, in check_throttles\n    if not throttle.allow_request(request, self):\n           ^^^^^^^^^^^^^^^^^^^^^^^^^^^^^^^^^^^^^\n  File \"C:\\Users\\User\\bsse_software_projects\\year_3\\year_3_mobilenetwork_computing\\local_server\\myenv_local\\Lib\\site-packages\\rest_framework\\throttling.py\", line 123, in allow_request\n    self.history = self.cache.get(self.key, [])\n                   ^^^^^^^^^^^^^^^^^^^^^^^^^^^^\n  File \"C:\\Users\\User\\bsse_software_projects\\year_3\\year_3_mobilenetwork_computing\\local_server\\myenv_local\\Lib\\site-packages\\django_redis\\cache.py\", line 92, in get\n    value = self._get(key, default, version, client)\n            ^^^^^^^^^^^^^^^^^^^^^^^^^^^^^^^^^^^^^^^^\n  File \"C:\\Users\\User\\bsse_software_projects\\year_3\\year_3_mobilenetwork_computing\\local_server\\myenv_local\\Lib\\site-packages\\django_redis\\cache.py\", line 36, in _decorator\n    raise e.__cause__  # noqa: B904\n    ^^^^^^^^^^^^^^^^^\n  File \"C:\\Users\\User\\bsse_software_projects\\year_3\\year_3_mobilenetwork_computing\\local_server\\myenv_local\\Lib\\site-packages\\django_redis\\client\\default.py\", line 298, in get\n    value = client.get(key)\n            ^^^^^^^^^^^^^^^\n  File \"C:\\Users\\User\\bsse_software_projects\\year_3\\year_3_mobilenetwork_computing\\local_server\\myenv_local\\Lib\\site-packages\\redis\\commands\\core.py\", line 1834, in get\n    return self.execute_command(\"GET\", name, keys=[name])\n           ^^^^^^^^^^^^^^^^^^^^^^^^^^^^^^^^^^^^^^^^^^^^^^\n  File \"C:\\Users\\User\\bsse_software_projects\\year_3\\year_3_mobilenetwork_computing\\local_server\\myenv_local\\Lib\\site-packages\\redis\\client.py\", line 657, in execute_command\n    return self._execute_command(*args, **options)\n           ^^^^^^^^^^^^^^^^^^^^^^^^^^^^^^^^^^^^^^^\n  File \"C:\\Users\\User\\bsse_software_projects\\year_3\\year_3_mobilenetwork_computing\\local_server\\myenv_local\\Lib\\site-packages\\redis\\client.py\", line 663, in _execute_command\n    conn = self.connection or pool.get_connection()\n                              ^^^^^^^^^^^^^^^^^^^^^\n  File \"C:\\Users\\User\\bsse_software_projects\\year_3\\year_3_mobilenetwork_computing\\local_server\\myenv_local\\Lib\\site-packages\\redis\\utils.py\", line 196, in wrapper\n    return func(*args, **kwargs)\n           ^^^^^^^^^^^^^^^^^^^^^\n  File \"C:\\Users\\User\\bsse_software_projects\\year_3\\year_3_mobilenetwork_computing\\local_server\\myenv_local\\Lib\\site-packages\\redis\\connection.py\", line 2601, in get_connection\n    connection.connect()\n  File \"C:\\Users\\User\\bsse_software_projects\\year_3\\year_3_mobilenetwork_computing\\local_server\\myenv_local\\Lib\\site-packages\\redis\\connection.py\", line 846, in connect\n    self.connect_check_health(check_health=True)\n  File \"C:\\Users\\User\\bsse_software_projects\\year_3\\year_3_mobilenetwork_computing\\local_server\\myenv_local\\Lib\\site-packages\\redis\\connection.py\", line 863, in connect_check_health\n    raise ConnectionError(self._error_message(e))\nredis.exceptions.ConnectionError: Error 11001 connecting to redis:6379. getaddrinfo failed."}
{"asctime": "2025-11-04 14:54:45,572", "levelname": "ERROR", "name": "dineswift", "message": "Unhandled exception: Error 11001 connecting to redis:6379. getaddrinfo failed.", "exc_info": "Traceback (most recent call last):\n  File \"C:\\Users\\User\\bsse_software_projects\\year_3\\year_3_mobilenetwork_computing\\local_server\\myenv_local\\Lib\\site-packages\\django_redis\\cache.py\", line 29, in _decorator\n    return method(self, *args, **kwargs)\n           ^^^^^^^^^^^^^^^^^^^^^^^^^^^^^\n  File \"C:\\Users\\User\\bsse_software_projects\\year_3\\year_3_mobilenetwork_computing\\local_server\\myenv_local\\Lib\\site-packages\\django_redis\\cache.py\", line 99, in _get\n    return self.client.get(key, default=default, version=version, client=client)\n           ^^^^^^^^^^^^^^^^^^^^^^^^^^^^^^^^^^^^^^^^^^^^^^^^^^^^^^^^^^^^^^^^^^^^^\n  File \"C:\\Users\\User\\bsse_software_projects\\year_3\\year_3_mobilenetwork_computing\\local_server\\myenv_local\\Lib\\site-packages\\django_redis\\client\\default.py\", line 300, in get\n    raise ConnectionInterrupted(connection=client) from e\ndjango_redis.exceptions.ConnectionInterrupted: Redis ConnectionError: Error 11001 connecting to redis:6379. getaddrinfo failed.\n\nDuring handling of the above exception, another exception occurred:\n\nTraceback (most recent call last):\n  File \"C:\\Users\\User\\bsse_software_projects\\year_3\\year_3_mobilenetwork_computing\\local_server\\myenv_local\\Lib\\site-packages\\rest_framework\\views.py\", line 503, in dispatch\n    self.initial(request, *args, **kwargs)\n  File \"C:\\Users\\User\\bsse_software_projects\\year_3\\year_3_mobilenetwork_computing\\local_server\\myenv_local\\Lib\\site-packages\\rest_framework\\views.py\", line 422, in initial\n    self.check_throttles(request)\n  File \"C:\\Users\\User\\bsse_software_projects\\year_3\\year_3_mobilenetwork_computing\\local_server\\myenv_local\\Lib\\site-packages\\rest_framework\\views.py\", line 365, in check_throttles\n    if not throttle.allow_request(request, self):\n           ^^^^^^^^^^^^^^^^^^^^^^^^^^^^^^^^^^^^^\n  File \"C:\\Users\\User\\bsse_software_projects\\year_3\\year_3_mobilenetwork_computing\\local_server\\myenv_local\\Lib\\site-packages\\rest_framework\\throttling.py\", line 123, in allow_request\n    self.history = self.cache.get(self.key, [])\n                   ^^^^^^^^^^^^^^^^^^^^^^^^^^^^\n  File \"C:\\Users\\User\\bsse_software_projects\\year_3\\year_3_mobilenetwork_computing\\local_server\\myenv_local\\Lib\\site-packages\\django_redis\\cache.py\", line 92, in get\n    value = self._get(key, default, version, client)\n            ^^^^^^^^^^^^^^^^^^^^^^^^^^^^^^^^^^^^^^^^\n  File \"C:\\Users\\User\\bsse_software_projects\\year_3\\year_3_mobilenetwork_computing\\local_server\\myenv_local\\Lib\\site-packages\\django_redis\\cache.py\", line 36, in _decorator\n    raise e.__cause__  # noqa: B904\n    ^^^^^^^^^^^^^^^^^\n  File \"C:\\Users\\User\\bsse_software_projects\\year_3\\year_3_mobilenetwork_computing\\local_server\\myenv_local\\Lib\\site-packages\\django_redis\\client\\default.py\", line 298, in get\n    value = client.get(key)\n            ^^^^^^^^^^^^^^^\n  File \"C:\\Users\\User\\bsse_software_projects\\year_3\\year_3_mobilenetwork_computing\\local_server\\myenv_local\\Lib\\site-packages\\redis\\commands\\core.py\", line 1834, in get\n    return self.execute_command(\"GET\", name, keys=[name])\n           ^^^^^^^^^^^^^^^^^^^^^^^^^^^^^^^^^^^^^^^^^^^^^^\n  File \"C:\\Users\\User\\bsse_software_projects\\year_3\\year_3_mobilenetwork_computing\\local_server\\myenv_local\\Lib\\site-packages\\redis\\client.py\", line 657, in execute_command\n    return self._execute_command(*args, **options)\n           ^^^^^^^^^^^^^^^^^^^^^^^^^^^^^^^^^^^^^^^\n  File \"C:\\Users\\User\\bsse_software_projects\\year_3\\year_3_mobilenetwork_computing\\local_server\\myenv_local\\Lib\\site-packages\\redis\\client.py\", line 663, in _execute_command\n    conn = self.connection or pool.get_connection()\n                              ^^^^^^^^^^^^^^^^^^^^^\n  File \"C:\\Users\\User\\bsse_software_projects\\year_3\\year_3_mobilenetwork_computing\\local_server\\myenv_local\\Lib\\site-packages\\redis\\utils.py\", line 196, in wrapper\n    return func(*args, **kwargs)\n           ^^^^^^^^^^^^^^^^^^^^^\n  File \"C:\\Users\\User\\bsse_software_projects\\year_3\\year_3_mobilenetwork_computing\\local_server\\myenv_local\\Lib\\site-packages\\redis\\connection.py\", line 2601, in get_connection\n    connection.connect()\n  File \"C:\\Users\\User\\bsse_software_projects\\year_3\\year_3_mobilenetwork_computing\\local_server\\myenv_local\\Lib\\site-packages\\redis\\connection.py\", line 846, in connect\n    self.connect_check_health(check_health=True)\n  File \"C:\\Users\\User\\bsse_software_projects\\year_3\\year_3_mobilenetwork_computing\\local_server\\myenv_local\\Lib\\site-packages\\redis\\connection.py\", line 863, in connect_check_health\n    raise ConnectionError(self._error_message(e))\nredis.exceptions.ConnectionError: Error 11001 connecting to redis:6379. getaddrinfo failed."}
{"asctime": "2025-11-04 14:54:50,770", "levelname": "ERROR", "name": "dineswift", "message": "Unhandled exception: Error 11001 connecting to redis:6379. getaddrinfo failed.", "exc_info": "Traceback (most recent call last):\n  File \"C:\\Users\\User\\bsse_software_projects\\year_3\\year_3_mobilenetwork_computing\\local_server\\myenv_local\\Lib\\site-packages\\django_redis\\cache.py\", line 29, in _decorator\n    return method(self, *args, **kwargs)\n           ^^^^^^^^^^^^^^^^^^^^^^^^^^^^^\n  File \"C:\\Users\\User\\bsse_software_projects\\year_3\\year_3_mobilenetwork_computing\\local_server\\myenv_local\\Lib\\site-packages\\django_redis\\cache.py\", line 99, in _get\n    return self.client.get(key, default=default, version=version, client=client)\n           ^^^^^^^^^^^^^^^^^^^^^^^^^^^^^^^^^^^^^^^^^^^^^^^^^^^^^^^^^^^^^^^^^^^^^\n  File \"C:\\Users\\User\\bsse_software_projects\\year_3\\year_3_mobilenetwork_computing\\local_server\\myenv_local\\Lib\\site-packages\\django_redis\\client\\default.py\", line 300, in get\n    raise ConnectionInterrupted(connection=client) from e\ndjango_redis.exceptions.ConnectionInterrupted: Redis ConnectionError: Error 11001 connecting to redis:6379. getaddrinfo failed.\n\nDuring handling of the above exception, another exception occurred:\n\nTraceback (most recent call last):\n  File \"C:\\Users\\User\\bsse_software_projects\\year_3\\year_3_mobilenetwork_computing\\local_server\\myenv_local\\Lib\\site-packages\\rest_framework\\views.py\", line 503, in dispatch\n    self.initial(request, *args, **kwargs)\n  File \"C:\\Users\\User\\bsse_software_projects\\year_3\\year_3_mobilenetwork_computing\\local_server\\myenv_local\\Lib\\site-packages\\rest_framework\\views.py\", line 422, in initial\n    self.check_throttles(request)\n  File \"C:\\Users\\User\\bsse_software_projects\\year_3\\year_3_mobilenetwork_computing\\local_server\\myenv_local\\Lib\\site-packages\\rest_framework\\views.py\", line 365, in check_throttles\n    if not throttle.allow_request(request, self):\n           ^^^^^^^^^^^^^^^^^^^^^^^^^^^^^^^^^^^^^\n  File \"C:\\Users\\User\\bsse_software_projects\\year_3\\year_3_mobilenetwork_computing\\local_server\\myenv_local\\Lib\\site-packages\\rest_framework\\throttling.py\", line 123, in allow_request\n    self.history = self.cache.get(self.key, [])\n                   ^^^^^^^^^^^^^^^^^^^^^^^^^^^^\n  File \"C:\\Users\\User\\bsse_software_projects\\year_3\\year_3_mobilenetwork_computing\\local_server\\myenv_local\\Lib\\site-packages\\django_redis\\cache.py\", line 92, in get\n    value = self._get(key, default, version, client)\n            ^^^^^^^^^^^^^^^^^^^^^^^^^^^^^^^^^^^^^^^^\n  File \"C:\\Users\\User\\bsse_software_projects\\year_3\\year_3_mobilenetwork_computing\\local_server\\myenv_local\\Lib\\site-packages\\django_redis\\cache.py\", line 36, in _decorator\n    raise e.__cause__  # noqa: B904\n    ^^^^^^^^^^^^^^^^^\n  File \"C:\\Users\\User\\bsse_software_projects\\year_3\\year_3_mobilenetwork_computing\\local_server\\myenv_local\\Lib\\site-packages\\django_redis\\client\\default.py\", line 298, in get\n    value = client.get(key)\n            ^^^^^^^^^^^^^^^\n  File \"C:\\Users\\User\\bsse_software_projects\\year_3\\year_3_mobilenetwork_computing\\local_server\\myenv_local\\Lib\\site-packages\\redis\\commands\\core.py\", line 1834, in get\n    return self.execute_command(\"GET\", name, keys=[name])\n           ^^^^^^^^^^^^^^^^^^^^^^^^^^^^^^^^^^^^^^^^^^^^^^\n  File \"C:\\Users\\User\\bsse_software_projects\\year_3\\year_3_mobilenetwork_computing\\local_server\\myenv_local\\Lib\\site-packages\\redis\\client.py\", line 657, in execute_command\n    return self._execute_command(*args, **options)\n           ^^^^^^^^^^^^^^^^^^^^^^^^^^^^^^^^^^^^^^^\n  File \"C:\\Users\\User\\bsse_software_projects\\year_3\\year_3_mobilenetwork_computing\\local_server\\myenv_local\\Lib\\site-packages\\redis\\client.py\", line 663, in _execute_command\n    conn = self.connection or pool.get_connection()\n                              ^^^^^^^^^^^^^^^^^^^^^\n  File \"C:\\Users\\User\\bsse_software_projects\\year_3\\year_3_mobilenetwork_computing\\local_server\\myenv_local\\Lib\\site-packages\\redis\\utils.py\", line 196, in wrapper\n    return func(*args, **kwargs)\n           ^^^^^^^^^^^^^^^^^^^^^\n  File \"C:\\Users\\User\\bsse_software_projects\\year_3\\year_3_mobilenetwork_computing\\local_server\\myenv_local\\Lib\\site-packages\\redis\\connection.py\", line 2601, in get_connection\n    connection.connect()\n  File \"C:\\Users\\User\\bsse_software_projects\\year_3\\year_3_mobilenetwork_computing\\local_server\\myenv_local\\Lib\\site-packages\\redis\\connection.py\", line 846, in connect\n    self.connect_check_health(check_health=True)\n  File \"C:\\Users\\User\\bsse_software_projects\\year_3\\year_3_mobilenetwork_computing\\local_server\\myenv_local\\Lib\\site-packages\\redis\\connection.py\", line 863, in connect_check_health\n    raise ConnectionError(self._error_message(e))\nredis.exceptions.ConnectionError: Error 11001 connecting to redis:6379. getaddrinfo failed."}
{"asctime": "2025-11-04 20:15:31,838", "levelname": "ERROR", "name": "dineswift", "message": "Order creation failed: Invalid price for item: Test", "exc_info": "Traceback (most recent call last):\n  File \"C:\\Users\\User\\bsse_software_projects\\year_3\\year_3_mobilenetwork_computing\\local_server\\src\\apps\\order_processing\\services.py\", line 40, in create_offline_order\n    subtotal = self.calculate_subtotal(order_data['items'])\n               ^^^^^^^^^^^^^^^^^^^^^^^^^^^^^^^^^^^^^^^^^^^^\n  File \"C:\\Users\\User\\bsse_software_projects\\year_3\\year_3_mobilenetwork_computing\\local_server\\src\\apps\\order_processing\\services.py\", line 195, in calculate_subtotal\n    raise ValueError(f\"Invalid price for item: {item.get('name', 'Unknown')}\")\nValueError: Invalid price for item: Test"}
{"asctime": "2025-11-04 20:15:31,874", "levelname": "ERROR", "name": "dineswift", "message": "Order creation failed: Invalid quantity for item: Test", "exc_info": "Traceback (most recent call last):\n  File \"C:\\Users\\User\\bsse_software_projects\\year_3\\year_3_mobilenetwork_computing\\local_server\\src\\apps\\order_processing\\services.py\", line 40, in create_offline_order\n    subtotal = self.calculate_subtotal(order_data['items'])\n               ^^^^^^^^^^^^^^^^^^^^^^^^^^^^^^^^^^^^^^^^^^^^\n  File \"C:\\Users\\User\\bsse_software_projects\\year_3\\year_3_mobilenetwork_computing\\local_server\\src\\apps\\order_processing\\services.py\", line 197, in calculate_subtotal\n    raise ValueError(f\"Invalid quantity for item: {item.get('name', 'Unknown')}\")\nValueError: Invalid quantity for item: Test"}
{"asctime": "2025-11-04 20:15:31,902", "levelname": "ERROR", "name": "dineswift", "message": "Order not found: 00000000-0000-0000-0000-000000000999"}
{"asctime": "2025-11-04 20:15:45,754", "levelname": "ERROR", "name": "dineswift", "message": "Order creation failed: Calculation error", "exc_info": "Traceback (most recent call last):\n  File \"C:\\Users\\User\\bsse_software_projects\\year_3\\year_3_mobilenetwork_computing\\local_server\\src\\apps\\order_processing\\services.py\", line 40, in create_offline_order\n    subtotal = self.calculate_subtotal(order_data['items'])\n               ^^^^^^^^^^^^^^^^^^^^^^^^^^^^^^^^^^^^^^^^^^^^\n  File \"C:\\Users\\User\\AppData\\Local\\Programs\\Python\\Python312\\Lib\\unittest\\mock.py\", line 1134, in __call__\n    return self._mock_call(*args, **kwargs)\n           ^^^^^^^^^^^^^^^^^^^^^^^^^^^^^^^^\n  File \"C:\\Users\\User\\AppData\\Local\\Programs\\Python\\Python312\\Lib\\unittest\\mock.py\", line 1138, in _mock_call\n    return self._execute_mock_call(*args, **kwargs)\n           ^^^^^^^^^^^^^^^^^^^^^^^^^^^^^^^^^^^^^^^^\n  File \"C:\\Users\\User\\AppData\\Local\\Programs\\Python\\Python312\\Lib\\unittest\\mock.py\", line 1193, in _execute_mock_call\n    raise effect\nException: Calculation error"}
{"asctime": "2025-11-04 20:17:32,748", "levelname": "ERROR", "name": "dineswift", "message": "Order creation failed: Invalid price for item: Test", "exc_info": "Traceback (most recent call last):\n  File \"C:\\Users\\User\\bsse_software_projects\\year_3\\year_3_mobilenetwork_computing\\local_server\\src\\apps\\order_processing\\services.py\", line 40, in create_offline_order\n    subtotal = self.calculate_subtotal(order_data['items'])\n               ^^^^^^^^^^^^^^^^^^^^^^^^^^^^^^^^^^^^^^^^^^^^\n  File \"C:\\Users\\User\\bsse_software_projects\\year_3\\year_3_mobilenetwork_computing\\local_server\\src\\apps\\order_processing\\services.py\", line 195, in calculate_subtotal\n    raise ValueError(f\"Invalid price for item: {item.get('name', 'Unknown')}\")\nValueError: Invalid price for item: Test"}
{"asctime": "2025-11-04 20:17:32,759", "levelname": "ERROR", "name": "dineswift", "message": "Order creation failed: Invalid quantity for item: Test", "exc_info": "Traceback (most recent call last):\n  File \"C:\\Users\\User\\bsse_software_projects\\year_3\\year_3_mobilenetwork_computing\\local_server\\src\\apps\\order_processing\\services.py\", line 40, in create_offline_order\n    subtotal = self.calculate_subtotal(order_data['items'])\n               ^^^^^^^^^^^^^^^^^^^^^^^^^^^^^^^^^^^^^^^^^^^^\n  File \"C:\\Users\\User\\bsse_software_projects\\year_3\\year_3_mobilenetwork_computing\\local_server\\src\\apps\\order_processing\\services.py\", line 197, in calculate_subtotal\n    raise ValueError(f\"Invalid quantity for item: {item.get('name', 'Unknown')}\")\nValueError: Invalid quantity for item: Test"}
{"asctime": "2025-11-04 20:17:32,778", "levelname": "ERROR", "name": "dineswift", "message": "Order not found: 00000000-0000-0000-0000-000000000999"}
{"asctime": "2025-11-04 20:18:29,950", "levelname": "ERROR", "name": "dineswift", "message": "Order creation failed: Calculation error", "exc_info": "Traceback (most recent call last):\n  File \"C:\\Users\\User\\bsse_software_projects\\year_3\\year_3_mobilenetwork_computing\\local_server\\src\\apps\\order_processing\\services.py\", line 40, in create_offline_order\n    subtotal = self.calculate_subtotal(order_data['items'])\n               ^^^^^^^^^^^^^^^^^^^^^^^^^^^^^^^^^^^^^^^^^^^^\n  File \"C:\\Users\\User\\AppData\\Local\\Programs\\Python\\Python312\\Lib\\unittest\\mock.py\", line 1134, in __call__\n    return self._mock_call(*args, **kwargs)\n           ^^^^^^^^^^^^^^^^^^^^^^^^^^^^^^^^\n  File \"C:\\Users\\User\\AppData\\Local\\Programs\\Python\\Python312\\Lib\\unittest\\mock.py\", line 1138, in _mock_call\n    return self._execute_mock_call(*args, **kwargs)\n           ^^^^^^^^^^^^^^^^^^^^^^^^^^^^^^^^^^^^^^^^\n  File \"C:\\Users\\User\\AppData\\Local\\Programs\\Python\\Python312\\Lib\\unittest\\mock.py\", line 1193, in _execute_mock_call\n    raise effect\nException: Calculation error"}
{"asctime": "2025-11-04 20:26:37,216", "levelname": "ERROR", "name": "dineswift", "message": "Order creation failed: Invalid price for item: Test", "exc_info": "Traceback (most recent call last):\n  File \"C:\\Users\\User\\bsse_software_projects\\year_3\\year_3_mobilenetwork_computing\\local_server\\src\\apps\\order_processing\\services.py\", line 40, in create_offline_order\n    subtotal = self.calculate_subtotal(order_data['items'])\n               ^^^^^^^^^^^^^^^^^^^^^^^^^^^^^^^^^^^^^^^^^^^^\n  File \"C:\\Users\\User\\bsse_software_projects\\year_3\\year_3_mobilenetwork_computing\\local_server\\src\\apps\\order_processing\\services.py\", line 195, in calculate_subtotal\n    raise ValueError(f\"Invalid price for item: {item.get('name', 'Unknown')}\")\nValueError: Invalid price for item: Test"}
{"asctime": "2025-11-04 20:26:37,227", "levelname": "ERROR", "name": "dineswift", "message": "Order creation failed: Invalid quantity for item: Test", "exc_info": "Traceback (most recent call last):\n  File \"C:\\Users\\User\\bsse_software_projects\\year_3\\year_3_mobilenetwork_computing\\local_server\\src\\apps\\order_processing\\services.py\", line 40, in create_offline_order\n    subtotal = self.calculate_subtotal(order_data['items'])\n               ^^^^^^^^^^^^^^^^^^^^^^^^^^^^^^^^^^^^^^^^^^^^\n  File \"C:\\Users\\User\\bsse_software_projects\\year_3\\year_3_mobilenetwork_computing\\local_server\\src\\apps\\order_processing\\services.py\", line 197, in calculate_subtotal\n    raise ValueError(f\"Invalid quantity for item: {item.get('name', 'Unknown')}\")\nValueError: Invalid quantity for item: Test"}
{"asctime": "2025-11-04 20:26:37,246", "levelname": "ERROR", "name": "dineswift", "message": "Order not found: 00000000-0000-0000-0000-000000000999"}
{"asctime": "2025-11-04 20:33:18,264", "levelname": "ERROR", "name": "dineswift", "message": "Order creation failed: Invalid price for item: Test", "exc_info": "Traceback (most recent call last):\n  File \"C:\\Users\\User\\bsse_software_projects\\year_3\\year_3_mobilenetwork_computing\\local_server\\src\\apps\\order_processing\\services.py\", line 40, in create_offline_order\n    subtotal = self.calculate_subtotal(order_data['items'])\n               ^^^^^^^^^^^^^^^^^^^^^^^^^^^^^^^^^^^^^^^^^^^^\n  File \"C:\\Users\\User\\bsse_software_projects\\year_3\\year_3_mobilenetwork_computing\\local_server\\src\\apps\\order_processing\\services.py\", line 195, in calculate_subtotal\n    raise ValueError(f\"Invalid price for item: {item.get('name', 'Unknown')}\")\nValueError: Invalid price for item: Test"}
{"asctime": "2025-11-04 20:33:18,278", "levelname": "ERROR", "name": "dineswift", "message": "Order creation failed: Invalid quantity for item: Test", "exc_info": "Traceback (most recent call last):\n  File \"C:\\Users\\User\\bsse_software_projects\\year_3\\year_3_mobilenetwork_computing\\local_server\\src\\apps\\order_processing\\services.py\", line 40, in create_offline_order\n    subtotal = self.calculate_subtotal(order_data['items'])\n               ^^^^^^^^^^^^^^^^^^^^^^^^^^^^^^^^^^^^^^^^^^^^\n  File \"C:\\Users\\User\\bsse_software_projects\\year_3\\year_3_mobilenetwork_computing\\local_server\\src\\apps\\order_processing\\services.py\", line 197, in calculate_subtotal\n    raise ValueError(f\"Invalid quantity for item: {item.get('name', 'Unknown')}\")\nValueError: Invalid quantity for item: Test"}
{"asctime": "2025-11-04 20:33:18,304", "levelname": "ERROR", "name": "dineswift", "message": "Order not found: 00000000-0000-0000-0000-000000000999"}
{"asctime": "2025-11-04 20:49:27,127", "levelname": "ERROR", "name": "dineswift", "message": "Order creation failed: Item missing price or quantity", "exc_info": "Traceback (most recent call last):\n  File \"C:\\Users\\User\\bsse_software_projects\\year_3\\year_3_mobilenetwork_computing\\local_server\\src\\apps\\order_processing\\services.py\", line 40, in create_offline_order\n    subtotal = self.calculate_subtotal(order_data['items'])\n               ^^^^^^^^^^^^^^^^^^^^^^^^^^^^^^^^^^^^^^^^^^^^\n  File \"C:\\Users\\User\\bsse_software_projects\\year_3\\year_3_mobilenetwork_computing\\local_server\\src\\apps\\order_processing\\services.py\", line 188, in calculate_subtotal\n    raise ValueError(\"Item missing price or quantity\")\nValueError: Item missing price or quantity"}
{"asctime": "2025-11-04 20:49:27,198", "levelname": "ERROR", "name": "dineswift", "message": "Order creation failed: Item missing price or quantity", "exc_info": "Traceback (most recent call last):\n  File \"C:\\Users\\User\\bsse_software_projects\\year_3\\year_3_mobilenetwork_computing\\local_server\\src\\apps\\order_processing\\services.py\", line 40, in create_offline_order\n    subtotal = self.calculate_subtotal(order_data['items'])\n               ^^^^^^^^^^^^^^^^^^^^^^^^^^^^^^^^^^^^^^^^^^^^\n  File \"C:\\Users\\User\\bsse_software_projects\\year_3\\year_3_mobilenetwork_computing\\local_server\\src\\apps\\order_processing\\services.py\", line 188, in calculate_subtotal\n    raise ValueError(\"Item missing price or quantity\")\nValueError: Item missing price or quantity"}
{"asctime": "2025-11-04 20:49:27,261", "levelname": "ERROR", "name": "dineswift", "message": "Order creation failed: Item missing price or quantity", "exc_info": "Traceback (most recent call last):\n  File \"C:\\Users\\User\\bsse_software_projects\\year_3\\year_3_mobilenetwork_computing\\local_server\\src\\apps\\order_processing\\services.py\", line 40, in create_offline_order\n    subtotal = self.calculate_subtotal(order_data['items'])\n               ^^^^^^^^^^^^^^^^^^^^^^^^^^^^^^^^^^^^^^^^^^^^\n  File \"C:\\Users\\User\\bsse_software_projects\\year_3\\year_3_mobilenetwork_computing\\local_server\\src\\apps\\order_processing\\services.py\", line 188, in calculate_subtotal\n    raise ValueError(\"Item missing price or quantity\")\nValueError: Item missing price or quantity"}
{"asctime": "2025-11-04 20:49:27,317", "levelname": "ERROR", "name": "dineswift", "message": "Order creation failed: Item missing price or quantity", "exc_info": "Traceback (most recent call last):\n  File \"C:\\Users\\User\\bsse_software_projects\\year_3\\year_3_mobilenetwork_computing\\local_server\\src\\apps\\order_processing\\services.py\", line 40, in create_offline_order\n    subtotal = self.calculate_subtotal(order_data['items'])\n               ^^^^^^^^^^^^^^^^^^^^^^^^^^^^^^^^^^^^^^^^^^^^\n  File \"C:\\Users\\User\\bsse_software_projects\\year_3\\year_3_mobilenetwork_computing\\local_server\\src\\apps\\order_processing\\services.py\", line 188, in calculate_subtotal\n    raise ValueError(\"Item missing price or quantity\")\nValueError: Item missing price or quantity"}
{"asctime": "2025-11-04 20:49:27,415", "levelname": "ERROR", "name": "dineswift", "message": "Order creation failed: Item missing price or quantity", "exc_info": "Traceback (most recent call last):\n  File \"C:\\Users\\User\\bsse_software_projects\\year_3\\year_3_mobilenetwork_computing\\local_server\\src\\apps\\order_processing\\services.py\", line 40, in create_offline_order\n    subtotal = self.calculate_subtotal(order_data['items'])\n               ^^^^^^^^^^^^^^^^^^^^^^^^^^^^^^^^^^^^^^^^^^^^\n  File \"C:\\Users\\User\\bsse_software_projects\\year_3\\year_3_mobilenetwork_computing\\local_server\\src\\apps\\order_processing\\services.py\", line 188, in calculate_subtotal\n    raise ValueError(\"Item missing price or quantity\")\nValueError: Item missing price or quantity"}
{"asctime": "2025-11-04 20:49:27,486", "levelname": "ERROR", "name": "dineswift", "message": "Order creation failed: Item missing price or quantity", "exc_info": "Traceback (most recent call last):\n  File \"C:\\Users\\User\\bsse_software_projects\\year_3\\year_3_mobilenetwork_computing\\local_server\\src\\apps\\order_processing\\services.py\", line 40, in create_offline_order\n    subtotal = self.calculate_subtotal(order_data['items'])\n               ^^^^^^^^^^^^^^^^^^^^^^^^^^^^^^^^^^^^^^^^^^^^\n  File \"C:\\Users\\User\\bsse_software_projects\\year_3\\year_3_mobilenetwork_computing\\local_server\\src\\apps\\order_processing\\services.py\", line 188, in calculate_subtotal\n    raise ValueError(\"Item missing price or quantity\")\nValueError: Item missing price or quantity"}
{"asctime": "2025-11-04 20:49:27,497", "levelname": "ERROR", "name": "dineswift", "message": "Order creation failed: Item missing price or quantity", "exc_info": "Traceback (most recent call last):\n  File \"C:\\Users\\User\\bsse_software_projects\\year_3\\year_3_mobilenetwork_computing\\local_server\\src\\apps\\order_processing\\services.py\", line 40, in create_offline_order\n    subtotal = self.calculate_subtotal(order_data['items'])\n               ^^^^^^^^^^^^^^^^^^^^^^^^^^^^^^^^^^^^^^^^^^^^\n  File \"C:\\Users\\User\\bsse_software_projects\\year_3\\year_3_mobilenetwork_computing\\local_server\\src\\apps\\order_processing\\services.py\", line 188, in calculate_subtotal\n    raise ValueError(\"Item missing price or quantity\")\nValueError: Item missing price or quantity"}
{"asctime": "2025-11-04 20:49:27,529", "levelname": "ERROR", "name": "dineswift", "message": "Order not found: 00000000-0000-0000-0000-000000000999"}
{"asctime": "2025-11-04 20:49:27,551", "levelname": "ERROR", "name": "dineswift", "message": "Order creation failed: Item missing price or quantity", "exc_info": "Traceback (most recent call last):\n  File \"C:\\Users\\User\\bsse_software_projects\\year_3\\year_3_mobilenetwork_computing\\local_server\\src\\apps\\order_processing\\services.py\", line 40, in create_offline_order\n    subtotal = self.calculate_subtotal(order_data['items'])\n               ^^^^^^^^^^^^^^^^^^^^^^^^^^^^^^^^^^^^^^^^^^^^\n  File \"C:\\Users\\User\\bsse_software_projects\\year_3\\year_3_mobilenetwork_computing\\local_server\\src\\apps\\order_processing\\services.py\", line 188, in calculate_subtotal\n    raise ValueError(\"Item missing price or quantity\")\nValueError: Item missing price or quantity"}
{"asctime": "2025-11-04 21:03:01,436", "levelname": "ERROR", "name": "dineswift", "message": "Order creation failed: Invalid price for item: Test", "exc_info": "Traceback (most recent call last):\n  File \"C:\\Users\\User\\bsse_software_projects\\year_3\\year_3_mobilenetwork_computing\\local_server\\src\\apps\\order_processing\\services.py\", line 40, in create_offline_order\n    subtotal = self.calculate_subtotal(order_data['items'])\n               ^^^^^^^^^^^^^^^^^^^^^^^^^^^^^^^^^^^^^^^^^^^^\n  File \"C:\\Users\\User\\bsse_software_projects\\year_3\\year_3_mobilenetwork_computing\\local_server\\src\\apps\\order_processing\\services.py\", line 195, in calculate_subtotal\n    raise ValueError(f\"Invalid price for item: {item.get('name', 'Unknown')}\")\nValueError: Invalid price for item: Test"}
{"asctime": "2025-11-04 21:03:01,451", "levelname": "ERROR", "name": "dineswift", "message": "Order creation failed: Invalid quantity for item: Test", "exc_info": "Traceback (most recent call last):\n  File \"C:\\Users\\User\\bsse_software_projects\\year_3\\year_3_mobilenetwork_computing\\local_server\\src\\apps\\order_processing\\services.py\", line 40, in create_offline_order\n    subtotal = self.calculate_subtotal(order_data['items'])\n               ^^^^^^^^^^^^^^^^^^^^^^^^^^^^^^^^^^^^^^^^^^^^\n  File \"C:\\Users\\User\\bsse_software_projects\\year_3\\year_3_mobilenetwork_computing\\local_server\\src\\apps\\order_processing\\services.py\", line 197, in calculate_subtotal\n    raise ValueError(f\"Invalid quantity for item: {item.get('name', 'Unknown')}\")\nValueError: Invalid quantity for item: Test"}
{"asctime": "2025-11-04 21:03:01,472", "levelname": "ERROR", "name": "dineswift", "message": "Order not found: 00000000-0000-0000-0000-000000000999"}
{"asctime": "2025-11-04 21:09:51,081", "levelname": "ERROR", "name": "dineswift", "message": "Order creation failed: Invalid price for item: Test", "exc_info": "Traceback (most recent call last):\n  File \"C:\\Users\\User\\bsse_software_projects\\year_3\\year_3_mobilenetwork_computing\\local_server\\src\\apps\\order_processing\\services.py\", line 40, in create_offline_order\n    subtotal = self.calculate_subtotal(order_data['items'])\n               ^^^^^^^^^^^^^^^^^^^^^^^^^^^^^^^^^^^^^^^^^^^^\n  File \"C:\\Users\\User\\bsse_software_projects\\year_3\\year_3_mobilenetwork_computing\\local_server\\src\\apps\\order_processing\\services.py\", line 195, in calculate_subtotal\n    raise ValueError(f\"Invalid price for item: {item.get('name', 'Unknown')}\")\nValueError: Invalid price for item: Test"}
{"asctime": "2025-11-04 21:09:51,092", "levelname": "ERROR", "name": "dineswift", "message": "Order creation failed: Invalid quantity for item: Test", "exc_info": "Traceback (most recent call last):\n  File \"C:\\Users\\User\\bsse_software_projects\\year_3\\year_3_mobilenetwork_computing\\local_server\\src\\apps\\order_processing\\services.py\", line 40, in create_offline_order\n    subtotal = self.calculate_subtotal(order_data['items'])\n               ^^^^^^^^^^^^^^^^^^^^^^^^^^^^^^^^^^^^^^^^^^^^\n  File \"C:\\Users\\User\\bsse_software_projects\\year_3\\year_3_mobilenetwork_computing\\local_server\\src\\apps\\order_processing\\services.py\", line 197, in calculate_subtotal\n    raise ValueError(f\"Invalid quantity for item: {item.get('name', 'Unknown')}\")\nValueError: Invalid quantity for item: Test"}
{"asctime": "2025-11-04 21:09:51,120", "levelname": "ERROR", "name": "dineswift", "message": "Order not found: 00000000-0000-0000-0000-000000000999"}
{"asctime": "2025-11-04 21:18:29,607", "levelname": "ERROR", "name": "dineswift", "message": "Order creation failed: Invalid price for item: Test", "exc_info": "Traceback (most recent call last):\n  File \"C:\\Users\\User\\bsse_software_projects\\year_3\\year_3_mobilenetwork_computing\\local_server\\src\\apps\\order_processing\\services.py\", line 40, in create_offline_order\n    subtotal = self.calculate_subtotal(order_data['items'])\n               ^^^^^^^^^^^^^^^^^^^^^^^^^^^^^^^^^^^^^^^^^^^^\n  File \"C:\\Users\\User\\bsse_software_projects\\year_3\\year_3_mobilenetwork_computing\\local_server\\src\\apps\\order_processing\\services.py\", line 195, in calculate_subtotal\n    raise ValueError(f\"Invalid price for item: {item.get('name', 'Unknown')}\")\nValueError: Invalid price for item: Test"}
{"asctime": "2025-11-04 21:18:29,634", "levelname": "ERROR", "name": "dineswift", "message": "Order creation failed: Invalid quantity for item: Test", "exc_info": "Traceback (most recent call last):\n  File \"C:\\Users\\User\\bsse_software_projects\\year_3\\year_3_mobilenetwork_computing\\local_server\\src\\apps\\order_processing\\services.py\", line 40, in create_offline_order\n    subtotal = self.calculate_subtotal(order_data['items'])\n               ^^^^^^^^^^^^^^^^^^^^^^^^^^^^^^^^^^^^^^^^^^^^\n  File \"C:\\Users\\User\\bsse_software_projects\\year_3\\year_3_mobilenetwork_computing\\local_server\\src\\apps\\order_processing\\services.py\", line 197, in calculate_subtotal\n    raise ValueError(f\"Invalid quantity for item: {item.get('name', 'Unknown')}\")\nValueError: Invalid quantity for item: Test"}
{"asctime": "2025-11-04 21:18:29,653", "levelname": "ERROR", "name": "dineswift", "message": "Order not found: 00000000-0000-0000-0000-000000000999"}
{"asctime": "2025-11-04 21:30:17,741", "levelname": "ERROR", "name": "dineswift", "message": "Order creation failed: Invalid price for item: Test", "exc_info": "Traceback (most recent call last):\n  File \"C:\\Users\\User\\bsse_software_projects\\year_3\\year_3_mobilenetwork_computing\\local_server\\src\\apps\\order_processing\\services.py\", line 40, in create_offline_order\n    subtotal = self.calculate_subtotal(order_data['items'])\n               ^^^^^^^^^^^^^^^^^^^^^^^^^^^^^^^^^^^^^^^^^^^^\n  File \"C:\\Users\\User\\bsse_software_projects\\year_3\\year_3_mobilenetwork_computing\\local_server\\src\\apps\\order_processing\\services.py\", line 195, in calculate_subtotal\n    raise ValueError(f\"Invalid price for item: {item.get('name', 'Unknown')}\")\nValueError: Invalid price for item: Test"}
{"asctime": "2025-11-04 21:30:17,750", "levelname": "ERROR", "name": "dineswift", "message": "Order creation failed: Invalid quantity for item: Test", "exc_info": "Traceback (most recent call last):\n  File \"C:\\Users\\User\\bsse_software_projects\\year_3\\year_3_mobilenetwork_computing\\local_server\\src\\apps\\order_processing\\services.py\", line 40, in create_offline_order\n    subtotal = self.calculate_subtotal(order_data['items'])\n               ^^^^^^^^^^^^^^^^^^^^^^^^^^^^^^^^^^^^^^^^^^^^\n  File \"C:\\Users\\User\\bsse_software_projects\\year_3\\year_3_mobilenetwork_computing\\local_server\\src\\apps\\order_processing\\services.py\", line 197, in calculate_subtotal\n    raise ValueError(f\"Invalid quantity for item: {item.get('name', 'Unknown')}\")\nValueError: Invalid quantity for item: Test"}
{"asctime": "2025-11-04 21:30:17,850", "levelname": "ERROR", "name": "dineswift", "message": "Order not found: 00000000-0000-0000-0000-000000000999"}
{"asctime": "2025-11-04 21:36:38,188", "levelname": "ERROR", "name": "dineswift", "message": "Order creation failed: Invalid price for item: Test", "exc_info": "Traceback (most recent call last):\n  File \"C:\\Users\\User\\bsse_software_projects\\year_3\\year_3_mobilenetwork_computing\\local_server\\src\\apps\\order_processing\\services.py\", line 40, in create_offline_order\n    subtotal = self.calculate_subtotal(order_data['items'])\n               ^^^^^^^^^^^^^^^^^^^^^^^^^^^^^^^^^^^^^^^^^^^^\n  File \"C:\\Users\\User\\bsse_software_projects\\year_3\\year_3_mobilenetwork_computing\\local_server\\src\\apps\\order_processing\\services.py\", line 195, in calculate_subtotal\n    raise ValueError(f\"Invalid price for item: {item.get('name', 'Unknown')}\")\nValueError: Invalid price for item: Test"}
{"asctime": "2025-11-04 21:36:38,197", "levelname": "ERROR", "name": "dineswift", "message": "Order creation failed: Invalid quantity for item: Test", "exc_info": "Traceback (most recent call last):\n  File \"C:\\Users\\User\\bsse_software_projects\\year_3\\year_3_mobilenetwork_computing\\local_server\\src\\apps\\order_processing\\services.py\", line 40, in create_offline_order\n    subtotal = self.calculate_subtotal(order_data['items'])\n               ^^^^^^^^^^^^^^^^^^^^^^^^^^^^^^^^^^^^^^^^^^^^\n  File \"C:\\Users\\User\\bsse_software_projects\\year_3\\year_3_mobilenetwork_computing\\local_server\\src\\apps\\order_processing\\services.py\", line 197, in calculate_subtotal\n    raise ValueError(f\"Invalid quantity for item: {item.get('name', 'Unknown')}\")\nValueError: Invalid quantity for item: Test"}
{"asctime": "2025-11-04 21:36:38,302", "levelname": "ERROR", "name": "dineswift", "message": "Order not found: 00000000-0000-0000-0000-000000000999"}
{"asctime": "2025-11-05 19:23:43,901", "levelname": "ERROR", "name": "dineswift", "message": "Order creation failed: Invalid price for item: Test", "exc_info": "Traceback (most recent call last):\n  File \"C:\\Users\\User\\bsse_software_projects\\year_3\\year_3_mobilenetwork_computing\\local_server\\src\\apps\\order_processing\\services.py\", line 40, in create_offline_order\n    subtotal = self.calculate_subtotal(order_data['items'])\n               ^^^^^^^^^^^^^^^^^^^^^^^^^^^^^^^^^^^^^^^^^^^^\n  File \"C:\\Users\\User\\bsse_software_projects\\year_3\\year_3_mobilenetwork_computing\\local_server\\src\\apps\\order_processing\\services.py\", line 195, in calculate_subtotal\n    raise ValueError(f\"Invalid price for item: {item.get('name', 'Unknown')}\")\nValueError: Invalid price for item: Test"}
{"asctime": "2025-11-05 19:23:43,963", "levelname": "ERROR", "name": "dineswift", "message": "Order creation failed: Invalid quantity for item: Test", "exc_info": "Traceback (most recent call last):\n  File \"C:\\Users\\User\\bsse_software_projects\\year_3\\year_3_mobilenetwork_computing\\local_server\\src\\apps\\order_processing\\services.py\", line 40, in create_offline_order\n    subtotal = self.calculate_subtotal(order_data['items'])\n               ^^^^^^^^^^^^^^^^^^^^^^^^^^^^^^^^^^^^^^^^^^^^\n  File \"C:\\Users\\User\\bsse_software_projects\\year_3\\year_3_mobilenetwork_computing\\local_server\\src\\apps\\order_processing\\services.py\", line 197, in calculate_subtotal\n    raise ValueError(f\"Invalid quantity for item: {item.get('name', 'Unknown')}\")\nValueError: Invalid quantity for item: Test"}
{"asctime": "2025-11-05 19:23:43,963", "levelname": "ERROR", "name": "dineswift", "message": "Order not found: 00000000-0000-0000-0000-000000000999"}
{"asctime": "2025-11-05 19:24:12,863", "levelname": "ERROR", "name": "dineswift", "message": "Order creation failed: Invalid price for item: Test", "exc_info": "Traceback (most recent call last):\n  File \"C:\\Users\\User\\bsse_software_projects\\year_3\\year_3_mobilenetwork_computing\\local_server\\src\\apps\\order_processing\\services.py\", line 40, in create_offline_order\n    subtotal = self.calculate_subtotal(order_data['items'])\n               ^^^^^^^^^^^^^^^^^^^^^^^^^^^^^^^^^^^^^^^^^^^^\n  File \"C:\\Users\\User\\bsse_software_projects\\year_3\\year_3_mobilenetwork_computing\\local_server\\src\\apps\\order_processing\\services.py\", line 195, in calculate_subtotal\n    raise ValueError(f\"Invalid price for item: {item.get('name', 'Unknown')}\")\nValueError: Invalid price for item: Test"}
{"asctime": "2025-11-05 19:24:12,876", "levelname": "ERROR", "name": "dineswift", "message": "Order creation failed: Invalid quantity for item: Test", "exc_info": "Traceback (most recent call last):\n  File \"C:\\Users\\User\\bsse_software_projects\\year_3\\year_3_mobilenetwork_computing\\local_server\\src\\apps\\order_processing\\services.py\", line 40, in create_offline_order\n    subtotal = self.calculate_subtotal(order_data['items'])\n               ^^^^^^^^^^^^^^^^^^^^^^^^^^^^^^^^^^^^^^^^^^^^\n  File \"C:\\Users\\User\\bsse_software_projects\\year_3\\year_3_mobilenetwork_computing\\local_server\\src\\apps\\order_processing\\services.py\", line 197, in calculate_subtotal\n    raise ValueError(f\"Invalid quantity for item: {item.get('name', 'Unknown')}\")\nValueError: Invalid quantity for item: Test"}
{"asctime": "2025-11-05 19:24:12,896", "levelname": "ERROR", "name": "dineswift", "message": "Order not found: 00000000-0000-0000-0000-000000000999"}
{"asctime": "2025-11-05 19:24:29,219", "levelname": "ERROR", "name": "dineswift", "message": "Order creation failed: Calculation error", "exc_info": "Traceback (most recent call last):\n  File \"C:\\Users\\User\\bsse_software_projects\\year_3\\year_3_mobilenetwork_computing\\local_server\\src\\apps\\order_processing\\services.py\", line 40, in create_offline_order\n    subtotal = self.calculate_subtotal(order_data['items'])\n               ^^^^^^^^^^^^^^^^^^^^^^^^^^^^^^^^^^^^^^^^^^^^\n  File \"C:\\Users\\User\\AppData\\Local\\Programs\\Python\\Python312\\Lib\\unittest\\mock.py\", line 1134, in __call__\n    return self._mock_call(*args, **kwargs)\n           ^^^^^^^^^^^^^^^^^^^^^^^^^^^^^^^^\n  File \"C:\\Users\\User\\AppData\\Local\\Programs\\Python\\Python312\\Lib\\unittest\\mock.py\", line 1138, in _mock_call\n    return self._execute_mock_call(*args, **kwargs)\n           ^^^^^^^^^^^^^^^^^^^^^^^^^^^^^^^^^^^^^^^^\n  File \"C:\\Users\\User\\AppData\\Local\\Programs\\Python\\Python312\\Lib\\unittest\\mock.py\", line 1193, in _execute_mock_call\n    raise effect\nException: Calculation error"}
